Starting Dynare (version 6.4).
Calling Dynare with arguments: none
Starting preprocessing of the model file ... 
Found 40 equation(s). 
Evaluating expressions... 
Computing static model derivatives (order 1). 
Normalizing the static model... 
Finding the optimal block decomposition of the static model... 
11 block(s) found: 
  9 recursive block(s) and 2 simultaneous block(s). 
  the largest simultaneous block has 13 equation(s) 
                                 and 13 feedback variable(s). 
Computing dynamic model derivatives (order 2). 
Normalizing the dynamic model... 
Finding the optimal block decomposition of the dynamic model... 
4 block(s) found: 
  2 recursive block(s) and 2 simultaneous block(s). 
  the largest simultaneous block has 13 equation(s) 
                                 and 12 feedback variable(s). 
Preprocessing completed. 
Preprocessing time: 0h00m00s.
[警告: Some of the parameters have no value (ccs, cinvs, crdpi, crhoas, crhols) when using stoch_simul. If these parameters are not initialized in a
steadystate file or a steady_state_model-block, Dynare may not be able to solve the model. Note that simul, perfect_foresight_setup, and
perfect_foresight_solver do not automatically call the steady state file.] 

MODEL SUMMARY

  Number of variables:         40
  Number of stochastic shocks: 7
  Number of state variables:   20
  Number of jumpers:           12
  Number of static variables:  14


MATRIX OF COVARIANCE OF EXOGENOUS SHOCKS
Variables          ea        eb        eg       eqs        em     epinf        ew
ea           0.202500  0.000000  0.000000  0.000000  0.000000  0.000000  0.000000
eb           0.000000  0.057600  0.000000  0.000000  0.000000  0.000000  0.000000
eg           0.000000  0.000000  0.270400  0.000000  0.000000  0.000000  0.000000
eqs          0.000000  0.000000  0.000000  0.202500  0.000000  0.000000  0.000000
em           0.000000  0.000000  0.000000  0.000000  0.057600  0.000000  0.000000
epinf        0.000000  0.000000  0.000000  0.000000  0.000000  0.019600  0.000000
ew           0.000000  0.000000  0.000000  0.000000  0.000000  0.000000  0.057600

POLICY AND TRANSITION FUNCTIONS
                                   y               c            inve            pinf               r               w               k             lab
ewma(-1)                    2.122748        2.902015        2.068302       -3.712305       -0.932566       -3.079282       -0.602676        1.769118
epinfma(-1)                 1.969180        0.879468        5.508320       -3.341974       -0.825848        4.288362        2.407473        0.945275
yf(-1)                     -0.150460       -0.154038       -0.229376       -0.031325        0.172530       -0.027630       -0.059375       -0.101447
y(-1)                       0.150460        0.154038        0.229376        0.031325       -0.172530        0.027630        0.059375        0.101447
r(-1)                      -0.553966       -0.567139       -0.844519       -0.115332        0.635224       -0.101729       -0.218609       -0.373509
a(-1)                       0.210665        0.212028        0.832993       -0.133864       -0.171327        0.133377       -0.364513       -0.925796
b(-1)                       0.309531        0.376033        0.257911        0.013887        0.078158        0.033398        0.112415        0.210983
g(-1)                       0.920095       -0.097473       -0.254851        0.029403        0.055864        0.015765        0.299486        0.635290
qs(-1)                      0.467818       -0.041020        2.707668        0.056672        0.052879        0.046730        0.168346        0.319240
ms(-1)                     -0.092208       -0.093569       -0.143580       -0.019887        0.090642       -0.017266       -0.036526       -0.062139
spinf(-1)                  -2.394948       -1.069623       -6.699308        4.064563        1.004410       -5.215576       -2.928008       -1.149659
sw(-1)                     -2.339847       -3.198812       -2.279833        4.091972        1.027942        3.394209        0.664313       -1.950050
kpf(-1)                     0.010255        0.009232        0.020386        0.004666        0.006372        0.002019        0.004103        0.006901
kp(-1)                     -0.077100        0.047284       -0.040818       -0.025472       -0.027958        0.015608        0.469341       -0.169214
cf(-1)                      0.014080        0.019169        0.004174       -0.002357       -0.078274        0.000893        0.004853        0.009658
invef(-1)                   0.008446        0.009768        0.008792        0.000407       -0.023685        0.001159        0.003170        0.005733
c(-1)                       0.489888        0.727268       -0.078337        0.014456        0.120797        0.018878        0.163809        0.337228
inve(-1)                    0.154698        0.001890        0.840086        0.005791        0.038618        0.007965        0.052560        0.106296
pinf(-1)                   -0.058137       -0.076918       -0.146746        0.235761        0.077259        0.258333        0.088750       -0.065398
w(-1)                       0.022031       -0.039855       -0.088135        0.071785        0.032869        0.781185        0.331362       -0.060833
ea                          0.714999        0.170934        0.740214       -0.125147       -0.150396        0.148849       -0.223149       -0.633954
eb                          1.719617        2.089074        1.432837        0.077147        0.434210        0.185542        0.624529        1.172129
eg                          0.948551       -0.100487       -0.262733        0.030312        0.057591        0.016253        0.308748        0.654939
eqs                         0.658899       -0.057775        3.813617        0.079820        0.074478        0.065817        0.237108        0.449634
em                         -0.768402       -0.779740       -1.196504       -0.165722        0.755353       -0.143881       -0.304383       -0.517822
epinf                      -0.797232       -0.454637       -1.755071        1.684219        0.462094       -1.953312       -1.064837       -0.361551
ew                         -0.183905       -0.378173       -0.377727        0.521446        0.157867        1.739757        0.663795       -0.296725


THEORETICAL MOMENTS
VARIABLE         MEAN  STD. DEV.   VARIANCE
y              0.0000     5.3533    28.6576
c              0.0000     5.4178    29.3529
inve           0.0000    12.3832   153.3429
pinf           0.0000     0.5386     0.2901
r              0.0000     0.6036     0.3644
w              0.0000     2.6619     7.0856
k              0.0000     5.1852    26.8862
lab            0.0000     2.8539     8.1449



VARIANCE DECOMPOSITION (in percent)
            ea      eb      eg     eqs      em   epinf      ew
y        25.84    1.75    4.09    8.67    2.43    6.31   50.92
c         8.65    2.53    7.49    3.46    2.38    4.18   71.31
inve     16.65    0.22    5.75   47.60    1.25    5.98   22.54
pinf      4.55    0.70    1.17    4.08    4.94   28.64   55.92
r        11.30    7.72    4.32   20.58   16.27    7.01   32.80
w        26.61    0.50    1.06    8.30    2.33   38.83   22.38
k        18.03    0.40    4.39   29.70    1.34   10.47   35.68
lab       2.15    2.72    9.37    9.06    3.35    5.94   67.40



MATRIX OF CORRELATIONS
Variables          y        c     inve     pinf        r        w        k      lab
y             1.0000   0.8265   0.7883  -0.3649  -0.3592   0.3749   0.7471   0.8194
c             0.8265   1.0000   0.6627  -0.4869  -0.5545   0.2396   0.7888   0.6916
inve          0.7883   0.6627   1.0000  -0.1965  -0.1112   0.4192   0.6721   0.6129
pinf         -0.3649  -0.4869  -0.1965   1.0000   0.6608   0.2015  -0.2005  -0.3307
r            -0.3592  -0.5545  -0.1112   0.6608   1.0000   0.0624  -0.2239  -0.2330
w             0.3749   0.2396   0.4192   0.2015   0.0624   1.0000   0.6097   0.0047
k             0.7471   0.7888   0.6721  -0.2005  -0.2239   0.6097   1.0000   0.4825
lab           0.8194   0.6916   0.6129  -0.3307  -0.2330   0.0047   0.4825   1.0000



COEFFICIENTS OF AUTOCORRELATION
Order          1       2       3       4       5
y         0.9848  0.9614  0.9333  0.9024  0.8700
c         0.9922  0.9795  0.9643  0.9475  0.9294
inve      0.9814  0.9404  0.8869  0.8273  0.7658
pinf      0.8348  0.7209  0.6282  0.5496  0.4826
r         0.9027  0.7913  0.6903  0.6026  0.5275
w         0.9792  0.9514  0.9173  0.8784  0.8365
k         0.9957  0.9878  0.9768  0.9636  0.9486
lab       0.9728  0.9373  0.8983  0.8581  0.8179
Total computing time : 0h00m08s
Note: warning(s) encountered in MATLAB/Octave code
