Starting Dynare (version 6.4).
Calling Dynare with arguments: none
Starting preprocessing of the model file ... 
Substitution of endo lags >= 2: added 3 auxiliary variables and equations. 
Found 31 equation(s). 
Evaluating expressions... 
Computing static model derivatives (order 1). 
Normalizing the static model... 
Finding the optimal block decomposition of the static model... 
9 block(s) found: 
  7 recursive block(s) and 2 simultaneous block(s). 
  the largest simultaneous block has 10 equation(s) 
                                 and 10 feedback variable(s). 
Computing dynamic model derivatives (order 2). 
Normalizing the dynamic model... 
Finding the optimal block decomposition of the dynamic model... 
4 block(s) found: 
  2 recursive block(s) and 2 simultaneous block(s). 
  the largest simultaneous block has 13 equation(s) 
                                 and 13 feedback variable(s). 
Preprocessing completed. 
Preprocessing time: 0h00m00s.

STEADY-STATE RESULTS:

c                 		 0
y                 		 0
r                 		 0
q                 		 0
tot               		 0
cpi               		 0
pih               		 0
pif               		 0
lop               		 0
a                 		 0
dtot              		 0
dQ                		 0
mc                		 0
pi_st             		 0
y_st              		 0
r_st              		 0
z                 		 0
g                 		 0
rp                		 0
cps               		 0
PI_US             		 0
YGR_US            		 0
R_US              		 0
PI_AUS            		 0
dRER              		 0
R_AUS             		 0
YGR_AUS           		 0
dTOT              		 0
Initial value of the log posterior (or likelihood): -11063.6397
-----------------
f at the beginning of new iteration,     11063.6396678843
Predicted improvement:   201847.354054070
lambda =          1; f =        11079.3181439
lambda =    0.33333; f =        11064.2592089
lambda =    0.11111; f =         2050.6741038
lambda =   0.037037; f =         4233.4623446
Norm of dx     6.3537
----
Improvement on iteration 1 =     9012.965564068
-----------------
f at the beginning of new iteration,      2050.6741038160
Predicted improvement:     1321.644058542
lambda =          1; f =         2050.7731426
lambda =    0.33333; f =         2050.6778568
lambda =    0.11111; f =         1843.3615529
lambda =     0.2148; f =         2050.6743662
lambda =    0.14463; f =         1832.2688824
Norm of dx     0.5146
----
Improvement on iteration 2 =      218.405221418
-----------------
f at the beginning of new iteration,      1832.2688823981
Predicted improvement:      576.551520568
lambda =          1; f =         1506.7123582
lambda =    0.33333; f =         1573.6390081
Norm of dx    0.40748
----
Improvement on iteration 3 =      325.556524157
-----------------
f at the beginning of new iteration,      1506.7123582408
Predicted improvement:      125.260525788
lambda =          1; f =         1368.0531021
Norm of dx    0.13585
----
Improvement on iteration 4 =      138.659256177
-----------------
f at the beginning of new iteration,      1368.0531020642
Predicted improvement:       43.759190318
lambda =          1; f =         1368.0531475
lambda =    0.33333; f =         1341.1267440
lambda =    0.64439; f =         1320.7586312
lambda =     1.2457; f =         1368.0533187
lambda =     0.8388; f =         1368.0531043
lambda =    0.66161; f =         1319.8291357
lambda =    0.76285; f =         1315.3749559
lambda =    0.87957; f =         1368.0531101
lambda =    0.80755; f =         1368.0531023
lambda =     0.7672; f =         1315.2574822
lambda =    0.79116; f =         1314.9192088
lambda =    0.81587; f =         1368.0531027
lambda =    0.80096; f =         1368.0531021
lambda =    0.79214; f =         1314.9224082
Norm of dx    0.12821
Cliff.  Perturbing search direction.
Predicted improvement:       64.015392299
lambda =          1; f =         1368.0534790
lambda =    0.33333; f =         1330.3279043
lambda =    0.64439; f =         1368.0531134
lambda =     0.4339; f =         1321.2147482
lambda =    0.55011; f =         1313.2708503
lambda =    0.69744; f =         1368.0531353
lambda =    0.60488; f =         1368.0531046
lambda =    0.55535; f =         1313.0877320
lambda =    0.58456; f =         1368.0531025
lambda =    0.56686; f =         1312.8621651
lambda =    0.57741; f =         1368.0531022
lambda =    0.57106; f =         1368.0531021
Norm of dx     0.1761
Cliff again.  Try traversing
Predicted improvement:     9995.681973570
lambda =          1; f =        15111.1316248
lambda =    0.33333; f =         2769.6103040
lambda =    0.11111; f =         1492.0358189
lambda =   0.037037; f =         1375.7591748
lambda =   0.012346; f =         1368.2050299
lambda =  0.0041152; f =         1368.0560287
lambda =  0.0013717; f =         1372.4175524
lambda = 0.00045725; f =         1358.5216468
lambda = 0.00088394; f =         1358.9411580
Norm of dx     141.39
----
Improvement on iteration 5 =       55.190936950
back and forth on step length never finished
-----------------
f at the beginning of new iteration,      1312.8621651146
Predicted improvement:       43.759190318
lambda =          1; f =         1312.8632099
lambda =    0.33333; f =         1312.8622793
lambda =    0.11111; f =         1312.8621772
lambda =   0.037037; f =         1312.8621663
lambda =   0.012346; f =         1312.8621652
lambda =  0.0041152; f =         1312.8621651
lambda =  0.0013717; f =         1312.8618810
Norm of dx    0.12821
----
Improvement on iteration 6 =        0.000284163
-----------------
f at the beginning of new iteration,      1312.8618809519
Predicted improvement:      149.510058718
lambda =          1; f =         1324.0145441
lambda =    0.33333; f =         1310.3564035
lambda =    0.11111; f =         1308.7596753
lambda =   0.037037; f =         1309.6006125
lambda =   0.012346; f =         1310.8981152
Norm of dx      0.175
----
Improvement on iteration 7 =        4.102205684
-----------------
f at the beginning of new iteration,      1308.7596752676
Predicted improvement:       19.191177285
lambda =          1; f =         1276.5127459
lambda =     1.9332; f =         1259.7148968
Norm of dx   0.086633
----
Improvement on iteration 8 =       49.044778507
-----------------
f at the beginning of new iteration,      1259.7148967609
Predicted improvement:       13.632671080
lambda =          1; f =         1259.7152791
lambda =    0.33333; f =         1252.3348279
lambda =    0.64439; f =         1259.7149324
lambda =     0.4339; f =         1259.7148982
lambda =    0.34224; f =         1252.2676708
lambda =    0.39461; f =         1259.7148969
lambda =     0.3623; f =         1252.3034246
lambda =    0.38135; f =         1259.7148968
lambda =     0.3698; f =         1252.5158799
lambda =    0.37669; f =         1259.7148968
lambda =    0.37254; f =         1252.7003974
Norm of dx    0.10229
----
Improvement on iteration 9 =        7.447226001
warning: possible inaccuracy in H matrix
-----------------
f at the beginning of new iteration,      1252.2676707598
Predicted improvement:       42.226660387
lambda =          1; f =         1252.2711994
lambda =    0.33333; f =         1252.2678706
lambda =    0.11111; f =         1247.0471655
Norm of dx    0.27574
----
Improvement on iteration 10 =        5.220505295
-----------------
f at the beginning of new iteration,      1247.0471654653
Predicted improvement:       82.818469282
lambda =          1; f =         1247.0473015
lambda =    0.33333; f =         1202.7284330
lambda =    0.64439; f =         1182.6753784
Norm of dx    0.44486
----
Improvement on iteration 11 =       64.371787065
-----------------
f at the beginning of new iteration,      1182.6753783999
Predicted improvement:       24.706643921
lambda =          1; f =         1183.6753155
lambda =    0.33333; f =         1170.5374970
lambda =    0.64439; f =         1171.8718671
Norm of dx    0.11564
----
Improvement on iteration 12 =       12.137881383
-----------------
f at the beginning of new iteration,      1170.5374970164
Predicted improvement:        7.748737368
lambda =          1; f =         1165.0002579
Norm of dx   0.044125
----
Improvement on iteration 13 =        5.537239131
-----------------
f at the beginning of new iteration,      1165.0002578855
Predicted improvement:        9.680683407
lambda =          1; f =         1169.2625991
lambda =    0.33333; f =         1160.0615294
lambda =    0.64439; f =         1159.5832370
Norm of dx    0.10113
----
Improvement on iteration 14 =        5.417020909
-----------------
f at the beginning of new iteration,      1159.5832369766
Predicted improvement:        6.802872754
lambda =          1; f =         1156.2181352
lambda =    0.33333; f =         1156.3479388
lambda =    0.64439; f =         1155.3741135
Norm of dx   0.040829
----
Improvement on iteration 15 =        4.209123464
-----------------
f at the beginning of new iteration,      1155.3741135127
Predicted improvement:        3.165825998
lambda =          1; f =         1150.1877619
lambda =     1.9332; f =         1147.2655430
Norm of dx   0.034254
----
Improvement on iteration 16 =        8.108570477
-----------------
f at the beginning of new iteration,      1147.2655430357
Predicted improvement:        6.672057682
lambda =          1; f =         1138.5306266
Norm of dx    0.11801
----
Improvement on iteration 17 =        8.734916418
-----------------
f at the beginning of new iteration,      1138.5306266172
Predicted improvement:        3.457449491
lambda =          1; f =         1133.5271919
lambda =     1.9332; f =         1133.0703374
Norm of dx   0.077266
----
Improvement on iteration 18 =        5.460289198
-----------------
f at the beginning of new iteration,      1133.0703374190
Predicted improvement:        3.716585130
lambda =          1; f =         1128.5174440
Norm of dx   0.028724
----
Improvement on iteration 19 =        4.552893418
-----------------
f at the beginning of new iteration,      1128.5174440005
Predicted improvement:        2.047926368
lambda =          1; f =         1125.3278869
lambda =     1.9332; f =         1123.8288403
Norm of dx   0.040975
----
Improvement on iteration 20 =        4.688603681
-----------------
f at the beginning of new iteration,      1123.8288403191
Predicted improvement:        1.925544635
lambda =          1; f =         1120.7033389
lambda =     1.9332; f =         1119.1648187
Norm of dx   0.063337
----
Improvement on iteration 21 =        4.664021588
-----------------
f at the beginning of new iteration,      1119.1648187310
Predicted improvement:        2.056913245
lambda =          1; f =         1115.8620004
lambda =     1.9332; f =         1114.3295675
Norm of dx   0.059006
----
Improvement on iteration 22 =        4.835251198
-----------------
f at the beginning of new iteration,      1114.3295675326
Predicted improvement:        2.130258332
lambda =          1; f =         1111.3005520
lambda =     1.9332; f =         1111.1964165
Norm of dx   0.040532
----
Improvement on iteration 23 =        3.133151007
-----------------
f at the beginning of new iteration,      1111.1964165258
Predicted improvement:        1.897908243
lambda =          1; f =         1108.5440933
Norm of dx   0.017929
----
Improvement on iteration 24 =        2.652323219
-----------------
f at the beginning of new iteration,      1108.5440933070
Predicted improvement:        1.802375705
lambda =          1; f =         1105.9419270
lambda =     1.9332; f =         1105.3392270
Norm of dx   0.054819
----
Improvement on iteration 25 =        3.204866304
-----------------
f at the beginning of new iteration,      1105.3392270026
Predicted improvement:        0.926540100
lambda =          1; f =         1103.7692192
lambda =     1.9332; f =         1102.8155373
lambda =     3.7372; f =         1102.3879080
Norm of dx   0.019436
----
Improvement on iteration 26 =        2.951319022
-----------------
f at the beginning of new iteration,      1102.3879079810
Predicted improvement:        1.040433860
lambda =          1; f =         1100.7264063
lambda =     1.9332; f =         1100.0252783
Norm of dx   0.052329
----
Improvement on iteration 27 =        2.362629672
-----------------
f at the beginning of new iteration,      1100.0252783091
Predicted improvement:        1.022938569
lambda =          1; f =         1098.6337007
Norm of dx   0.037909
----
Improvement on iteration 28 =        1.391577595
-----------------
f at the beginning of new iteration,      1098.6337007143
Predicted improvement:        1.024769963
lambda =          1; f =         1097.2116748
Norm of dx   0.042596
----
Improvement on iteration 29 =        1.422025921
-----------------
f at the beginning of new iteration,      1097.2116747929
Predicted improvement:        0.878281862
lambda =          1; f =         1095.9984442
Norm of dx   0.034392
----
Improvement on iteration 30 =        1.213230552
-----------------
f at the beginning of new iteration,      1095.9984442405
Predicted improvement:        0.651722791
lambda =          1; f =         1095.1199765
Norm of dx   0.050433
----
Improvement on iteration 31 =        0.878467754
-----------------
f at the beginning of new iteration,      1095.1199764862
Predicted improvement:        0.689376606
lambda =          1; f =         1094.3837360
Norm of dx   0.032455
----
Improvement on iteration 32 =        0.736240468
-----------------
f at the beginning of new iteration,      1094.3837360182
Predicted improvement:        0.558535739
lambda =          1; f =         1093.5277512
lambda =     1.9332; f =         1093.2153412
Norm of dx    0.05709
----
Improvement on iteration 33 =        1.168394787
-----------------
f at the beginning of new iteration,      1093.2153412307
Predicted improvement:        0.558771408
lambda =          1; f =         1092.3022534
lambda =     1.9332; f =         1091.8238418
Norm of dx   0.031417
----
Improvement on iteration 34 =        1.391499449
-----------------
f at the beginning of new iteration,      1091.8238417822
Predicted improvement:        0.463767107
lambda =          1; f =         1091.1857432
Norm of dx   0.034379
----
Improvement on iteration 35 =        0.638098587
-----------------
f at the beginning of new iteration,      1091.1857431951
Predicted improvement:        0.324370784
lambda =          1; f =         1090.6887834
lambda =     1.9332; f =         1090.4918751
Norm of dx    0.03506
----
Improvement on iteration 36 =        0.693868104
-----------------
f at the beginning of new iteration,      1090.4918750912
Predicted improvement:        0.264337111
lambda =          1; f =         1090.0370311
lambda =     1.9332; f =         1089.7439341
lambda =     3.7372; f =         1089.5280035
Norm of dx   0.021078
----
Improvement on iteration 37 =        0.963871603
-----------------
f at the beginning of new iteration,      1089.5280034886
Predicted improvement:        0.267165054
lambda =          1; f =         1089.1447873
lambda =     1.9332; f =         1089.0741857
Norm of dx   0.015416
----
Improvement on iteration 38 =        0.453817742
-----------------
f at the beginning of new iteration,      1089.0741857468
Predicted improvement:        0.183709417
lambda =          1; f =         1088.7883001
lambda =     1.9332; f =         1088.6670820
Norm of dx  0.0087503
----
Improvement on iteration 39 =        0.407103732
-----------------
f at the beginning of new iteration,      1088.6670820150
Predicted improvement:        0.174115120
lambda =          1; f =         1088.3767354
lambda =     1.9332; f =         1088.2104864
Norm of dx   0.022944
----
Improvement on iteration 40 =        0.456595657
-----------------
f at the beginning of new iteration,      1088.2104863578
Predicted improvement:        0.294358653
lambda =          1; f =         1087.7630050
lambda =     1.9332; f =         1087.6039697
Norm of dx   0.041652
----
Improvement on iteration 41 =        0.606516708
-----------------
f at the beginning of new iteration,      1087.6039696501
Predicted improvement:        0.236628294
lambda =          1; f =         1087.2400207
lambda =     1.9332; f =         1087.0916017
Norm of dx   0.024943
----
Improvement on iteration 42 =        0.512367951
-----------------
f at the beginning of new iteration,      1087.0916016988
Predicted improvement:        0.163568054
lambda =          1; f =         1086.8569110
lambda =     1.9332; f =         1086.8092389
Norm of dx   0.014015
----
Improvement on iteration 43 =        0.282362816
-----------------
f at the beginning of new iteration,      1086.8092388825
Predicted improvement:        0.115569582
lambda =          1; f =         1086.6072517
lambda =     1.9332; f =         1086.4710697
lambda =     3.7372; f =         1086.3497429
Norm of dx     0.0111
----
Improvement on iteration 44 =        0.459496010
-----------------
f at the beginning of new iteration,      1086.3497428728
Predicted improvement:        0.237050637
lambda =          1; f =         1085.9376864
lambda =     1.9332; f =         1085.6777504
lambda =     3.7372; f =         1085.6272653
Norm of dx   0.037773
----
Improvement on iteration 45 =        0.722477586
-----------------
f at the beginning of new iteration,      1085.6272652870
Predicted improvement:        0.483022652
lambda =          1; f =         1085.1487526
Norm of dx   0.043407
----
Improvement on iteration 46 =        0.478512716
-----------------
f at the beginning of new iteration,      1085.1487525709
Predicted improvement:        0.269119874
lambda =          1; f =         1084.7471391
lambda =     1.9332; f =         1084.6101437
Norm of dx   0.026757
----
Improvement on iteration 47 =        0.538608824
-----------------
f at the beginning of new iteration,      1084.6101437470
Predicted improvement:        0.196964715
lambda =          1; f =         1084.3419362
Norm of dx    0.03909
----
Improvement on iteration 48 =        0.268207521
-----------------
f at the beginning of new iteration,      1084.3419362263
Predicted improvement:        0.154628309
lambda =          1; f =         1084.1254085
lambda =     1.9332; f =         1084.0909383
Norm of dx   0.018485
----
Improvement on iteration 49 =        0.250997966
-----------------
f at the beginning of new iteration,      1084.0909382605
Predicted improvement:        0.102064705
lambda =          1; f =         1083.9281078
lambda =     1.9332; f =         1083.8506797
Norm of dx  0.0096923
----
Improvement on iteration 50 =        0.240258533
-----------------
f at the beginning of new iteration,      1083.8506797270
Predicted improvement:        0.125620313
lambda =          1; f =         1083.6534665
lambda =     1.9332; f =         1083.5645544
Norm of dx   0.018023
----
Improvement on iteration 51 =        0.286125307
-----------------
f at the beginning of new iteration,      1083.5645544199
Predicted improvement:        0.187419335
lambda =          1; f =         1083.2454860
lambda =     1.9332; f =         1083.0494797
lambda =     3.7372; f =         1082.9578188
Norm of dx   0.031823
----
Improvement on iteration 52 =        0.606735579
-----------------
f at the beginning of new iteration,      1082.9578188405
Predicted improvement:        0.339188550
lambda =          1; f =         1082.4110747
lambda =     1.9332; f =         1082.1493405
Norm of dx   0.024955
----
Improvement on iteration 53 =        0.808478294
-----------------
f at the beginning of new iteration,      1082.1493405469
Predicted improvement:        0.296722692
lambda =          1; f =         1081.7007298
lambda =     1.9332; f =         1081.5594585
Norm of dx   0.043989
----
Improvement on iteration 54 =        0.589882082
-----------------
f at the beginning of new iteration,      1081.5594584650
Predicted improvement:        0.261474620
lambda =          1; f =         1081.1187203
lambda =     1.9332; f =         1080.8519848
Norm of dx   0.021993
----
Improvement on iteration 55 =        0.707473654
-----------------
f at the beginning of new iteration,      1080.8519848114
Predicted improvement:        0.476685408
lambda =          1; f =         1080.2034981
Norm of dx   0.085426
----
Improvement on iteration 56 =        0.648486669
-----------------
f at the beginning of new iteration,      1080.2034981424
Predicted improvement:        0.334567871
lambda =          1; f =         1079.7570611
Norm of dx   0.071376
----
Improvement on iteration 57 =        0.446437017
-----------------
f at the beginning of new iteration,      1079.7570611254
Predicted improvement:        0.258166503
lambda =          1; f =         1079.4463069
Norm of dx    0.10744
----
Improvement on iteration 58 =        0.310754231
-----------------
f at the beginning of new iteration,      1079.4463068947
Predicted improvement:        0.370464575
lambda =          1; f =         1079.0617972
Norm of dx   0.098732
----
Improvement on iteration 59 =        0.384509709
-----------------
f at the beginning of new iteration,      1079.0617971854
Predicted improvement:        0.317676682
lambda =          1; f =         1078.5919339
lambda =     1.9332; f =         1078.4570175
Norm of dx   0.071094
----
Improvement on iteration 60 =        0.604779666
-----------------
f at the beginning of new iteration,      1078.4570175193
Predicted improvement:        0.387720052
lambda =          1; f =         1078.0358554
Norm of dx   0.063188
----
Improvement on iteration 61 =        0.421162145
-----------------
f at the beginning of new iteration,      1078.0358553744
Predicted improvement:        0.129453209
lambda =          1; f =         1077.8542310
lambda =     1.9332; f =         1077.8232154
Norm of dx   0.023624
----
Improvement on iteration 62 =        0.212640019
-----------------
f at the beginning of new iteration,      1077.8232153558
Predicted improvement:        0.127412312
lambda =          1; f =         1077.6208733
lambda =     1.9332; f =         1077.5296957
Norm of dx   0.027361
----
Improvement on iteration 63 =        0.293519660
-----------------
f at the beginning of new iteration,      1077.5296956955
Predicted improvement:        0.238581060
lambda =          1; f =         1077.1656676
lambda =     1.9332; f =         1077.0298946
Norm of dx   0.053768
----
Improvement on iteration 64 =        0.499801064
-----------------
f at the beginning of new iteration,      1077.0298946317
Predicted improvement:        0.290907412
lambda =          1; f =         1076.6167989
lambda =     1.9332; f =         1076.5283338
Norm of dx   0.067757
----
Improvement on iteration 65 =        0.501560805
-----------------
f at the beginning of new iteration,      1076.5283338267
Predicted improvement:        0.172729345
lambda =          1; f =         1076.3059186
Norm of dx   0.076745
----
Improvement on iteration 66 =        0.222415235
-----------------
f at the beginning of new iteration,      1076.3059185919
Predicted improvement:        0.085715965
lambda =          1; f =         1076.1797121
lambda =     1.9332; f =         1076.1441494
Norm of dx   0.039653
----
Improvement on iteration 67 =        0.161769212
-----------------
f at the beginning of new iteration,      1076.1441493796
Predicted improvement:        0.068609607
lambda =          1; f =         1076.0337056
lambda =     1.9332; f =         1075.9816787
Norm of dx   0.040726
----
Improvement on iteration 68 =        0.162470672
-----------------
f at the beginning of new iteration,      1075.9816787079
Predicted improvement:        0.148843963
lambda =          1; f =         1075.8111232
Norm of dx   0.029386
----
Improvement on iteration 69 =        0.170555531
-----------------
f at the beginning of new iteration,      1075.8111231768
Predicted improvement:        0.074126481
lambda =          1; f =         1075.6942456
lambda =     1.9332; f =         1075.6419084
Norm of dx   0.046641
----
Improvement on iteration 70 =        0.169214739
-----------------
f at the beginning of new iteration,      1075.6419084375
Predicted improvement:        0.063967891
lambda =          1; f =         1075.5472516
lambda =     1.9332; f =         1075.5178625
Norm of dx   0.036922
----
Improvement on iteration 71 =        0.124045908
-----------------
f at the beginning of new iteration,      1075.5178625291
Predicted improvement:        0.025830768
lambda =          1; f =         1075.4746160
lambda =     1.9332; f =         1075.4494773
Norm of dx   0.012488
----
Improvement on iteration 72 =        0.068385267
-----------------
f at the beginning of new iteration,      1075.4494772624
Predicted improvement:        0.053369382
lambda =          1; f =         1075.3671131
lambda =     1.9332; f =         1075.3345551
Norm of dx   0.038485
----
Improvement on iteration 73 =        0.114922208
-----------------
f at the beginning of new iteration,      1075.3345550549
Predicted improvement:        0.071006842
lambda =          1; f =         1075.2222229
lambda =     1.9332; f =         1075.1716290
Norm of dx   0.019348
----
Improvement on iteration 74 =        0.162926095
-----------------
f at the beginning of new iteration,      1075.1716289596
Predicted improvement:        0.087888996
lambda =          1; f =         1075.0576058
Norm of dx   0.023378
----
Improvement on iteration 75 =        0.114023149
-----------------
f at the beginning of new iteration,      1075.0576058106
Predicted improvement:        0.040970394
lambda =          1; f =         1074.9985808
lambda =     1.9332; f =         1074.9844364
Norm of dx   0.032577
----
Improvement on iteration 76 =        0.073169457
-----------------
f at the beginning of new iteration,      1074.9844363532
Predicted improvement:        0.044070785
lambda =          1; f =         1074.9232424
Norm of dx   0.015989
----
Improvement on iteration 77 =        0.061193932
-----------------
f at the beginning of new iteration,      1074.9232424210
Predicted improvement:        0.089570503
lambda =          1; f =         1074.7882740
lambda =     1.9332; f =         1074.7423538
Norm of dx   0.034719
----
Improvement on iteration 78 =        0.180888639
-----------------
f at the beginning of new iteration,      1074.7423537818
Predicted improvement:        0.059043136
lambda =          1; f =         1074.6458643
lambda =     1.9332; f =         1074.5945745
Norm of dx   0.043422
----
Improvement on iteration 79 =        0.147779252
-----------------
f at the beginning of new iteration,      1074.5945745301
Predicted improvement:        0.088247845
lambda =          1; f =         1074.4758816
Norm of dx   0.075055
----
Improvement on iteration 80 =        0.118692884
-----------------
f at the beginning of new iteration,      1074.4758816463
Predicted improvement:        0.042926324
lambda =          1; f =         1074.4166714
Norm of dx   0.078959
----
Improvement on iteration 81 =        0.059210234
-----------------
f at the beginning of new iteration,      1074.4166714123
Predicted improvement:        0.024558073
lambda =          1; f =         1074.3807474
lambda =     1.9332; f =         1074.3705676
Norm of dx    0.04553
----
Improvement on iteration 82 =        0.046103833
-----------------
f at the beginning of new iteration,      1074.3705675788
Predicted improvement:        0.015020447
lambda =          1; f =         1074.3419687
lambda =     1.9332; f =         1074.3178802
lambda =     3.7372; f =         1074.2784593
lambda =     7.2247; f =         1074.2291715
Norm of dx  0.0032018
----
Improvement on iteration 83 =        0.141396074
-----------------
f at the beginning of new iteration,      1074.2291715048
Predicted improvement:        0.095508287
lambda =          1; f =         1074.0807314
lambda =     1.9332; f =         1074.0205845
Norm of dx   0.043326
----
Improvement on iteration 84 =        0.208586989
-----------------
f at the beginning of new iteration,      1074.0205845161
Predicted improvement:        0.085237461
lambda =          1; f =         1073.8970014
lambda =     1.9332; f =         1073.8660195
Norm of dx   0.056887
----
Improvement on iteration 85 =        0.154565052
-----------------
f at the beginning of new iteration,      1073.8660194639
Predicted improvement:        0.013047359
lambda =          1; f =         1073.8497254
Norm of dx  0.0087931
----
Improvement on iteration 86 =        0.016294082
-----------------
f at the beginning of new iteration,      1073.8497253823
Predicted improvement:        0.006325361
lambda =          1; f =         1073.8390341
lambda =     1.9332; f =         1073.8325941
lambda =     3.7372; f =         1073.8298096
Norm of dx  0.0090551
----
Improvement on iteration 87 =        0.019915815
-----------------
f at the beginning of new iteration,      1073.8298095674
Predicted improvement:        0.013425999
lambda =          1; f =         1073.8054886
lambda =     1.9332; f =         1073.7873649
lambda =     3.7372; f =         1073.7649034
Norm of dx  0.0073561
----
Improvement on iteration 88 =        0.064906132
-----------------
f at the beginning of new iteration,      1073.7649034354
Predicted improvement:        0.037585645
lambda =          1; f =         1073.7135825
Norm of dx   0.047412
----
Improvement on iteration 89 =        0.051320901
-----------------
f at the beginning of new iteration,      1073.7135825348
Predicted improvement:        0.019182043
lambda =          1; f =         1073.6896308
Norm of dx   0.024803
----
Improvement on iteration 90 =        0.023951723
-----------------
f at the beginning of new iteration,      1073.6896308120
Predicted improvement:        0.006261632
lambda =          1; f =         1073.6800931
lambda =     1.9332; f =         1073.6765553
Norm of dx   0.010198
----
Improvement on iteration 91 =        0.013075470
-----------------
f at the beginning of new iteration,      1073.6765553420
Predicted improvement:        0.005322523
lambda =          1; f =         1073.6670218
lambda =     1.9332; f =         1073.6601185
lambda =     3.7372; f =         1073.6521387
Norm of dx  0.0029473
----
Improvement on iteration 92 =        0.024416598
-----------------
f at the beginning of new iteration,      1073.6521387440
Predicted improvement:        0.014515134
lambda =          1; f =         1073.6301583
lambda =     1.9332; f =         1073.6222196
Norm of dx    0.01952
----
Improvement on iteration 93 =        0.029919172
-----------------
f at the beginning of new iteration,      1073.6222195720
Predicted improvement:        0.007428962
lambda =          1; f =         1073.6115123
lambda =     1.9332; f =         1073.6090425
Norm of dx   0.010716
----
Improvement on iteration 94 =        0.013177105
-----------------
f at the beginning of new iteration,      1073.6090424667
Predicted improvement:        0.003080660
lambda =          1; f =         1073.6035919
lambda =     1.9332; f =         1073.5997984
lambda =     3.7372; f =         1073.5960415
Norm of dx  0.0060187
----
Improvement on iteration 95 =        0.013000998
-----------------
f at the beginning of new iteration,      1073.5960414682
Predicted improvement:        0.009941138
lambda =          1; f =         1073.5778120
lambda =     1.9332; f =         1073.5637818
lambda =     3.7372; f =         1073.5448149
Norm of dx  0.0098293
----
Improvement on iteration 96 =        0.051226541
-----------------
f at the beginning of new iteration,      1073.5448149268
Predicted improvement:        0.030729913
lambda =          1; f =         1073.5055864
Norm of dx   0.045581
----
Improvement on iteration 97 =        0.039228534
-----------------
f at the beginning of new iteration,      1073.5055863927
Predicted improvement:        0.008206723
lambda =          1; f =         1073.4958143
Norm of dx   0.019933
----
Improvement on iteration 98 =        0.009772060
-----------------
f at the beginning of new iteration,      1073.4958143323
Predicted improvement:        0.001391156
lambda =          1; f =         1073.4939434
Norm of dx  0.0084855
----
Improvement on iteration 99 =        0.001870970
-----------------
f at the beginning of new iteration,      1073.4939433618
Predicted improvement:        0.000780665
lambda =          1; f =         1073.4928033
lambda =     1.9332; f =         1073.4924988
Norm of dx   0.010334
----
Improvement on iteration 100 =        0.001444526
-----------------
f at the beginning of new iteration,      1073.4924988358
Predicted improvement:        0.000551457
lambda =          1; f =         1073.4914752
lambda =     1.9332; f =         1073.4906629
lambda =     3.7372; f =         1073.4894842
lambda =     7.2247; f =         1073.4886737
Norm of dx  0.0039028
----
Improvement on iteration 101 =        0.003825150
-----------------
f at the beginning of new iteration,      1073.4886736860
Predicted improvement:        0.002517604
lambda =          1; f =         1073.4840760
lambda =     1.9332; f =         1073.4805757
lambda =     3.7372; f =         1073.4759668
Norm of dx  0.0039269
----
Improvement on iteration 102 =        0.012706851
-----------------
f at the beginning of new iteration,      1073.4759668354
Predicted improvement:        0.012415403
lambda =          1; f =         1073.4556531
lambda =     1.9332; f =         1073.4448733
Norm of dx   0.017921
----
Improvement on iteration 103 =        0.031093493
-----------------
f at the beginning of new iteration,      1073.4448733426
Predicted improvement:        0.011404823
lambda =          1; f =         1073.4299981
Norm of dx   0.022702
----
Improvement on iteration 104 =        0.014875214
-----------------
f at the beginning of new iteration,      1073.4299981290
Predicted improvement:        0.002631234
lambda =          1; f =         1073.4269305
Norm of dx   0.010838
----
Improvement on iteration 105 =        0.003067594
-----------------
f at the beginning of new iteration,      1073.4269305347
Predicted improvement:        0.000397333
lambda =          1; f =         1073.4262696
lambda =     1.9332; f =         1073.4258912
Norm of dx  0.0022568
----
Improvement on iteration 106 =        0.001039300
-----------------
f at the beginning of new iteration,      1073.4258912349
Predicted improvement:        0.000826232
lambda =          1; f =         1073.4244242
lambda =     1.9332; f =         1073.4233853
lambda =     3.7372; f =         1073.4222740
Norm of dx  0.0023865
----
Improvement on iteration 107 =        0.003617225
-----------------
f at the beginning of new iteration,      1073.4222740103
Predicted improvement:        0.002752817
lambda =          1; f =         1073.4169997
lambda =     1.9332; f =         1073.4124909
lambda =     3.7372; f =         1073.4049018
lambda =     7.2247; f =         1073.3944229
lambda =     13.967; f =         1073.3897043
Norm of dx  0.0043058
----
Improvement on iteration 108 =        0.032569701
-----------------
f at the beginning of new iteration,      1073.3897043091
Predicted improvement:        0.018476007
lambda =          1; f =         1073.3592322
lambda =     1.9332; f =         1073.3426652
Norm of dx   0.020592
----
Improvement on iteration 109 =        0.047039133
-----------------
f at the beginning of new iteration,      1073.3426651765
Predicted improvement:        0.009155540
lambda =          1; f =         1073.3324681
Norm of dx   0.034179
----
Improvement on iteration 110 =        0.010197107
-----------------
f at the beginning of new iteration,      1073.3324680698
Predicted improvement:        0.000875212
lambda =          1; f =         1073.3310692
lambda =     1.9332; f =         1073.3303927
Norm of dx   0.005155
----
Improvement on iteration 111 =        0.002075351
-----------------
f at the beginning of new iteration,      1073.3303927183
Predicted improvement:        0.001214349
lambda =          1; f =         1073.3281408
lambda =     1.9332; f =         1073.3263555
lambda =     3.7372; f =         1073.3237646
lambda =     7.2247; f =         1073.3219401
Norm of dx  0.0045003
----
Improvement on iteration 112 =        0.008452584
-----------------
f at the beginning of new iteration,      1073.3219401339
Predicted improvement:        0.006677659
lambda =          1; f =         1073.3093125
lambda =     1.9332; f =         1073.2988482
lambda =     3.7372; f =         1073.2822338
lambda =     7.2247; f =         1073.2636473
Norm of dx  0.0066374
----
Improvement on iteration 113 =        0.058292815
-----------------
f at the beginning of new iteration,      1073.2636473189
Predicted improvement:        0.016583973
lambda =          1; f =         1073.2483357
Norm of dx   0.071784
----
Improvement on iteration 114 =        0.015311648
-----------------
f at the beginning of new iteration,      1073.2483356706
Predicted improvement:        0.001100042
lambda =          1; f =         1073.2469096
Norm of dx   0.015584
----
Improvement on iteration 115 =        0.001426062
-----------------
f at the beginning of new iteration,      1073.2469096085
Predicted improvement:        0.000656217
lambda =          1; f =         1073.2458066
lambda =     1.9332; f =         1073.2451542
Norm of dx  0.0061591
----
Improvement on iteration 116 =        0.001755372
-----------------
f at the beginning of new iteration,      1073.2451542361
Predicted improvement:        0.001617922
lambda =          1; f =         1073.2422792
lambda =     1.9332; f =         1073.2402443
lambda =     3.7372; f =         1073.2380754
Norm of dx  0.0072825
----
Improvement on iteration 117 =        0.007078809
-----------------
f at the beginning of new iteration,      1073.2380754267
Predicted improvement:        0.005251442
lambda =          1; f =         1073.2283886
lambda =     1.9332; f =         1073.2208157
lambda =     3.7372; f =         1073.2101840
lambda =     7.2247; f =         1073.2045820
Norm of dx   0.010531
----
Improvement on iteration 118 =        0.033493388
-----------------
f at the beginning of new iteration,      1073.2045820385
Predicted improvement:        0.008770517
lambda =          1; f =         1073.1936751
Norm of dx   0.035755
----
Improvement on iteration 119 =        0.010906981
-----------------
f at the beginning of new iteration,      1073.1936750574
Predicted improvement:        0.001390634
lambda =          1; f =         1073.1922455
Norm of dx   0.017307
----
Improvement on iteration 120 =        0.001429588
-----------------
f at the beginning of new iteration,      1073.1922454694
Predicted improvement:        0.000149759
lambda =          1; f =         1073.1920089
lambda =     1.9332; f =         1073.1918998
Norm of dx  0.0031925
----
Improvement on iteration 121 =        0.000345675
-----------------
f at the beginning of new iteration,      1073.1918997947
Predicted improvement:        0.000184297
lambda =          1; f =         1073.1915820
lambda =     1.9332; f =         1073.1913761
lambda =     3.7372; f =         1073.1912231
Norm of dx  0.0036248
----
Improvement on iteration 122 =        0.000676738
-----------------
f at the beginning of new iteration,      1073.1912230563
Predicted improvement:        0.000373763
lambda =          1; f =         1073.1904961
lambda =     1.9332; f =         1073.1898551
lambda =     3.7372; f =         1073.1887185
lambda =     7.2247; f =         1073.1869043
lambda =     13.967; f =         1073.1848296
Norm of dx 0.00060637
----
Improvement on iteration 123 =        0.006393414
-----------------
f at the beginning of new iteration,      1073.1848296420
Predicted improvement:        0.001787378
lambda =          1; f =         1073.1825212
Norm of dx  0.0097441
----
Improvement on iteration 124 =        0.002308441
-----------------
f at the beginning of new iteration,      1073.1825212005
Predicted improvement:        0.000331226
lambda =          1; f =         1073.1821571
Norm of dx  0.0036321
----
Improvement on iteration 125 =        0.000364141
-----------------
f at the beginning of new iteration,      1073.1821570593
Predicted improvement:        0.000025733
lambda =          1; f =         1073.1821122
lambda =     1.9332; f =         1073.1820819
lambda =     3.7372; f =         1073.1820553
Norm of dx 0.00054595
----
Improvement on iteration 126 =        0.000101733
-----------------
f at the beginning of new iteration,      1073.1820553261
Predicted improvement:        0.000070679
lambda =          1; f =         1073.1819166
lambda =     1.9332; f =         1073.1817918
lambda =     3.7372; f =         1073.1815634
lambda =     7.2247; f =         1073.1811697
lambda =     13.967; f =         1073.1805872
lambda =         27; f =         1073.1801291
Norm of dx 0.00051871
----
Improvement on iteration 127 =        0.001926227
-----------------
f at the beginning of new iteration,      1073.1801290994
Predicted improvement:        0.001203150
lambda =          1; f =         1073.1781368
lambda =     1.9332; f =         1073.1770305
Norm of dx  0.0086496
----
Improvement on iteration 128 =        0.003098567
-----------------
f at the beginning of new iteration,      1073.1770305325
Predicted improvement:        0.000628456
lambda =          1; f =         1073.1763784
Norm of dx  0.0060731
----
Improvement on iteration 129 =        0.000652159
-----------------
f at the beginning of new iteration,      1073.1763783733
Predicted improvement:        0.000022860
lambda =          1; f =         1073.1763358
lambda =     1.9332; f =         1073.1763020
lambda =     3.7372; f =         1073.1762533
lambda =     7.2247; f =         1073.1762207
Norm of dx 0.00062344
----
Improvement on iteration 130 =        0.000157669
-----------------
f at the beginning of new iteration,      1073.1762207039
Predicted improvement:        0.000121775
lambda =          1; f =         1073.1759810
lambda =     1.9332; f =         1073.1757650
lambda =     3.7372; f =         1073.1753684
lambda =     7.2247; f =         1073.1746796
lambda =     13.967; f =         1073.1736381
lambda =         27; f =         1073.1727002
Norm of dx 0.00092669
----
Improvement on iteration 131 =        0.003520512
-----------------
f at the beginning of new iteration,      1073.1727001919
Predicted improvement:        0.002346643
lambda =          1; f =         1073.1685388
lambda =     1.9332; f =         1073.1656358
lambda =     3.7372; f =         1073.1627795
Norm of dx   0.015607
----
Improvement on iteration 132 =        0.009920652
-----------------
f at the beginning of new iteration,      1073.1627795395
Predicted improvement:        0.001229671
lambda =          1; f =         1073.1613233
Norm of dx   0.012937
----
Improvement on iteration 133 =        0.001456198
-----------------
f at the beginning of new iteration,      1073.1613233410
Predicted improvement:        0.000114472
lambda =          1; f =         1073.1611744
Norm of dx  0.0030208
----
Improvement on iteration 134 =        0.000148968
-----------------
f at the beginning of new iteration,      1073.1611743730
Predicted improvement:        0.000062900
lambda =          1; f =         1073.1610650
lambda =     1.9332; f =         1073.1609931
lambda =     3.7372; f =         1073.1609363
Norm of dx  0.0016092
----
Improvement on iteration 135 =        0.000238034
-----------------
f at the beginning of new iteration,      1073.1609363387
Predicted improvement:        0.000169762
lambda =          1; f =         1073.1606010
lambda =     1.9332; f =         1073.1602966
lambda =     3.7372; f =         1073.1597315
lambda =     7.2247; f =         1073.1587263
lambda =     13.967; f =         1073.1571090
lambda =         27; f =         1073.1552035
Norm of dx   0.001231
----
Improvement on iteration 136 =        0.005732810
-----------------
f at the beginning of new iteration,      1073.1552035286
Predicted improvement:        0.001853651
lambda =          1; f =         1073.1530093
Norm of dx   0.022576
----
Improvement on iteration 137 =        0.002194257
-----------------
f at the beginning of new iteration,      1073.1530092720
Predicted improvement:        0.000309868
lambda =          1; f =         1073.1526544
Norm of dx  0.0065578
----
Improvement on iteration 138 =        0.000354861
-----------------
f at the beginning of new iteration,      1073.1526544108
Predicted improvement:        0.000044888
lambda =          1; f =         1073.1525847
lambda =     1.9332; f =         1073.1525547
Norm of dx   0.002971
----
Improvement on iteration 139 =        0.000099744
-----------------
f at the beginning of new iteration,      1073.1525546668
Predicted improvement:        0.000060673
lambda =          1; f =         1073.1524377
lambda =     1.9332; f =         1073.1523366
lambda =     3.7372; f =         1073.1521627
lambda =     7.2247; f =         1073.1519080
lambda =     13.967; f =         1073.1517206
Norm of dx 0.00091791
----
Improvement on iteration 140 =        0.000834082
-----------------
f at the beginning of new iteration,      1073.1517205852
Predicted improvement:        0.000664209
lambda =          1; f =         1073.1504976
lambda =     1.9332; f =         1073.1495486
lambda =     3.7372; f =         1073.1482352
lambda =     7.2247; f =         1073.1476118
Norm of dx  0.0055024
----
Improvement on iteration 141 =        0.004108786
-----------------
f at the beginning of new iteration,      1073.1476117992
Predicted improvement:        0.000149395
lambda =          1; f =         1073.1474630
Norm of dx  0.0023544
----
Improvement on iteration 142 =        0.000148780
-----------------
f at the beginning of new iteration,      1073.1474630194
Predicted improvement:        0.000005502
lambda =          1; f =         1073.1474551
lambda =     1.9332; f =         1073.1474525
Norm of dx  0.0010188
----
Improvement on iteration 143 =        0.000010557
-----------------
f at the beginning of new iteration,      1073.1474524622
Predicted improvement:        0.000006529
lambda =          1; f =         1073.1474398
lambda =     1.9332; f =         1073.1474289
lambda =     3.7372; f =         1073.1474099
lambda =     7.2247; f =         1073.1473813
lambda =     13.967; f =         1073.1473566
Norm of dx 0.00025219
----
Improvement on iteration 144 =        0.000095847
-----------------
f at the beginning of new iteration,      1073.1473566154
Predicted improvement:        0.000059779
lambda =          1; f =         1073.1472535
lambda =     1.9332; f =         1073.1471880
lambda =     3.7372; f =         1073.1471458
Norm of dx   0.001121
----
Improvement on iteration 145 =        0.000210824
-----------------
f at the beginning of new iteration,      1073.1471457913
Predicted improvement:        0.000007329
lambda =          1; f =         1073.1471383
Norm of dx  0.0013256
----
Improvement on iteration 146 =        0.000007467
-----------------
f at the beginning of new iteration,      1073.1471383244
Predicted improvement:        0.000000220
lambda =          1; f =         1073.1471381
Norm of dx 0.00014035
----
Improvement on iteration 147 =        0.000000258
-----------------
f at the beginning of new iteration,      1073.1471380660
Predicted improvement:        0.000000303
lambda =          1; f =         1073.1471376
lambda =     1.9332; f =         1073.1471374
Norm of dx 0.00011248
----
Improvement on iteration 148 =        0.000000669
-----------------
f at the beginning of new iteration,      1073.1471373966
Predicted improvement:        0.000000655
lambda =          1; f =         1073.1471362
lambda =     1.9332; f =         1073.1471354
lambda =     3.7372; f =         1073.1471342
Norm of dx  0.0001025
----
Improvement on iteration 149 =        0.000003171
-----------------
f at the beginning of new iteration,      1073.1471342258
Predicted improvement:        0.000003209
lambda =          1; f =         1073.1471288
lambda =     1.9332; f =         1073.1471254
lambda =     3.7372; f =         1073.1471234
Norm of dx 0.00021836
----
Improvement on iteration 150 =        0.000010834
-----------------
f at the beginning of new iteration,      1073.1471233921
Predicted improvement:        0.000003697
lambda =          1; f =         1073.1471178
lambda =     1.9332; f =         1073.1471162
Norm of dx 0.00046824
----
Improvement on iteration 151 =        0.000007234
-----------------
f at the beginning of new iteration,      1073.1471161580
Predicted improvement:        0.000000102
lambda =          1; f =         1073.1471161
Norm of dx 8.9138e-05
----
Improvement on iteration 152 =        0.000000091
improvement < crit termination

Final value of minus the log posterior (or likelihood):1073.147116 

RESULTS FROM POSTERIOR ESTIMATION
parameters
         prior mean     mode    s.d.  prior pstdev

sigmaa       1.2000   0.9158  0.2101   gamm 0.3000 
phii         1.5000   1.2639  0.6708   gamm 0.7500 
theta_h      0.5000   0.7451  0.0783   beta 0.1000 
theta_f      0.5000   0.5267  0.0603   beta 0.1000 
etaa         1.5000   0.5452  0.0540   gamm 0.7500 
hh           0.5000   0.3325  0.1228   beta 0.2500 
delta_h      0.5000   0.0225  0.0319   beta 0.2500 
delta_f      0.5000   0.0283  0.0395   beta 0.2500 
rho_int      0.5000   0.8054  0.0347   beta 0.2500 
mp_pi        1.5000   1.7268  0.1551   gamm 0.3000 
mp_y         0.2500   0.0471  0.0326   gamm 0.1300 
mp_dy        0.2500   0.5881  0.1919   gamm 0.1300 
mp_de        0.2500   0.1032  0.0307   gamm 0.1300 
rho_cp       0.5000   0.9402  0.0270   beta 0.2500 
rho_rp       0.8000   0.9490  0.0223   beta 0.1000 
rho_z        0.8000   0.8209  0.1204   beta 0.1000 
rho_g        0.8000   0.9304  0.0218   beta 0.1000 
rhops        0.5900   0.3145  0.0941   norm 0.2000 
rho2ps       0.0000  -0.0057  0.1066   norm 0.2500 
rhopsys      0.0000   0.0513  0.0683   norm 0.3000 
rho2psys     0.0000  -0.0237  0.0684   norm 0.1500 
rhopsis      0.0000   0.1303  0.1463   norm 0.3000 
rho2psis     0.0000  -0.0460  0.1222   norm 0.1500 
rhoys        0.8000   1.0592  0.0870   norm 0.2000 
rho2ys       0.0000  -0.1117  0.0895   norm 0.2500 
rhoysps      0.0000  -0.1507  0.1291   norm 0.3000 
rho2ysps     0.0000  -0.0908  0.1092   norm 0.1500 
rhoysis      0.0000   0.1233  0.1615   norm 0.3000 
rho2ysis     0.0000  -0.0361  0.1278   norm 0.1500 
rhois        0.8000   1.3144  0.0866   norm 0.2000 
rho2is       0.0000  -0.3956  0.0806   norm 0.2500 
rhoisys      0.0000   0.0826  0.0212   norm 0.3000 
rho2isys     0.0000  -0.0760  0.0212   norm 0.1500 
rhoisps      0.0000   0.0522  0.0281   norm 0.3000 
rho2isps     0.0000   0.0172  0.0303   norm 0.1500 

standard deviation of shocks
         prior mean     mode    s.d.  prior pstdev

eps_pst      0.5000   0.3410  0.0253   invg    Inf 
eps_rst      0.5000   0.0910  0.0070   invg    Inf 
eps_yst      0.5000   0.4600  0.0343   invg    Inf 
eps_rp       0.5000   0.2794  0.0912   invg    Inf 
eps_r        0.5000   0.2326  0.0254   invg    Inf 
eps_cp       0.5000   1.9130  0.6222   invg    Inf 
eps_z        0.5000   1.5189  0.8346   invg    Inf 
eps_g        0.5000   3.1348  0.5885   invg    Inf 


Log data density [Laplace approximation] is -1163.838807.

Total computing time : 0h01m37s
