Starting Dynare (version 6.4).
Calling Dynare with arguments: none
Starting preprocessing of the model file ... 
Found 28 equation(s). 
Evaluating expressions... 
Computing static model derivatives (order 1). 
Normalizing the static model... 
Finding the optimal block decomposition of the static model... 
11 block(s) found: 
  10 recursive block(s) and 1 simultaneous block(s). 
  the largest simultaneous block has 11 equation(s) 
                                 and 11 feedback variable(s). 
Computing dynamic model derivatives (order 2). 
Normalizing the dynamic model... 
Finding the optimal block decomposition of the dynamic model... 
3 block(s) found: 
  2 recursive block(s) and 1 simultaneous block(s). 
  the largest simultaneous block has 12 equation(s) 
                                 and 12 feedback variable(s). 
Preprocessing completed. 
Preprocessing time: 0h00m00s.


Residuals of the static equations:
Equation number  1: 1       :       0.000000
Equation number  2: 2       :       0.000000
Equation number  3: 3       :       0.000000
Equation number  4: de      :       0.000000
Equation number  5: q       :       0.000000
Equation number  6: 6       :       0.000000
Equation number  7: mc      :       0.000000
Equation number  8: 8       :       0.000000
Equation number  9: pi      :       0.000000
Equation number 10: 10      :       0.000000
Equation number 11: 11      :       0.000000
Equation number 12: i       :       0.000000
Equation number 13: y_star  :       0.000000
Equation number 14: pi_star :       0.000000
Equation number 15: i_star  :       0.000000
Equation number 16: eps_g   :       0.000000
Equation number 17: eps_gs  :       0.000000
Equation number 18: eps_a   :       0.000000
Equation number 19: eps_cp  :       0.000000
Equation number 20: eps_rp  :       0.000000
Equation number 21: y_au    :       0.000000
Equation number 22: pi_au   :       0.000000
Equation number 23: i_au    :       0.000000
Equation number 24: y_us    :       0.000000
Equation number 25: q_au    :       0.000000
Equation number 26: s_au    :       0.000000
Equation number 27: pi_us   :       0.000000
Equation number 28: i_us    :       0.000000



EIGENVALUES:
         Modulus             Real        Imaginary
        9.04e-18         9.04e-18                0
       6.968e-17       -6.968e-17                0
           0.102            0.102                0
          0.1074           0.1074                0
          0.4513           0.4391           0.1042
          0.4513           0.4391          -0.1042
             0.5              0.5                0
             0.5              0.5                0
             0.5              0.5                0
             0.5              0.5                0
             0.5              0.5                0
             0.5              0.5                0
          0.7514           0.7514                0
             0.8              0.8                0
          0.8146           0.8146                0
             0.9              0.9                0
           1.169            1.169                0
           1.538             1.49            0.378
           1.538             1.49           -0.378
           1.553            1.553                0
             Inf              Inf                0
             Inf              Inf                0
             Inf              Inf                0

There are 7 eigenvalue(s) larger than 1 in modulus for 7 forward-looking variable(s)
The rank condition is verified.


STEADY-STATE RESULTS:

y       		 0
c       		 0
s       		 0
psi     		 0
q       		 0
mc      		 0
i       		 0
pi      		 0
pi_h    		 0
pi_f    		 0
nfa     		 0
eps_a   		 0
eps_g   		 0
eps_cp  		 0
eps_gs  		 0
eps_rp  		 0
de      		 0
y_star  		 0
i_star  		 0
pi_star 		 0
y_au    		 0
pi_au   		 0
i_au    		 0
y_us    		 0
pi_us   		 0
i_us    		 0
q_au    		 0
s_au    		 0
Initial value of the log posterior (or likelihood): -6582.4167
-----------------
f at the beginning of new iteration,      6582.4167386866
Predicted improvement:    56116.330497396
lambda =          1; f =         6583.3627082
lambda =    0.33333; f =         6582.4178237
lambda =    0.11111; f =         2534.5591733
Norm of dx     3.3501
----
Improvement on iteration 1 =     4047.857565357
-----------------
f at the beginning of new iteration,      2534.5591733296
Predicted improvement:     1402.773254603
lambda =          1; f =         1699.8976292
lambda =    0.33333; f =         1923.8945424
Norm of dx    0.53438
----
Improvement on iteration 2 =      834.661544125
-----------------
f at the beginning of new iteration,      1699.8976292047
Predicted improvement:       52.117370465
lambda =          1; f =         1636.1341918
Norm of dx   0.092691
----
Improvement on iteration 3 =       63.763437363
-----------------
f at the beginning of new iteration,      1636.1341918417
Predicted improvement:       22.970915221
lambda =          1; f =         1597.5505278
lambda =     1.9332; f =         1574.9600881
Norm of dx   0.091078
----
Improvement on iteration 4 =       61.174103721
-----------------
f at the beginning of new iteration,      1574.9600881211
Predicted improvement:       24.862448451
lambda =          1; f =         1536.6098403
lambda =     1.9332; f =         1520.7810670
Norm of dx      0.164
----
Improvement on iteration 5 =       54.179021094
-----------------
f at the beginning of new iteration,      1520.7810670269
Predicted improvement:       30.282870203
lambda =          1; f =         1520.7826586
lambda =    0.33333; f =         1520.7810676
lambda =    0.11111; f =         1514.2434410
lambda =     0.2148; f =         1508.7350266
lambda =    0.41524; f =         1520.7810982
lambda =     0.2796; f =         1506.0563431
lambda =    0.35448; f =         1520.7810711
lambda =    0.30744; f =         1505.4107420
lambda =    0.33486; f =         1520.7810678
lambda =    0.31813; f =         1505.3446498
lambda =    0.32806; f =         1520.7810672
lambda =    0.32207; f =         1520.7810670
lambda =    0.31852; f =         1505.3451460
Norm of dx    0.18485
Cliff.  Perturbing search direction.
Predicted improvement:       61.262025716
lambda =          1; f =         1520.7866524
lambda =    0.33333; f =         1520.7812206
lambda =    0.11111; f =         1508.0891820
lambda =     0.2148; f =         1520.7810687
lambda =    0.14463; f =         1504.8456031
lambda =    0.18337; f =         1501.9701037
lambda =    0.23248; f =         1520.7810758
lambda =    0.20163; f =         1520.7810670
lambda =    0.18512; f =         1501.8821136
lambda =    0.19485; f =         1501.5124880
lambda =     0.2051; f =         1520.7810672
lambda =    0.19889; f =         1501.4372778
lambda =    0.20259; f =         1520.7810671
lambda =    0.20036; f =         1501.4249166
Norm of dx    0.24682
Cliff again.  Try traversing
Predicted improvement:    23489.763703053
lambda =          1; f =         8854.7096707
lambda =    0.33333; f =         2273.8901451
lambda =    0.11111; f =         1586.2959867
lambda =   0.037037; f =         1524.2693136
lambda =   0.012346; f =         1520.8800104
lambda =  0.0041152; f =         1520.7950711
lambda =  0.0013717; f =         1538.2313654
lambda = 0.00045725; f =         1505.0791878
lambda = 0.00088394; f =         1511.0165039
lambda =  0.0005952; f =         1505.0249339
Norm of dx     216.75
----
Improvement on iteration 6 =       19.356150392
back and forth on step length never finished
-----------------
f at the beginning of new iteration,      1501.4249166350
Predicted improvement:       30.282870203
lambda =          1; f =         1501.4283543
lambda =    0.33333; f =         1501.4252975
lambda =    0.11111; f =         1501.4249586
lambda =   0.037037; f =         1501.4249212
lambda =   0.012346; f =         1501.4249171
lambda =  0.0041152; f =         1501.4249167
lambda =  0.0013717; f =         1501.4249166
lambda = 0.00045725; f =         1501.4285752
lambda = 0.00015242; f =         1501.4260972
lambda = 5.0805e-05; f =         1501.4253059
lambda = 1.6935e-05; f =         1501.4250459
lambda =  5.645e-06; f =         1501.4249597
lambda = 1.8817e-06; f =         1501.4249310
lambda = 6.2723e-07; f =         1501.4249214
lambda = 2.0908e-07; f =         1501.4249182
lambda = 6.9692e-08; f =         1501.4249172
lambda = 2.3231e-08; f =         1501.4249168
lambda = 7.7435e-09; f =         1501.4249167
lambda = 2.5812e-09; f =         1501.4249167

lambda =

  -6.2723e-07

lambda = -6.2723e-07; f =         1501.4249119
Norm of dx    0.18485
----
Improvement on iteration 7 =        0.000004779
-----------------
f at the beginning of new iteration,      1501.4249118565
Predicted improvement:       62.600057457
lambda =          1; f =         1522.2226530
lambda =    0.33333; f =         1502.4895854
lambda =    0.11111; f =         1498.9905671
lambda =   0.037037; f =         1499.3008999
Norm of dx    0.22138
----
Improvement on iteration 8 =        2.434344738
-----------------
f at the beginning of new iteration,      1498.9905671186
Predicted improvement:       21.807554295
lambda =          1; f =         1458.6617752
lambda =     1.9332; f =         1426.5766262
lambda =     3.7372; f =         1414.7327675
Norm of dx     0.1202
----
Improvement on iteration 9 =       84.257799581
-----------------
f at the beginning of new iteration,      1414.7327675376
Predicted improvement:      140.086513866
lambda =          1; f =         1429.1597850
lambda =    0.33333; f =         1395.4320687
lambda =    0.11111; f =         1397.1641130
Norm of dx    0.26417
----
Improvement on iteration 10 =       19.300698803
-----------------
f at the beginning of new iteration,      1395.4320687349
Predicted improvement:        8.481670940
lambda =          1; f =         1380.9701043
lambda =     1.9332; f =         1395.4321214
lambda =     1.3017; f =         1378.0628271
lambda =     1.6503; f =         1378.0566145
Norm of dx   0.072559
----
Improvement on iteration 11 =       17.375454229
-----------------
f at the beginning of new iteration,      1378.0566145059
Predicted improvement:       21.739684943
lambda =          1; f =         1375.0974277
lambda =    0.33333; f =         1373.6904126
Norm of dx   0.057339
----
Improvement on iteration 12 =        4.366201881
-----------------
f at the beginning of new iteration,      1373.6904126249
Predicted improvement:        6.980491323
lambda =          1; f =         1360.9188044
lambda =     1.9332; f =         1351.2620106
lambda =     3.7372; f =         1343.0308471
Norm of dx   0.072097
----
Improvement on iteration 13 =       30.659565572
-----------------
f at the beginning of new iteration,      1343.0308470530
Predicted improvement:       19.853757568
lambda =          1; f =         1332.0847452
lambda =    0.33333; f =         1336.2587030
Norm of dx   0.056042
----
Improvement on iteration 14 =       10.946101818
-----------------
f at the beginning of new iteration,      1332.0847452349
Predicted improvement:       16.056099303
lambda =          1; f =         1300.2123209
lambda =     1.9332; f =         1271.4121079
lambda =     3.7372; f =         1245.2216611
lambda =     7.2247; f =         1332.1868681
lambda =     4.8647; f =         1332.0882283
lambda =      3.837; f =         1249.2606251
Norm of dx    0.17001
----
Improvement on iteration 15 =       86.863084145
-----------------
f at the beginning of new iteration,      1245.2216610894
Predicted improvement:       34.584944264
lambda =          1; f =         1267.3835639
lambda =    0.33333; f =         1240.3204207
lambda =    0.11111; f =         1240.2763307
Norm of dx    0.30823
----
Improvement on iteration 16 =        4.945330372
-----------------
f at the beginning of new iteration,      1240.2763307178
Predicted improvement:        4.931814940
lambda =          1; f =         1232.2085665
lambda =     1.9332; f =         1227.9290040
Norm of dx   0.036508
----
Improvement on iteration 17 =       12.347326761
-----------------
f at the beginning of new iteration,      1227.9290039564
Predicted improvement:        8.863396494
lambda =          1; f =         1213.8846451
lambda =     1.9332; f =         1209.5897575
Norm of dx   0.086188
----
Improvement on iteration 18 =       18.339246477
-----------------
f at the beginning of new iteration,      1209.5897574794
Predicted improvement:       10.240259157
lambda =          1; f =         1196.6732363
Norm of dx   0.086908
----
Improvement on iteration 19 =       12.916521144
-----------------
f at the beginning of new iteration,      1196.6732363358
Predicted improvement:        3.679674667
lambda =          1; f =         1192.8742283
Norm of dx    0.05775
----
Improvement on iteration 20 =        3.799008006
-----------------
f at the beginning of new iteration,      1192.8742283297
Predicted improvement:        2.878179649
lambda =          1; f =         1189.2979185
Norm of dx   0.032971
----
Improvement on iteration 21 =        3.576309792
-----------------
f at the beginning of new iteration,      1189.2979185377
Predicted improvement:        1.329972630
lambda =          1; f =         1187.8701157
Norm of dx   0.040591
----
Improvement on iteration 22 =        1.427802803
-----------------
f at the beginning of new iteration,      1187.8701157343
Predicted improvement:        0.552305788
lambda =          1; f =         1186.9733175
lambda =     1.9332; f =         1186.5081534
Norm of dx   0.016669
----
Improvement on iteration 23 =        1.361962288
-----------------
f at the beginning of new iteration,      1186.5081534467
Predicted improvement:        0.995455908
lambda =          1; f =         1184.8564219
lambda =     1.9332; f =         1183.9794781
Norm of dx   0.035822
----
Improvement on iteration 24 =        2.528675361
-----------------
f at the beginning of new iteration,      1183.9794780859
Predicted improvement:        1.067893672
lambda =          1; f =         1182.4555997
lambda =     1.9332; f =         1182.2731546
Norm of dx   0.046676
----
Improvement on iteration 25 =        1.706323489
-----------------
f at the beginning of new iteration,      1182.2731545969
Predicted improvement:        0.872713770
lambda =          1; f =         1180.9394082
lambda =     1.9332; f =         1180.3433662
Norm of dx   0.010895
----
Improvement on iteration 26 =        1.929788423
-----------------
f at the beginning of new iteration,      1180.3433661737
Predicted improvement:        0.866960235
lambda =          1; f =         1178.8858268
lambda =     1.9332; f =         1178.0291532
Norm of dx    0.05002
----
Improvement on iteration 27 =        2.314213020
-----------------
f at the beginning of new iteration,      1178.0291531542
Predicted improvement:        1.064302454
lambda =          1; f =         1176.5116867
lambda =     1.9332; f =         1176.3030269
Norm of dx   0.080544
----
Improvement on iteration 28 =        1.726126236
-----------------
f at the beginning of new iteration,      1176.3030269184
Predicted improvement:        0.753741297
lambda =          1; f =         1175.1222845
lambda =     1.9332; f =         1174.5350832
Norm of dx   0.027491
----
Improvement on iteration 29 =        1.767943733
-----------------
f at the beginning of new iteration,      1174.5350831853
Predicted improvement:        0.703458456
lambda =          1; f =         1173.5486198
lambda =     1.9332; f =         1173.4408488
Norm of dx   0.043597
----
Improvement on iteration 30 =        1.094234382
-----------------
f at the beginning of new iteration,      1173.4408488035
Predicted improvement:        0.314663278
lambda =          1; f =         1172.9681752
lambda =     1.9332; f =         1172.7900138
Norm of dx  0.0065901
----
Improvement on iteration 31 =        0.650835047
-----------------
f at the beginning of new iteration,      1172.7900137563
Predicted improvement:        0.257880319
lambda =          1; f =         1172.3649826
lambda =     1.9332; f =         1172.1331964
Norm of dx   0.019433
----
Improvement on iteration 32 =        0.656817359
-----------------
f at the beginning of new iteration,      1172.1331963971
Predicted improvement:        0.270395259
lambda =          1; f =         1171.7845785
Norm of dx   0.028324
----
Improvement on iteration 33 =        0.348617891
-----------------
f at the beginning of new iteration,      1171.7845785057
Predicted improvement:        0.129104465
lambda =          1; f =         1171.5885722
lambda =     1.9332; f =         1171.5194383
Norm of dx   0.014677
----
Improvement on iteration 34 =        0.265140243
-----------------
f at the beginning of new iteration,      1171.5194382630
Predicted improvement:        0.130674136
lambda =          1; f =         1171.2863881
lambda =     1.9332; f =         1171.1195746
lambda =     3.7372; f =         1170.9341450
Norm of dx  0.0094367
----
Improvement on iteration 35 =        0.585293288
-----------------
f at the beginning of new iteration,      1170.9341449748
Predicted improvement:        0.232190903
lambda =          1; f =         1170.6238391
Norm of dx   0.022805
----
Improvement on iteration 36 =        0.310305891
-----------------
f at the beginning of new iteration,      1170.6238390838
Predicted improvement:        0.119363039
lambda =          1; f =         1170.4586108
Norm of dx    0.01848
----
Improvement on iteration 37 =        0.165228326
-----------------
f at the beginning of new iteration,      1170.4586107579
Predicted improvement:        0.072151891
lambda =          1; f =         1170.3573519
lambda =     1.9332; f =         1170.3406057
Norm of dx   0.013404
----
Improvement on iteration 38 =        0.118005103
-----------------
f at the beginning of new iteration,      1170.3406056547
Predicted improvement:        0.036187253
lambda =          1; f =         1170.2765377
lambda =     1.9332; f =         1170.2318937
lambda =     3.7372; f =         1170.1879852
Norm of dx  0.0038872
----
Improvement on iteration 39 =        0.152620492
-----------------
f at the beginning of new iteration,      1170.1879851628
Predicted improvement:        0.070860946
lambda =          1; f =         1170.0667797
lambda =     1.9332; f =         1169.9921033
lambda =     3.7372; f =         1169.9627068
Norm of dx   0.012727
----
Improvement on iteration 40 =        0.225278333
-----------------
f at the beginning of new iteration,      1169.9627068296
Predicted improvement:        0.092669063
lambda =          1; f =         1169.8284983
lambda =     1.9332; f =         1169.7880923
Norm of dx  0.0094004
----
Improvement on iteration 41 =        0.174614563
-----------------
f at the beginning of new iteration,      1169.7880922662
Predicted improvement:        0.072882903
lambda =          1; f =         1169.6525982
lambda =     1.9332; f =         1169.5448052
lambda =     3.7372; f =         1169.3882980
lambda =     7.2247; f =         1169.2867049
Norm of dx   0.013013
----
Improvement on iteration 42 =        0.501387340
-----------------
f at the beginning of new iteration,      1169.2867049262
Predicted improvement:        0.164567802
lambda =          1; f =         1169.0335146
lambda =     1.9332; f =         1168.9339266
Norm of dx   0.019746
----
Improvement on iteration 43 =        0.352778317
-----------------
f at the beginning of new iteration,      1168.9339266091
Predicted improvement:        0.070231080
lambda =          1; f =         1168.8428567
Norm of dx   0.014061
----
Improvement on iteration 44 =        0.091069897
-----------------
f at the beginning of new iteration,      1168.8428567122
Predicted improvement:        0.064033406
lambda =          1; f =         1168.7344901
lambda =     1.9332; f =         1168.6693664
lambda =     3.7372; f =         1168.6447829
Norm of dx   0.015334
----
Improvement on iteration 45 =        0.198073848
-----------------
f at the beginning of new iteration,      1168.6447828639
Predicted improvement:        0.139506514
lambda =          1; f =         1168.3973184
lambda =     1.9332; f =         1168.2226654
lambda =     3.7372; f =         1168.0362820
Norm of dx   0.014832
----
Improvement on iteration 46 =        0.608500828
-----------------
f at the beginning of new iteration,      1168.0362820356
Predicted improvement:        0.235960356
lambda =          1; f =         1167.7197594
Norm of dx   0.069377
----
Improvement on iteration 47 =        0.316522668
-----------------
f at the beginning of new iteration,      1167.7197593675
Predicted improvement:        0.082707782
lambda =          1; f =         1167.6170465
Norm of dx   0.046313
----
Improvement on iteration 48 =        0.102712839
-----------------
f at the beginning of new iteration,      1167.6170465282
Predicted improvement:        0.038601753
lambda =          1; f =         1167.5528965
lambda =     1.9332; f =         1167.5170029
Norm of dx   0.014508
----
Improvement on iteration 49 =        0.100043635
-----------------
f at the beginning of new iteration,      1167.5170028929
Predicted improvement:        0.074352139
lambda =          1; f =         1167.4062761
lambda =     1.9332; f =         1167.3741973
Norm of dx    0.02147
----
Improvement on iteration 50 =        0.142805628
-----------------
f at the beginning of new iteration,      1167.3741972653
Predicted improvement:        0.043228757
lambda =          1; f =         1167.3076574
lambda =     1.9332; f =         1167.2805913
Norm of dx   0.016301
----
Improvement on iteration 51 =        0.093605930
-----------------
f at the beginning of new iteration,      1167.2805913355
Predicted improvement:        0.049151480
lambda =          1; f =         1167.1942810
lambda =     1.9332; f =         1167.1353796
lambda =     3.7372; f =         1167.0808829
Norm of dx  0.0089307
----
Improvement on iteration 52 =        0.199708434
-----------------
f at the beginning of new iteration,      1167.0808829014
Predicted improvement:        0.131605684
lambda =          1; f =         1166.8599907
lambda =     1.9332; f =         1166.7297733
Norm of dx   0.037387
----
Improvement on iteration 53 =        0.351109649
-----------------
f at the beginning of new iteration,      1166.7297732528
Predicted improvement:        0.116105241
lambda =          1; f =         1166.6027729
Norm of dx   0.065576
----
Improvement on iteration 54 =        0.127000308
-----------------
f at the beginning of new iteration,      1166.6027729452
Predicted improvement:        0.025738094
lambda =          1; f =         1166.5619210
lambda =     1.9332; f =         1166.5428085
Norm of dx    0.01354
----
Improvement on iteration 55 =        0.059964456
-----------------
f at the beginning of new iteration,      1166.5428084891
Predicted improvement:        0.050989566
lambda =          1; f =         1166.4532883
lambda =     1.9332; f =         1166.3905006
lambda =     3.7372; f =         1166.3193980
Norm of dx    0.02166
----
Improvement on iteration 56 =        0.223410443
-----------------
f at the beginning of new iteration,      1166.3193980462
Predicted improvement:        0.093651747
lambda =          1; f =         1166.1713324
lambda =     1.9332; f =         1166.0982622
Norm of dx   0.021626
----
Improvement on iteration 57 =        0.221135878
-----------------
f at the beginning of new iteration,      1166.0982621681
Predicted improvement:        0.058962647
lambda =          1; f =         1166.0164875
Norm of dx   0.018916
----
Improvement on iteration 58 =        0.081774633
-----------------
f at the beginning of new iteration,      1166.0164875346
Predicted improvement:        0.052584673
lambda =          1; f =         1165.9368490
lambda =     1.9332; f =         1165.9067845
Norm of dx   0.031168
----
Improvement on iteration 59 =        0.109703012
-----------------
f at the beginning of new iteration,      1165.9067845225
Predicted improvement:        0.050992859
lambda =          1; f =         1165.8121834
lambda =     1.9332; f =         1165.7371257
lambda =     3.7372; f =         1165.6277815
lambda =     7.2247; f =         1165.5485608
Norm of dx    0.02434
----
Improvement on iteration 60 =        0.358223731
-----------------
f at the beginning of new iteration,      1165.5485607918
Predicted improvement:        0.232994230
lambda =          1; f =         1165.1724675
lambda =     1.9332; f =         1165.0012359
Norm of dx   0.065002
----
Improvement on iteration 61 =        0.547324912
-----------------
f at the beginning of new iteration,      1165.0012358798
Predicted improvement:        0.191819992
lambda =          1; f =         1164.7898245
Norm of dx   0.040319
----
Improvement on iteration 62 =        0.211411375
-----------------
f at the beginning of new iteration,      1164.7898245051
Predicted improvement:        0.038316180
lambda =          1; f =         1164.7387205
Norm of dx   0.015689
----
Improvement on iteration 63 =        0.051103974
-----------------
f at the beginning of new iteration,      1164.7387205307
Predicted improvement:        0.037626028
lambda =          1; f =         1164.6827054
lambda =     1.9332; f =         1164.6657378
Norm of dx    0.01525
----
Improvement on iteration 64 =        0.072982778
-----------------
f at the beginning of new iteration,      1164.6657377526
Predicted improvement:        0.043110480
lambda =          1; f =         1164.5933848
lambda =     1.9332; f =         1164.5513403
Norm of dx  0.0073024
----
Improvement on iteration 65 =        0.114397427
-----------------
f at the beginning of new iteration,      1164.5513403260
Predicted improvement:        0.089422100
lambda =          1; f =         1164.4497757
Norm of dx   0.045691
----
Improvement on iteration 66 =        0.101564640
-----------------
f at the beginning of new iteration,      1164.4497756861
Predicted improvement:        0.012828062
lambda =          1; f =         1164.4332300
Norm of dx  0.0078129
----
Improvement on iteration 67 =        0.016545659
-----------------
f at the beginning of new iteration,      1164.4332300274
Predicted improvement:        0.010166396
lambda =          1; f =         1164.4168101
lambda =     1.9332; f =         1164.4085467
Norm of dx  0.0077926
----
Improvement on iteration 68 =        0.024683288
-----------------
f at the beginning of new iteration,      1164.4085467394
Predicted improvement:        0.020165928
lambda =          1; f =         1164.3728808
lambda =     1.9332; f =         1164.3479692
lambda =     3.7372; f =         1164.3224459
Norm of dx  0.0091653
----
Improvement on iteration 69 =        0.086100824
-----------------
f at the beginning of new iteration,      1164.3224459150
Predicted improvement:        0.050075229
lambda =          1; f =         1164.2484163
lambda =     1.9332; f =         1164.2260374
Norm of dx   0.019772
----
Improvement on iteration 70 =        0.096408510
-----------------
f at the beginning of new iteration,      1164.2260374049
Predicted improvement:        0.020397273
lambda =          1; f =         1164.2021347
Norm of dx   0.015703
----
Improvement on iteration 71 =        0.023902666
-----------------
f at the beginning of new iteration,      1164.2021347392
Predicted improvement:        0.006438414
lambda =          1; f =         1164.1917329
lambda =     1.9332; f =         1164.1865597
Norm of dx  0.0074477
----
Improvement on iteration 72 =        0.015575017
-----------------
f at the beginning of new iteration,      1164.1865597222
Predicted improvement:        0.010781697
lambda =          1; f =         1164.1668801
lambda =     1.9332; f =         1164.1519505
lambda =     3.7372; f =         1164.1327006
Norm of dx  0.0080364
----
Improvement on iteration 73 =        0.053859141
-----------------
f at the beginning of new iteration,      1164.1327005815
Predicted improvement:        0.041644073
lambda =          1; f =         1164.0696005
lambda =     1.9332; f =         1164.0525887
Norm of dx   0.026444
----
Improvement on iteration 74 =        0.080111843
-----------------
f at the beginning of new iteration,      1164.0525887382
Predicted improvement:        0.019252257
lambda =          1; f =         1164.0275138
Norm of dx   0.014663
----
Improvement on iteration 75 =        0.025074890
-----------------
f at the beginning of new iteration,      1164.0275138486
Predicted improvement:        0.006619354
lambda =          1; f =         1164.0192704
Norm of dx   0.010482
----
Improvement on iteration 76 =        0.008243450
-----------------
f at the beginning of new iteration,      1164.0192703983
Predicted improvement:        0.003555267
lambda =          1; f =         1164.0130388
lambda =     1.9332; f =         1164.0088008
lambda =     3.7372; f =         1164.0048796
Norm of dx  0.0041263
----
Improvement on iteration 77 =        0.014390774
-----------------
f at the beginning of new iteration,      1164.0048796246
Predicted improvement:        0.010783898
lambda =          1; f =         1163.9852394
lambda =     1.9332; f =         1163.9704328
lambda =     3.7372; f =         1163.9517167
Norm of dx  0.0054944
----
Improvement on iteration 78 =        0.053162920
-----------------
f at the beginning of new iteration,      1163.9517167044
Predicted improvement:        0.025889483
lambda =          1; f =         1163.9234721
Norm of dx    0.03968
----
Improvement on iteration 79 =        0.028244631
-----------------
f at the beginning of new iteration,      1163.9234720735
Predicted improvement:        0.002737472
lambda =          1; f =         1163.9188197
lambda =     1.9332; f =         1163.9159699
lambda =     3.7372; f =         1163.9145765
Norm of dx  0.0047879
----
Improvement on iteration 80 =        0.008895561
-----------------
f at the beginning of new iteration,      1163.9145765124
Predicted improvement:        0.006826248
lambda =          1; f =         1163.9030344
lambda =     1.9332; f =         1163.8960153
lambda =     3.7372; f =         1163.8924650
Norm of dx  0.0036081
----
Improvement on iteration 81 =        0.022111520
-----------------
f at the beginning of new iteration,      1163.8924649922
Predicted improvement:        0.016231723
lambda =          1; f =         1163.8705681
Norm of dx   0.014409
----
Improvement on iteration 82 =        0.021896847
-----------------
f at the beginning of new iteration,      1163.8705681454
Predicted improvement:        0.007152634
lambda =          1; f =         1163.8616450
Norm of dx   0.017734
----
Improvement on iteration 83 =        0.008923142
-----------------
f at the beginning of new iteration,      1163.8616450038
Predicted improvement:        0.003000052
lambda =          1; f =         1163.8564162
lambda =     1.9332; f =         1163.8529316
lambda =     3.7372; f =         1163.8499736
Norm of dx   0.008738
----
Improvement on iteration 84 =        0.011671385
-----------------
f at the beginning of new iteration,      1163.8499736193
Predicted improvement:        0.007931500
lambda =          1; f =         1163.8349501
lambda =     1.9332; f =         1163.8224549
lambda =     3.7372; f =         1163.8024983
lambda =     7.2247; f =         1163.7798122
Norm of dx  0.0097708
----
Improvement on iteration 85 =        0.070161399
-----------------
f at the beginning of new iteration,      1163.7798122205
Predicted improvement:        0.025255682
lambda =          1; f =         1163.7527589
Norm of dx   0.016908
----
Improvement on iteration 86 =        0.027053299
-----------------
f at the beginning of new iteration,      1163.7527589216
Predicted improvement:        0.003586097
lambda =          1; f =         1163.7474851
lambda =     1.9332; f =         1163.7460074
Norm of dx  0.0043595
----
Improvement on iteration 87 =        0.006751474
-----------------
f at the beginning of new iteration,      1163.7460074473
Predicted improvement:        0.003173175
lambda =          1; f =         1163.7400784
lambda =     1.9332; f =         1163.7352991
lambda =     3.7372; f =         1163.7281309
lambda =     7.2247; f =         1163.7220778
Norm of dx  0.0035422
----
Improvement on iteration 88 =        0.023929680
-----------------
f at the beginning of new iteration,      1163.7220777674
Predicted improvement:        0.014706345
lambda =          1; f =         1163.6980176
lambda =     1.9332; f =         1163.6852376
Norm of dx   0.024847
----
Improvement on iteration 89 =        0.036840146
-----------------
f at the beginning of new iteration,      1163.6852376219
Predicted improvement:        0.009932056
lambda =          1; f =         1163.6743568
Norm of dx   0.038508
----
Improvement on iteration 90 =        0.010880849
-----------------
f at the beginning of new iteration,      1163.6743567733
Predicted improvement:        0.001344043
lambda =          1; f =         1163.6722306
lambda =     1.9332; f =         1163.6712485
Norm of dx  0.0042148
----
Improvement on iteration 91 =        0.003108283
-----------------
f at the beginning of new iteration,      1163.6712484905
Predicted improvement:        0.002026108
lambda =          1; f =         1163.6675196
lambda =     1.9332; f =         1163.6646185
lambda =     3.7372; f =         1163.6605677
lambda =     7.2247; f =         1163.6584007
Norm of dx  0.0056111
----
Improvement on iteration 92 =        0.012847789
-----------------
f at the beginning of new iteration,      1163.6584007020
Predicted improvement:        0.009670588
lambda =          1; f =         1163.6402431
lambda =     1.9332; f =         1163.6254770
lambda =     3.7372; f =         1163.6030607
lambda =     7.2247; f =         1163.5840402
Norm of dx   0.007739
----
Improvement on iteration 93 =        0.074360460
-----------------
f at the beginning of new iteration,      1163.5840402421
Predicted improvement:        0.024723474
lambda =          1; f =         1163.5469149
lambda =     1.9332; f =         1163.5348683
Norm of dx   0.044169
----
Improvement on iteration 94 =        0.049171972
-----------------
f at the beginning of new iteration,      1163.5348682705
Predicted improvement:        0.005189954
lambda =          1; f =         1163.5291544
Norm of dx   0.010724
----
Improvement on iteration 95 =        0.005713908
-----------------
f at the beginning of new iteration,      1163.5291543621
Predicted improvement:        0.000759243
lambda =          1; f =         1163.5282023
Norm of dx  0.0061353
----
Improvement on iteration 96 =        0.000952096
-----------------
f at the beginning of new iteration,      1163.5282022657
Predicted improvement:        0.000452957
lambda =          1; f =         1163.5274207
lambda =     1.9332; f =         1163.5269185
lambda =     3.7372; f =         1163.5265683
Norm of dx  0.0029052
----
Improvement on iteration 97 =        0.001633917
-----------------
f at the beginning of new iteration,      1163.5265683484
Predicted improvement:        0.001319306
lambda =          1; f =         1163.5240630
lambda =     1.9332; f =         1163.5219697
lambda =     3.7372; f =         1163.5185969
lambda =     7.2247; f =         1163.5146255
Norm of dx  0.0043076
----
Improvement on iteration 98 =        0.011942806
-----------------
f at the beginning of new iteration,      1163.5146255425
Predicted improvement:        0.009296534
lambda =          1; f =         1163.5019188
Norm of dx   0.018372
----
Improvement on iteration 99 =        0.012706732
-----------------
f at the beginning of new iteration,      1163.5019188101
Predicted improvement:        0.003032386
lambda =          1; f =         1163.4986331
Norm of dx   0.010281
----
Improvement on iteration 100 =        0.003285734
-----------------
f at the beginning of new iteration,      1163.4986330763
Predicted improvement:        0.000166222
lambda =          1; f =         1163.4983744
lambda =     1.9332; f =         1163.4982676
Norm of dx  0.0024908
----
Improvement on iteration 101 =        0.000365513
-----------------
f at the beginning of new iteration,      1163.4982675636
Predicted improvement:        0.000189582
lambda =          1; f =         1163.4979125
lambda =     1.9332; f =         1163.4976250
lambda =     3.7372; f =         1163.4971892
lambda =     7.2247; f =         1163.4967958
Norm of dx  0.0020737
----
Improvement on iteration 102 =        0.001471795
-----------------
f at the beginning of new iteration,      1163.4967957683
Predicted improvement:        0.001275978
lambda =          1; f =         1163.4943061
lambda =     1.9332; f =         1163.4921003
lambda =     3.7372; f =         1163.4881591
lambda =     7.2247; f =         1163.4817528
lambda =     13.967; f =         1163.4739493
Norm of dx  0.0028114
----
Improvement on iteration 103 =        0.022846432
-----------------
f at the beginning of new iteration,      1163.4739493366
Predicted improvement:        0.017710935
lambda =          1; f =         1163.4455685
lambda =     1.9332; f =         1163.4314246
Norm of dx   0.070512
----
Improvement on iteration 104 =        0.042524749
-----------------
f at the beginning of new iteration,      1163.4314245877
Predicted improvement:        0.011254912
lambda =          1; f =         1163.4170881
Norm of dx   0.064309
----
Improvement on iteration 105 =        0.014336474
-----------------
f at the beginning of new iteration,      1163.4170881137
Predicted improvement:        0.001681462
lambda =          1; f =         1163.4152539
Norm of dx   0.035224
----
Improvement on iteration 106 =        0.001834175
-----------------
f at the beginning of new iteration,      1163.4152539386
Predicted improvement:        0.000098379
lambda =          1; f =         1163.4151529
Norm of dx  0.0050377
----
Improvement on iteration 107 =        0.000101029
-----------------
f at the beginning of new iteration,      1163.4151529095
Predicted improvement:        0.000016886
lambda =          1; f =         1163.4151310
Norm of dx  0.0033862
----
Improvement on iteration 108 =        0.000021908
-----------------
f at the beginning of new iteration,      1163.4151310013
Predicted improvement:        0.000005132
lambda =          1; f =         1163.4151214
lambda =     1.9332; f =         1163.4151144
lambda =     3.7372; f =         1163.4151062
Norm of dx 0.00045993
----
Improvement on iteration 109 =        0.000024768
-----------------
f at the beginning of new iteration,      1163.4151062332
Predicted improvement:        0.000019536
lambda =          1; f =         1163.4150682
lambda =     1.9332; f =         1163.4150350
lambda =     3.7372; f =         1163.4149773
lambda =     7.2247; f =         1163.4148896
lambda =     13.967; f =         1163.4148087
Norm of dx 0.00034639
----
Improvement on iteration 110 =        0.000297530
-----------------
f at the beginning of new iteration,      1163.4148087027
Predicted improvement:        0.000266856
lambda =          1; f =         1163.4142833
lambda =     1.9332; f =         1163.4138068
lambda =     3.7372; f =         1163.4129236
lambda =     7.2247; f =         1163.4113588
lambda =     13.967; f =         1163.4088688
lambda =         27; f =         1163.4060792
Norm of dx  0.0024654
----
Improvement on iteration 111 =        0.008729513
-----------------
f at the beginning of new iteration,      1163.4060791898
Predicted improvement:        0.002797541
lambda =          1; f =         1163.4025688
Norm of dx   0.035619
----
Improvement on iteration 112 =        0.003510396
-----------------
f at the beginning of new iteration,      1163.4025687936
Predicted improvement:        0.000366286
lambda =          1; f =         1163.4022065
Norm of dx  0.0080196
----
Improvement on iteration 113 =        0.000362256
-----------------
f at the beginning of new iteration,      1163.4022065374
Predicted improvement:        0.000001125
lambda =          1; f =         1163.4022051
Norm of dx 0.00043448
----
Improvement on iteration 114 =        0.000001388
-----------------
f at the beginning of new iteration,      1163.4022051490
Predicted improvement:        0.000000019
lambda =          1; f =         1163.4022051
lambda =     1.9332; f =         1163.4022051
lambda =     3.7372; f =         1163.4022052
lambda =     2.5164; f =         1163.4022051
Norm of dx 3.8511e-05
----
Improvement on iteration 115 =        0.000000053
improvement < crit termination

Final value of minus the log posterior (or likelihood):1163.402205 

RESULTS FROM POSTERIOR ESTIMATION
parameters
              prior mean     mode    s.d.  prior pstdev

sigma             1.2000   0.3512  0.1167   gamm 0.4000 
phi               1.5000   1.6822  0.6319   gamm 0.7500 
theta_h           0.5000   0.5058  0.0844   beta 0.1000 
theta_f           0.5000   0.7859  0.0226   beta 0.1000 
eta               1.5000   0.8041  0.1241   gamm 0.7500 
h                 0.5000   0.1629  0.0753   beta 0.2500 
delta_h           0.5000   0.0441  0.0650   beta 0.2500 
delta_f           0.5000   0.0239  0.0326   beta 0.2500 
rho_i             0.5000   0.5937  0.1053   beta 0.2500 
psi_pi            1.5000   0.8653  0.1951   gamm 0.3000 
psi_y             0.2500   0.0121  0.0072   gamm 0.1300 
psi_e             0.2000   0.0333  0.0132   norm 0.0500 
psi_dy            0.2500   0.2956  0.1073   gamm 0.1300 
rho_i_star        0.5000   0.9068  0.0218   beta 0.1500 
rho_y_star        0.9000   0.9493  0.0225   beta 0.0500 
rho_pi_star       0.8000   0.4723  0.0760   beta 0.1000 
rho_a             0.8000   0.8818  0.0512   beta 0.1000 
rho_g             0.8000   0.9547  0.0144   beta 0.1000 
rho_rp            0.8000   0.9560  0.0198   beta 0.1000 
rho_gs            0.5000   0.5000  0.1756   beta 0.1500 
chi               1.5000   0.0428  0.0241   gamm 0.7500 

standard deviation of shocks
              prior mean     mode    s.d.  prior pstdev

epsilon_a         1.0000   0.6369  0.1100   invg    Inf 
epsilon_i         1.0000   0.4964  0.1104   invg    Inf 
epsilon_cp        1.0000   1.1581  0.1221   invg    Inf 
epsilon_rp        1.0000   0.5735  0.1023   invg    Inf 
epsilon_g         1.0000   3.1678  0.9321   invg    Inf 
epsilon_gs        1.0000   0.3629  0.0270   invg    Inf 
epsilon_astar     1.0000   0.4826  0.0356   invg    Inf 
epsilon_istar     1.0000   0.1450  0.0110   invg    Inf 


Log data density [Laplace approximation] is -1226.919657.


MODEL SUMMARY

  Number of variables:         28
  Number of stochastic shocks: 8
  Number of state variables:   16
  Number of jumpers:           7
  Number of static variables:  11


MATRIX OF COVARIANCE OF EXOGENOUS SHOCKS
Variables            epsilon_a      epsilon_i     epsilon_cp     epsilon_rp      epsilon_g     epsilon_gs  epsilon_astar  epsilon_istar
epsilon_a             0.405653       0.000000       0.000000       0.000000       0.000000       0.000000       0.000000       0.000000
epsilon_i             0.000000       0.246379       0.000000       0.000000       0.000000       0.000000       0.000000       0.000000
epsilon_cp            0.000000       0.000000       1.341233       0.000000       0.000000       0.000000       0.000000       0.000000
epsilon_rp            0.000000       0.000000       0.000000       0.328858       0.000000       0.000000       0.000000       0.000000
epsilon_g             0.000000       0.000000       0.000000       0.000000      10.035119       0.000000       0.000000       0.000000
epsilon_gs            0.000000       0.000000       0.000000       0.000000       0.000000       0.131704       0.000000       0.000000
epsilon_astar         0.000000       0.000000       0.000000       0.000000       0.000000       0.000000       0.232873       0.000000
epsilon_istar         0.000000       0.000000       0.000000       0.000000       0.000000       0.000000       0.000000       0.021022

POLICY AND TRANSITION FUNCTIONS
                                   y               c               i              pi            pi_h            pi_f              de             nfa              mc
y(-1)                       0.208532        0.242550       -0.021135        0.225152        0.255662        0.090743        0.463040       -0.072382        0.422057
s(-1)                      -0.002382       -0.074242        0.017107        0.031098        0.087740       -0.218434       -0.271975        0.104182        0.093201
i(-1)                      -0.418862       -0.487190        0.042453       -0.452245       -0.513528       -0.182268       -0.930070        0.145389       -0.847752
nfa(-1)                     0.007484        0.145917       -0.006908        0.012294        0.038498       -0.103145       -0.595221        0.988906        0.047607
eps_a(-1)                   0.745018        0.668109       -0.046993       -0.338350       -0.433160        0.079329        0.497110       -0.095191       -0.736791
eps_cp(-1)                 -0.085401       -0.107373        0.007945        0.059718       -0.050793        0.546565       -0.523465        0.109417       -0.078203
eps_rp(-1)                  0.055599        1.829338       -0.167477        0.092793        0.391288       -1.222202       -7.942775       -0.231937        0.562553
y_star(-1)                  0.058663        0.087272        0.011617        0.029822        0.079388       -0.188539       -0.966680        0.164913        0.085734
i_star(-1)                 -0.014008       -1.205357        0.153193       -0.029987       -0.211079        0.767796        5.501046        0.134606       -0.348192
c(-1)                       0.053845        0.073341        0.031242        0.017194        0.020259        0.003688       -0.006083       -0.014622        0.049939
q(-1)                       0.023528        0.027367       -0.002385        0.025404        0.028846        0.010238       -0.947756       -0.008167        0.047620
pi_h(-1)                   -0.022004       -0.022513        0.001506        0.009667        0.011927       -0.000289       -0.002694        0.003214       -0.048722
pi_f(-1)                   -0.002834       -0.004960        0.000675        0.002113       -0.001343        0.017338       -0.008442        0.003440       -0.003393
eps_g(-1)                   0.036299        0.117968        0.061480        0.067289        0.085357       -0.012312       -0.237353       -0.021967        0.092490
pi_star(-1)                 0.003532        0.077550       -0.015296        0.012689        0.020134       -0.020108       -0.820528       -0.005873        0.031034
epsilon_a                   0.844879        0.757661       -0.053292       -0.383702       -0.491220        0.089962        0.563742       -0.107950       -0.835549
epsilon_i                  -0.705534       -0.820627        0.071508       -0.761765       -0.864991       -0.307014       -1.566618        0.244894       -1.427960
epsilon_cp                 -0.170801       -0.214747        0.015890        0.119437       -0.101586        1.093131       -1.046929        0.218834       -0.156407
epsilon_rp                  0.058155        1.913444       -0.175177        0.097059        0.409278       -1.278393       -8.307952       -0.242601        0.588417
epsilon_g                   0.038020        0.123561        0.064394        0.070479        0.089404       -0.012896       -0.248606       -0.023008        0.096875
epsilon_gs                  0.007479        0.164193       -0.032385        0.026867        0.042629       -0.042574       -1.737260       -0.012435        0.065707
epsilon_astar               0.061795        0.091933        0.012237        0.031414        0.083628       -0.198608       -1.018302        0.173720        0.090313
epsilon_istar              -0.015448       -1.329293        0.168945       -0.033070       -0.232782        0.846742        6.066670        0.148446       -0.383994


THEORETICAL MOMENTS
VARIABLE         MEAN  STD. DEV.   VARIANCE
y              0.0000     1.6438     2.7021
c              0.0000     3.8793    15.0491
i              0.0000     0.7973     0.6357
pi             0.0000     0.6406     0.4104
pi_h           0.0000     0.7870     0.6194
pi_f           0.0000     1.8728     3.5074
de             0.0000     5.3659    28.7931
nfa            0.0000    22.9427   526.3656
mc             0.0000     1.0640     1.1322



VARIANCE DECOMPOSITION (in percent)
            epsilon_a      epsilon_i     epsilon_cp     epsilon_rp      epsilon_g     epsilon_gs  epsilon_astar  epsilon_istar
y               87.65           5.03           4.61           1.41           0.77           0.00           0.51           0.02
c               10.94           1.38           5.68          73.51           5.11           0.03           1.86           1.48
i                0.35           0.21           0.66          10.95          87.36           0.03           0.04           0.41
pi              15.43          37.76           5.09           6.20          35.23           0.03           0.08           0.19
pi_h            16.94          31.54           4.80          18.04          27.78           0.04           0.43           0.43
pi_f             0.23           1.61          60.24          32.11           4.31           0.01           0.65           0.83
de               0.47           2.11           5.28          83.66           3.33           1.38           0.85           2.91
nfa              0.43           0.17           4.85          87.42           5.87           0.00           0.50           0.75
mc              26.21          46.82           4.65          12.41           9.30           0.06           0.21           0.33



MATRIX OF CORRELATIONS
Variables          y        c        i       pi     pi_h     pi_f       de      nfa       mc
y             1.0000   0.4781  -0.0523   0.0184   0.0323  -0.0257   0.0545  -0.0280   0.0138
c             0.4781   1.0000  -0.1855  -0.0677   0.0713  -0.2572  -0.0665   0.1480   0.2253
i            -0.0523  -0.1855   1.0000   0.5780   0.4541   0.2280   0.0922  -0.0572   0.0518
pi            0.0184  -0.0677   0.5780   1.0000   0.8539   0.2681  -0.1277  -0.0320   0.7238
pi_h          0.0323   0.0713   0.4541   0.8539   1.0000  -0.2724  -0.2417   0.0759   0.8768
pi_f         -0.0257  -0.2572   0.2280   0.2681  -0.2724   1.0000   0.2115  -0.1997  -0.2849
de            0.0545  -0.0665   0.0922  -0.1277  -0.2417   0.2115   1.0000  -0.0825  -0.2110
nfa          -0.0280   0.1480  -0.0572  -0.0320   0.0759  -0.1997  -0.0825   1.0000   0.0043
mc            0.0138   0.2253   0.0518   0.7238   0.8768  -0.2849  -0.2110   0.0043   1.0000



COEFFICIENTS OF AUTOCORRELATION
Order           1        2        3        4        5
y          0.8923   0.7806   0.6818   0.5958   0.5209
c          0.9290   0.8502   0.7711   0.6929   0.6170
i          0.9532   0.9094   0.8674   0.8270   0.7882
pi         0.4743   0.3131   0.2685   0.2502   0.2375
pi_h       0.4502   0.2572   0.1926   0.1635   0.1456
pi_f       0.4996   0.2268   0.0871   0.0159  -0.0201
de        -0.0297  -0.0344  -0.0323  -0.0299  -0.0276
nfa        0.9984   0.9939   0.9866   0.9768   0.9649
mc         0.2755   0.0740   0.0208   0.0044  -0.0019
[Warning: Exported image displays axes toolbar. To remove axes toolbar from image, export again.] 
Total computing time : 0h00m56s
Note: warning(s) encountered in MATLAB/Octave code
