Starting Dynare (version 6.4).
Calling Dynare with arguments: none
Starting preprocessing of the model file ... 
Found 28 equation(s). 
Evaluating expressions... 
Computing static model derivatives (order 1). 
Normalizing the static model... 
Finding the optimal block decomposition of the static model... 
6 block(s) found: 
  5 recursive block(s) and 1 simultaneous block(s). 
  the largest simultaneous block has 20 equation(s) 
                                 and 20 feedback variable(s). 
Computing dynamic model derivatives (order 2). 
Normalizing the dynamic model... 
Finding the optimal block decomposition of the dynamic model... 
3 block(s) found: 
  2 recursive block(s) and 1 simultaneous block(s). 
  the largest simultaneous block has 20 equation(s) 
                                 and 19 feedback variable(s). 
Preprocessing completed. 
Preprocessing time: 0h00m00s.


Residuals of the static equations:
Equation number  1: R      :       0.000000
Equation number  2: lambda :       0.000000
Equation number  3: 3      :       0.000000
Equation number  4: Pi     :       0.000000
Equation number  5: mc     :       0.000000
Equation number  6: m      :       0.000000
Equation number  7: n      :       0.000000
Equation number  8: 8      :       0.000000
Equation number  9: q      :       0.000000
Equation number 10: s      :       0.000000
Equation number 11: 11     :       0.000000
Equation number 12: w      :       0.000000
Equation number 13: 13     :       0.000000
Equation number 14: deltaF :       0.000000
Equation number 15: 15     :       0.000000
Equation number 16: 16     :       0.000000
Equation number 17: 17     :       0.000000
Equation number 18: 18     :       0.000000
Equation number 19: 19     :       0.000000
Equation number 20: y      :       0.000000
Equation number 21: eb     :       0.000000
Equation number 22: g      :       0.000000
Equation number 23: emoney :       0.000000
Equation number 24: z      :       0.000000
Equation number 25: yobs   :       0.000000
Equation number 26: cobs   :       0.000000
Equation number 27: piobs  :       0.000000
Equation number 28: labobs :       0.000000



STEADY-STATE RESULTS:

y         		 0
c         		 0
Pi        		 0
R         		 0
lambda    		 0
w         		 0
wstar     		 0
Jstar     		 0
deltaW    		 0
deltaF    		 0
Deltastar 		 0
h         		 0
mc        		 0
m         		 0
n         		 0
u         		 0
v         		 0
s         		 0
q         		 0
xL        		 0
z         		 0
g         		 0
eb        		 0
emoney    		 0
yobs      		 0
cobs      		 0
piobs     		 0
labobs    		 0

EIGENVALUES:
         Modulus             Real        Imaginary
               0                0                0
       2.663e-16       -2.663e-16                0
       1.389e-15       -1.389e-15                0
          0.0841           0.0841                0
          0.4017           0.4017                0
          0.6712           0.6712                0
          0.7279           0.7198            0.108
          0.7279           0.7198           -0.108
          0.7912           0.7912                0
             0.9              0.9                0
           1.109            1.109                0
            1.31             1.31                0
           1.443            1.443                0
           2.211            2.211                0
           2.515            2.515                0
            10.1             10.1                0
       1.038e+34        1.038e+34                0

There are 7 eigenvalue(s) larger than 1 in modulus for 7 forward-looking variable(s)
The rank condition is verified.


You did not declare endogenous variables after the estimation/calib_smoother command.
Initial value of the log posterior (or likelihood): -187898.84
[Warning: gmhmaxlik: Unknown option (MaxIter)!] 
[> In <a href="matlab:matlab.lang.internal.introspective.errorDocCallback('gmhmaxlik', 'D:\dynare\6.4\matlab\optimization\gmhmaxlik.m', 59)" style="font-weight:bold">gmhmaxlik</a> (<a href="matlab: opentoline('D:\dynare\6.4\matlab\optimization\gmhmaxlik.m',59,0)">line 59</a>)
In <a href="matlab:matlab.lang.internal.introspective.errorDocCallback('dynare_minimize_objective', 'D:\dynare\6.4\matlab\optimization\dynare_minimize_objective.m', 345)" style="font-weight:bold">dynare_minimize_objective</a> (<a href="matlab: opentoline('D:\dynare\6.4\matlab\optimization\dynare_minimize_objective.m',345,0)">line 345</a>)
In <a href="matlab:matlab.lang.internal.introspective.errorDocCallback('dynare_estimation_1', 'D:\dynare\6.4\matlab\estimation\dynare_estimation_1.m', 244)" style="font-weight:bold">dynare_estimation_1</a> (<a href="matlab: opentoline('D:\dynare\6.4\matlab\estimation\dynare_estimation_1.m',244,0)">line 244</a>)
In <a href="matlab:matlab.lang.internal.introspective.errorDocCallback('dynare_estimation', 'D:\dynare\6.4\matlab\estimation\dynare_estimation.m', 105)" style="font-weight:bold">dynare_estimation</a> (<a href="matlab: opentoline('D:\dynare\6.4\matlab\estimation\dynare_estimation.m',105,0)">line 105</a>)
In <a href="matlab:matlab.lang.internal.introspective.errorDocCallback('CK08_estRTM_q7.driver', 'E:\IHEID Economics\IHEID\Demystifying DSGE\PS\PS5\+CK08_estRTM_q7\driver.m', 908)" style="font-weight:bold">CK08_estRTM_q7.driver</a> (<a href="matlab: opentoline('E:\IHEID Economics\IHEID\Demystifying DSGE\PS\PS5\+CK08_estRTM_q7\driver.m',908,0)">line 908</a>)
In <a href="matlab:matlab.lang.internal.introspective.errorDocCallback('dynare', 'D:\dynare\6.4\matlab\dynare.m', 308)" style="font-weight:bold">dynare</a> (<a href="matlab: opentoline('D:\dynare\6.4\matlab\dynare.m',308,0)">line 308</a>)] 

==========================================================
   Change in the posterior covariance matrix = 0.9991.
   Change in the posterior mean = 1.4595.
   Current mode = 488.6092
   Mode improvement = 187410.2308
   New value of jscale = 0.0060844
==========================================================

==========================================================
   Change in the posterior covariance matrix = 0.016804.
   Change in the posterior mean = 1.098.
   Current mode = 367.4033
   Mode improvement = 121.2059
   New value of jscale = 0.11007
==========================================================

==========================================================
   Change in the posterior covariance matrix = 0.016662.
   Change in the posterior mean = 0.70863.
   Current mode = 542.5887
   Mode improvement = 175.1855
   New value of jscale = 0.25154
==========================================================

Optimal value of the scale parameter = 0.25154


Final value of minus the log posterior (or likelihood):542.588745 

RESULTS FROM POSTERIOR ESTIMATION
parameters
           prior mean     mode    s.d.  prior pstdev

omega          0.5000   0.4942  0.0056   beta 0.2000 
gamma          0.5000   0.7331  0.0058   beta 0.2000 
habit          0.5000   0.9378  0.0086   beta 0.2000 
xi             0.5000   0.7427  0.0095   beta 0.2000 
wage_index     0.5000   0.7229  0.0038   unif 0.2887 
vtheta         0.1000   0.1616  0.0037   beta 0.0500 
vphi           2.0000   0.6252  0.0417   gamm 1.0000 
sig            1.5000   0.1015  0.0466   gamm 1.0000 
eta            0.5000   0.2766  0.0292   beta 0.2000 
phi_R          0.8500   0.9673  0.0011   gamm 0.2000 
phi_Pi         1.5000   2.5387  0.0093   gamm 0.2000 
phi_y          0.5000   0.2150  0.0268   gamm 0.2000 
rho_z          0.5000   0.8922  0.0059   beta 0.2000 
rho_eb         0.5000   0.5955  0.0595   beta 0.2000 
rho_g          0.5000   0.7826  0.0337   beta 0.2000 
rho_emoney     0.5000   0.3790  0.0080   beta 0.2000 

standard deviation of shocks
           prior mean     mode    s.d.  prior pstdev

inno_eb        1.0000   3.1336  0.0600   invg 0.5000 
inno_z         1.0000   0.4004  0.0463   invg 0.5000 
interest_      1.0000   0.6971  0.0917   invg 0.5000 
g_             1.0000   1.3376  0.0890   invg 0.5000 


Log data density [Laplace approximation] is -639.742934.


MODEL SUMMARY

  Number of variables:         28
  Number of stochastic shocks: 4
  Number of state variables:   10
  Number of jumpers:           7
  Number of static variables:  12


MATRIX OF COVARIANCE OF EXOGENOUS SHOCKS
Variables      inno_eb     inno_z  interest_         g_
inno_eb       9.819166   0.000000   0.000000   0.000000
inno_z        0.000000   0.160310   0.000000   0.000000
interest_     0.000000   0.000000   0.485957   0.000000
g_            0.000000   0.000000   0.000000   1.789172

POLICY AND TRANSITION FUNCTIONS
                                   y               c              Pi               R          lambda               w           wstar           Jstar          deltaW          deltaF       Deltastar               h              mc               m               n               u               v               s               q              xL               z               g              eb          emoney            yobs            cobs           piobs          labobs
c(-1)                       0.513751        0.795297       -0.032115        0.003618        0.232696        0.003051       -0.076790       70.833918     -319.584660        6.114432     -254.865174        0.518941        0.008240        0.961933               0               0        3.738508        0.961933       -2.776575        0.008240               0               0               0               0        0.513751        0.795297       -0.032115        0.518941
R(-1)                      -2.627642       -4.019335       -0.614331        0.948748        6.560966        0.034590       -1.557985     1268.731422    -6618.524205      126.979692    -5476.772475       -2.654183        0.008048      -22.943088               0               0      -89.167238      -22.943088       66.224150        0.008048               0               0               0               0       -2.627642       -4.019335       -0.614331       -2.654183
w(-1)                       0.037897        0.061182        0.508612        0.000267       -0.099870        0.342104       -0.067987      342.292851    -1320.320927       25.455498    -1003.483575        0.038280        0.342487       -0.867711               0               0       -3.372319       -0.867711        2.504608        0.342487               0               0               0               0        0.037897        0.061182        0.508612        0.038280
m(-1)                       0.000973        0.000161       -0.000318        0.000007       -0.000263        0.000452        0.000819       -0.672149        4.805132       -0.089354        4.222338       -0.162271       -0.001171       -1.384867        0.161621       -1.454585       -1.183628        0.069719       -0.201239       -0.001171               0               0               0               0        0.000973        0.000161       -0.000318       -0.162271
n(-1)                       0.005046        0.000834       -0.001648        0.000036       -0.001362        0.002343        0.004250       -3.486658       24.925806       -0.463511       21.902659       -0.841751       -0.006075       -7.183762        0.838379       -7.545415       -6.139867        0.361653       -1.043894       -0.006075               0               0               0               0        0.005046        0.000834       -0.001648       -0.841751
z(-1)                      -0.320255       -0.498076       -0.849414       -0.002255        0.813034        0.607469       -0.057166      554.714600    -2555.694447       47.914323    -2048.894170       -1.224693       -0.296969        0.264314               0               0        1.027245        0.264314       -0.762931       -0.296969        0.892192               0               0               0       -0.320255       -0.498076       -0.849414       -1.224693
g(-1)                       0.254570       -0.027308       -0.002986        0.001793        0.044576       -0.000723       -0.010910       10.155695      -48.072598        0.933190      -38.850093        0.257141        0.001849        0.327741               0               0        1.273752        0.327741       -0.946010        0.001849               0        0.782614               0               0        0.254570       -0.027308       -0.002986        0.257141
eb(-1)                     -0.416977       -0.642101       -0.021696       -0.002936        1.048134       -0.022222       -0.142868       94.569228     -698.470026       13.060495     -616.961293       -0.421189       -0.026434       -2.044836               0               0       -7.947158       -2.044836        5.902322       -0.026434               0               0        0.595509               0       -0.416977       -0.642101       -0.021696       -0.421189
emoney(-1)                 -1.569909       -2.399743       -0.390183        0.367957        3.917223        0.029928       -0.959709      788.480033    -4044.285405       77.767599    -3333.572970       -1.585766        0.014070      -14.321544               0               0      -55.660010      -14.321544       41.338466        0.014070               0               0               0        0.379012       -1.569909       -2.399743       -0.390183       -1.585766
Pi(-1)                     -0.198460       -0.301250        0.314874        0.081742        0.491745        0.250282       -0.183064      356.498062    -1523.356499       29.316344    -1196.174781       -0.200465        0.248277       -2.599325               0               0      -10.102154       -2.599325        7.502829        0.248277               0               0               0               0       -0.198460       -0.301250        0.314874       -0.200465
inno_eb                    -0.254874       -0.392479       -0.013261       -0.001795        0.640663       -0.013583       -0.087327       57.804646     -426.933937        7.983118     -377.112409       -0.257448       -0.016158       -1.249889               0               0       -4.857634       -1.249889        3.607745       -0.016158               0               0        0.364000               0       -0.254874       -0.392479       -0.013261       -0.257448
inno_z                     -0.245847       -0.382353       -0.652061       -0.001731        0.624134        0.466330       -0.043884      425.832275    -1961.904698       36.781915    -1572.854338       -0.940148       -0.227972        0.202903               0               0        0.788575        0.202903       -0.585671       -0.227972        0.684900               0               0               0       -0.245847       -0.382353       -0.652061       -0.940148
interest_                  -1.035527       -1.582895       -0.257368        0.242708        2.583839        0.019741       -0.633034      520.089349    -2667.651273       51.296289    -2198.858213       -1.045987        0.009281       -9.446634               0               0      -36.713902       -9.446634       27.267267        0.009281               0               0               0        0.250000       -1.035527       -1.582895       -0.257368       -1.045987
g_                          0.325281       -0.034894       -0.003815        0.002291        0.056958       -0.000923       -0.013941       12.976642      -61.425717        1.192402      -49.641478        0.328567        0.002362        0.418778               0               0        1.627561        0.418778       -1.208783        0.002362               0        1.000000               0               0        0.325281       -0.034894       -0.003815        0.328567


THEORETICAL MOMENTS
VARIABLE              MEAN      STD. DEV.       VARIANCE
y                   0.0000         6.9541        48.3589
c                   0.0000        10.6885       114.2443
Pi                  0.0000         0.6265         0.3925
R                   0.0000         0.5385         0.2900
lambda              0.0000         3.6547        13.3565
w                   0.0000         0.4862         0.2364
wstar               0.0000         0.7619         0.5804
Jstar               0.0000       643.4923    414082.2900
deltaW              0.0000      3202.5996  10256644.3894
deltaF              0.0000        60.9807      3718.6413
Deltastar           0.0000      2652.5560   7036053.3901
h                   0.0000         4.6497        21.6196
mc                  0.0000         0.2565         0.0658
m                   0.0000         8.8647        78.5826
n                   0.0000         2.5900         6.7082
u                   0.0000        23.3102       543.3662
v                   0.0000        75.2975      5669.7157
s                   0.0000        24.8595       617.9951
q                   0.0000        71.7558      5148.8954
xL                  0.0000         0.2565         0.0658
z                   0.0000         0.6072         0.3686
g                   0.0000         2.1487         4.6170
eb                  0.0000         1.4198         2.0159
emoney              0.0000         0.1883         0.0355
yobs                0.0000         6.9541        48.3589
cobs                0.0000        10.6885       114.2443
piobs               0.0000         0.6265         0.3925
labobs              0.0000         4.6497        21.6196



VARIANCE DECOMPOSITION (in percent)
               inno_eb     inno_z  interest_         g_
y                11.53      14.74      72.94       0.79
c                11.64      14.80      73.32       0.23
Pi                8.63      53.71      37.59       0.07
R                 1.84      22.36      75.70       0.10
lambda           39.19       4.83      55.85       0.13
w                 4.25      88.04       7.68       0.03
wstar            24.52       7.71      67.63       0.14
Jstar            21.60      19.97      58.28       0.15
deltaW           26.84      12.73      60.30       0.13
deltaF           26.41      12.13      61.33       0.14
Deltastar        28.56      11.08      60.23       0.13
h                15.10      12.24      71.17       1.48
mc               18.86      42.70      38.38       0.07
m                27.85       1.78      69.66       0.71
n                 8.71      16.11      74.99       0.19
u                 8.71      16.11      74.99       0.19
v                 7.55      16.98      75.31       0.16
s                 6.92      17.45      75.49       0.14
q                 6.92      17.45      75.49       0.14
xL               18.86      42.70      38.38       0.07
z                 0.00     100.00       0.00       0.00
g                 0.00       0.00       0.00     100.00
eb              100.00       0.00       0.00       0.00
emoney            0.00       0.00     100.00       0.00
yobs             11.53      14.74      72.94       0.79
cobs             11.64      14.80      73.32       0.23
piobs             8.63      53.71      37.59       0.07
labobs           15.10      12.24      71.17       1.48



MATRIX OF CORRELATIONS
Variables            y          c         Pi          R     lambda          w      wstar      Jstar     deltaW     deltaF  Deltastar          h         mc          m          n          u          v          s          q         xL          z          g         eb     emoney       yobs       cobs      piobs     labobs
y               1.0000     0.9942     0.0062    -0.7642    -0.3888     0.3504     0.0746     0.2600    -0.0245     0.0242     0.0329     0.9647     0.4796     0.2157     0.9348    -0.9348     0.9341     0.9535    -0.9535     0.4796     0.1518     0.0798    -0.2581    -0.2112     1.0000     0.9942     0.0062     0.9647
c               0.9942     1.0000     0.0078    -0.7677    -0.3922     0.3518     0.0764     0.2589    -0.0226     0.0222     0.0350     0.9557     0.4816     0.2144     0.9352    -0.9352     0.9338     0.9534    -0.9534     0.4816     0.1514    -0.0278    -0.2590    -0.2105     0.9942     1.0000     0.0078     0.9557
Pi              0.0062     0.0078     1.0000    -0.1972    -0.4647    -0.5005     0.4544    -0.7566     0.7496    -0.7462     0.7387     0.0771     0.7377     0.1633     0.0453    -0.0453     0.1152     0.1007    -0.1007     0.7377    -0.7066    -0.0201    -0.0196    -0.4172     0.0062     0.0078     1.0000     0.0771
R              -0.7642    -0.7677    -0.1972     1.0000     0.6150    -0.5160    -0.5406     0.1091    -0.2896     0.2983    -0.3300    -0.6428    -0.2798    -0.3468    -0.8287     0.8287    -0.8992    -0.9008     0.9008    -0.2798    -0.3442     0.0236    -0.0580     0.4977    -0.7642    -0.7677    -0.1972    -0.6428
lambda         -0.3888    -0.3922    -0.4647     0.6150     1.0000    -0.3217    -0.9021     0.6257    -0.8128     0.8139    -0.8483    -0.3337    -0.3908    -0.5714    -0.4232     0.4232    -0.6396    -0.6006     0.6006    -0.3908    -0.1180     0.0353     0.5459     0.6477    -0.3888    -0.3922    -0.4647    -0.3337
w               0.3504     0.3518    -0.5005    -0.5160    -0.3217     1.0000     0.3108     0.3731    -0.2084     0.2004    -0.1658     0.1600    -0.2817     0.1320     0.4378    -0.4378     0.4516     0.4576    -0.4576    -0.2817     0.9321    -0.0132    -0.1594    -0.0247     0.3504     0.3518    -0.5005     0.1600
wstar           0.0746     0.0764     0.4544    -0.5406    -0.9021     0.3108     1.0000    -0.7604     0.8526    -0.8586     0.8646    -0.0089     0.1039     0.5578     0.1681    -0.1681     0.4054     0.3565    -0.3565     0.1039     0.2043    -0.0331    -0.2399    -0.7269     0.0746     0.0764     0.4544    -0.0089
Jstar           0.2600     0.2589    -0.7566     0.1091     0.6257     0.3731    -0.7604     1.0000    -0.9592     0.9598    -0.9376     0.2160    -0.2288    -0.4289     0.2176    -0.2176    -0.0018     0.0511    -0.0511    -0.2288     0.4120     0.0289     0.1065     0.6612     0.2600     0.2589    -0.7566     0.2160
deltaW         -0.0245    -0.0226     0.7496    -0.2896    -0.8128    -0.2084     0.8526    -0.9592     1.0000    -0.9999     0.9977     0.0004     0.3594     0.5119     0.0082    -0.0082     0.2415     0.1902    -0.1902     0.3594    -0.3188    -0.0314    -0.2986    -0.7080    -0.0245    -0.0226     0.7496     0.0004
deltaF          0.0242     0.0222    -0.7462     0.2983     0.8139     0.2004    -0.8586     0.9598    -0.9999     1.0000    -0.9973     0.0018    -0.3504    -0.5150    -0.0105     0.0105    -0.2450    -0.1935     0.1935    -0.3504     0.3087     0.0322     0.2878     0.7148     0.0242     0.0222    -0.7462     0.0018
Deltastar       0.0329     0.0350     0.7387    -0.3300    -0.8483    -0.1658     0.8646    -0.9376     0.9977    -0.9973     1.0000     0.0528     0.3865     0.5258     0.0629    -0.0629     0.2968     0.2465    -0.2465     0.3865    -0.2920    -0.0317    -0.3413    -0.7109     0.0329     0.0350     0.7387     0.0528
h               0.9647     0.9557     0.0771    -0.6428    -0.3337     0.1600    -0.0089     0.2160     0.0004     0.0018     0.0528     1.0000     0.5549     0.3161     0.8198    -0.8198     0.8772     0.8814    -0.8814     0.5549    -0.0297     0.1114    -0.2957    -0.2087     0.9647     0.9557     0.0771     1.0000
mc              0.4796     0.4816     0.7377    -0.2798    -0.3908    -0.2817     0.1039    -0.2288     0.3594    -0.3504     0.3865     0.5549     1.0000     0.0344     0.4433    -0.4433     0.4119     0.4280    -0.4280     1.0000    -0.6056    -0.0048    -0.3556    -0.0846     0.4796     0.4816     0.7377     0.5549
m               0.2157     0.2144     0.1633    -0.3468    -0.5714     0.1320     0.5578    -0.4289     0.5119    -0.5150     0.5258     0.3161     0.0344     1.0000    -0.0096     0.0096     0.4490     0.3476    -0.3476     0.0344     0.1154     0.0130    -0.2546    -0.6379     0.2157     0.2144     0.1633     0.3161
n               0.9348     0.9352     0.0453    -0.8287    -0.4232     0.4378     0.1681     0.2176     0.0082    -0.0105     0.0629     0.8198     0.4433    -0.0096     1.0000    -1.0000     0.8892     0.9343    -0.9343     0.4433     0.2260     0.0163    -0.1675    -0.1960     0.9348     0.9352     0.0453     0.8198
u              -0.9348    -0.9352    -0.0453     0.8287     0.4232    -0.4378    -0.1681    -0.2176    -0.0082     0.0105    -0.0629    -0.8198    -0.4433     0.0096    -1.0000     1.0000    -0.8892    -0.9343     0.9343    -0.4433    -0.2260    -0.0163     0.1675     0.1960    -0.9348    -0.9352    -0.0453    -0.8198
v               0.9341     0.9338     0.1152    -0.8992    -0.6396     0.4516     0.4054    -0.0018     0.2415    -0.2450     0.2968     0.8772     0.4119     0.4490     0.8892    -0.8892     1.0000     0.9939    -0.9939     0.4119     0.2548     0.0205    -0.2662    -0.4670     0.9341     0.9338     0.1152     0.8772
s               0.9535     0.9534     0.1007    -0.9008    -0.6006     0.4576     0.3565     0.0511     0.1902    -0.1935     0.2465     0.8814     0.4280     0.3476     0.9343    -0.9343     0.9939     1.0000    -1.0000     0.4280     0.2531     0.0199    -0.2479    -0.4113     0.9535     0.9534     0.1007     0.8814
q              -0.9535    -0.9534    -0.1007     0.9008     0.6006    -0.4576    -0.3565    -0.0511    -0.1902     0.1935    -0.2465    -0.8814    -0.4280    -0.3476    -0.9343     0.9343    -0.9939    -1.0000     1.0000    -0.4280    -0.2531    -0.0199     0.2479     0.4113    -0.9535    -0.9534    -0.1007    -0.8814
xL              0.4796     0.4816     0.7377    -0.2798    -0.3908    -0.2817     0.1039    -0.2288     0.3594    -0.3504     0.3865     0.5549     1.0000     0.0344     0.4433    -0.4433     0.4119     0.4280    -0.4280     1.0000    -0.6056    -0.0048    -0.3556    -0.0846     0.4796     0.4816     0.7377     0.5549
z               0.1518     0.1514    -0.7066    -0.3442    -0.1180     0.9321     0.2043     0.4120    -0.3188     0.3087    -0.2920    -0.0297    -0.6056     0.1154     0.2260    -0.2260     0.2548     0.2531    -0.2531    -0.6056     1.0000     0.0000     0.0000     0.0000     0.1518     0.1514    -0.7066    -0.0297
g               0.0798    -0.0278    -0.0201     0.0236     0.0353    -0.0132    -0.0331     0.0289    -0.0314     0.0322    -0.0317     0.1114    -0.0048     0.0130     0.0163    -0.0163     0.0205     0.0199    -0.0199    -0.0048     0.0000     1.0000     0.0000     0.0000     0.0798    -0.0278    -0.0201     0.1114
eb             -0.2581    -0.2590    -0.0196    -0.0580     0.5459    -0.1594    -0.2399     0.1065    -0.2986     0.2878    -0.3413    -0.2957    -0.3556    -0.2546    -0.1675     0.1675    -0.2662    -0.2479     0.2479    -0.3556     0.0000     0.0000     1.0000     0.0000    -0.2581    -0.2590    -0.0196    -0.2957
emoney         -0.2112    -0.2105    -0.4172     0.4977     0.6477    -0.0247    -0.7269     0.6612    -0.7080     0.7148    -0.7109    -0.2087    -0.0846    -0.6379    -0.1960     0.1960    -0.4670    -0.4113     0.4113    -0.0846     0.0000     0.0000     0.0000     1.0000    -0.2112    -0.2105    -0.4172    -0.2087
yobs            1.0000     0.9942     0.0062    -0.7642    -0.3888     0.3504     0.0746     0.2600    -0.0245     0.0242     0.0329     0.9647     0.4796     0.2157     0.9348    -0.9348     0.9341     0.9535    -0.9535     0.4796     0.1518     0.0798    -0.2581    -0.2112     1.0000     0.9942     0.0062     0.9647
cobs            0.9942     1.0000     0.0078    -0.7677    -0.3922     0.3518     0.0764     0.2589    -0.0226     0.0222     0.0350     0.9557     0.4816     0.2144     0.9352    -0.9352     0.9338     0.9534    -0.9534     0.4816     0.1514    -0.0278    -0.2590    -0.2105     0.9942     1.0000     0.0078     0.9557
piobs           0.0062     0.0078     1.0000    -0.1972    -0.4647    -0.5005     0.4544    -0.7566     0.7496    -0.7462     0.7387     0.0771     0.7377     0.1633     0.0453    -0.0453     0.1152     0.1007    -0.1007     0.7377    -0.7066    -0.0201    -0.0196    -0.4172     0.0062     0.0078     1.0000     0.0771
labobs          0.9647     0.9557     0.0771    -0.6428    -0.3337     0.1600    -0.0089     0.2160     0.0004     0.0018     0.0528     1.0000     0.5549     0.3161     0.8198    -0.8198     0.8772     0.8814    -0.8814     0.5549    -0.0297     0.1114    -0.2957    -0.2087     0.9647     0.9557     0.0771     1.0000



COEFFICIENTS OF AUTOCORRELATION
Order              1        2        3        4        5
y             0.9764   0.9280   0.8667   0.8001   0.7334
c             0.9787   0.9318   0.8714   0.8054   0.7389
Pi            0.8479   0.6887   0.5390   0.4098   0.3041
R             0.9401   0.8452   0.7462   0.6551   0.5755
lambda        0.6315   0.3725   0.1964   0.0809   0.0090
w             0.9082   0.8174   0.7311   0.6510   0.5778
wstar         0.6669   0.4064   0.2186   0.0856  -0.0022
Jstar         0.6466   0.3900   0.2199   0.1108   0.0477
deltaW        0.5880   0.3017   0.1223   0.0127  -0.0454
deltaF        0.5887   0.3019   0.1215   0.0108  -0.0481
Deltastar     0.5804   0.2905   0.1103   0.0007  -0.0568
h             0.9235   0.9153   0.8322   0.7719   0.6936
mc            0.8733   0.6940   0.5092   0.3449   0.2109
m            -0.3884   0.3374  -0.0842   0.1283  -0.0011
n             0.8331   0.8339   0.7375   0.6949   0.6271
u             0.8331   0.8339   0.7375   0.6949   0.6271
v             0.9069   0.8639   0.7872   0.7292   0.6651
s             0.9472   0.8803   0.8144   0.7479   0.6858
q             0.9472   0.8803   0.8144   0.7479   0.6858
xL            0.8733   0.6940   0.5092   0.3449   0.2109
z             0.8922   0.7960   0.7102   0.6336   0.5653
g             0.7826   0.6125   0.4793   0.3751   0.2936
eb            0.5955   0.3546   0.2112   0.1258   0.0749
emoney        0.3790   0.1436   0.0544   0.0206   0.0078
yobs          0.9764   0.9280   0.8667   0.8001   0.7334
cobs          0.9787   0.9318   0.8714   0.8054   0.7389
piobs         0.8479   0.6887   0.5390   0.4098   0.3041
labobs        0.9235   0.9153   0.8322   0.7719   0.6936
Total computing time : 0h32m45s
Note: warning(s) encountered in MATLAB/Octave code
