Starting Dynare (version 6.4).
Calling Dynare with arguments: none
Starting preprocessing of the model file ... 
Found 24 equation(s). 
Evaluating expressions... 
Computing static model derivatives (order 1). 
Normalizing the static model... 
Finding the optimal block decomposition of the static model... 
6 block(s) found: 
  5 recursive block(s) and 1 simultaneous block(s). 
  the largest simultaneous block has 18 equation(s) 
                                 and 18 feedback variable(s). 
Computing dynamic model derivatives (order 2). 
Normalizing the dynamic model... 
Finding the optimal block decomposition of the dynamic model... 
3 block(s) found: 
  2 recursive block(s) and 1 simultaneous block(s). 
  the largest simultaneous block has 18 equation(s) 
                                 and 16 feedback variable(s). 
Preprocessing completed. 
Preprocessing time: 0h00m00s.


Residuals of the static equations:
Equation number  1: R      :       0.000000
Equation number  2: lambda :       0.000000
Equation number  3: 3      :       0.000000
Equation number  4: Pi     :       0.000000
Equation number  5: mc     :       0.000000
Equation number  6: m      :       0.000000
Equation number  7: n      :       0.000000
Equation number  8: 8      :       0.000000
Equation number  9: q      :       0.000000
Equation number 10: s      :       0.000000
Equation number 11: Jstar  :       0.000000
Equation number 12: 12     :       0.000000
Equation number 13: w      :       0.000000
Equation number 14: 14     :       0.000000
Equation number 15: 15     :       0.000000
Equation number 16: 16     :       0.000000
Equation number 17: 17     :       0.000000
Equation number 18: y      :       0.000000
Equation number 19: Piw    :       0.000000
Equation number 20: PsiL   :       0.000000
Equation number 21: eb     :       0.000000
Equation number 22: g      :       0.000000
Equation number 23: emoney :       0.000000
Equation number 24: z      :       0.000000



STEADY-STATE RESULTS:

y         		 0
c         		 0
Pi        		 0
R         		 0
lambda    		 0
w         		 0
wstar     		 0
Jstar     		 0
Deltastar 		 0
h         		 0
mc        		 0
m         		 0
n         		 0
u         		 0
v         		 0
s         		 0
q         		 0
xL        		 0
Piw       		 0
PsiL      		 0
z         		 0
g         		 0
eb        		 0
emoney    		 0

EIGENVALUES:
         Modulus             Real        Imaginary
               0                0                0
       1.349e-17       -1.349e-17                0
       3.908e-16        3.908e-16                0
       6.052e-16       -6.052e-16                0
          0.4401           0.4401                0
          0.7118           0.7038           0.1064
          0.7118           0.7038          -0.1064
            0.82             0.82                0
            0.89             0.89                0
            0.95             0.95                0
           1.022            1.022                0
           1.297            1.297                0
           2.045            2.045                0
       1.151e+18       -1.151e+18                0
       4.214e+19        4.214e+19                0

There are 5 eigenvalue(s) larger than 1 in modulus for 5 forward-looking variable(s)
The rank condition is verified.

[Warning: stoch_simul: using order = 1 because Hessian is equal to zero] 
[> In <a href="matlab:matlab.lang.internal.introspective.errorDocCallback('stoch_simul', 'D:\dynare\6.4\matlab\stochastic_solver\stoch_simul.m', 59)" style="font-weight:bold">stoch_simul</a> (<a href="matlab: opentoline('D:\dynare\6.4\matlab\stochastic_solver\stoch_simul.m',59,0)">line 59</a>)
In <a href="matlab:matlab.lang.internal.introspective.errorDocCallback('CK08_simEB.driver', 'E:\IHEID Economics\IHEID\Demystifying DSGE\PS\PS5\+CK08_simEB\driver.m', 731)" style="font-weight:bold">CK08_simEB.driver</a> (<a href="matlab: opentoline('E:\IHEID Economics\IHEID\Demystifying DSGE\PS\PS5\+CK08_simEB\driver.m',731,0)">line 731</a>)
In <a href="matlab:matlab.lang.internal.introspective.errorDocCallback('dynare', 'D:\dynare\6.4\matlab\dynare.m', 308)" style="font-weight:bold">dynare</a> (<a href="matlab: opentoline('D:\dynare\6.4\matlab\dynare.m',308,0)">line 308</a>)] 

MODEL SUMMARY

  Number of variables:         24
  Number of stochastic shocks: 5
  Number of state variables:   10
  Number of jumpers:           5
  Number of static variables:  10


MATRIX OF COVARIANCE OF EXOGENOUS SHOCKS
Variables      inno_eb     inno_z  interest_         g_   inno_eta
inno_eb       0.010404   0.000000   0.000000   0.000000   0.000000
inno_z        0.000000   0.326041   0.000000   0.000000   0.000000
interest_     0.000000   0.000000   0.001849   0.000000   0.000000
g_            0.000000   0.000000   0.000000   0.454276   0.000000
inno_eta      0.000000   0.000000   0.000000   0.000000   0.100000

POLICY AND TRANSITION FUNCTIONS
                                   y               u               w              Pi
c(-1)                       0.408722               0        0.270766        0.007939
R(-1)                      -1.319367               0       -9.695359       -1.911814
m(-1)                      -0.006423       -0.480204       -0.041457       -0.004443
n(-1)                      -0.207684      -15.526599       -1.340448       -0.143643
z(-1)                      -0.046438               0       -1.316351       -0.348769
g(-1)                       0.255760               0       -0.014573       -0.034963
eb(-1)                     -1.366356               0      -10.041208       -2.005061
Pi(-1)                     -0.110168               0       -0.809570       -0.159638
inno_eb                    -0.146704               0       -1.078109       -0.215280
inno_z                     -0.032336               0       -0.916630       -0.242862
interest_                  -0.059891               0       -0.440108       -0.086784
g_                          0.287371               0       -0.016374       -0.039285
inno_eta                           0               0        0.521665               0


THEORETICAL MOMENTS
VARIABLE         MEAN  STD. DEV.   VARIANCE
y              0.0000     0.3372     0.1137
u              0.0000     0.6540     0.4277
w              0.0000     0.7003     0.4905
Pi             0.0000     0.1950     0.0380



VARIANCE DECOMPOSITION (in percent)
        inno_eb     inno_z  interest_         g_   inno_eta
y          1.30      19.75       0.04      78.91      -0.00
u          7.33      89.72       0.22       2.74       0.00
w          5.36      80.88       0.16       8.05       5.55
Pi         2.68      82.46       0.08      14.79      -0.00



MATRIX OF CORRELATIONS
Variables          y        u        w       Pi
y             1.0000   0.1121  -0.0610  -0.3215
u             0.1121   1.0000  -0.4498  -0.5643
w            -0.0610  -0.4498   1.0000   0.9172
Pi           -0.3215  -0.5643   0.9172   1.0000



COEFFICIENTS OF AUTOCORRELATION
Order           1        2        3        4        5
y          0.8029   0.6566   0.5458   0.4601   0.3923
u          0.8174   0.5541   0.3163   0.1345   0.0091
w          0.5537   0.3060   0.1486   0.0501  -0.0090
Pi         0.6701   0.4481   0.2982   0.1975   0.1306

write_latex_prior_table:: No prior distributions detected. Skipping table creation.
Total computing time : 0h00m05s
Note: warning(s) encountered in MATLAB/Octave code
