Starting Dynare (version 6.4).
Calling Dynare with arguments: none
Starting preprocessing of the model file ... 
Substitution of exo lags: added 2 auxiliary variables and equations. 
Found 49 equation(s). 
Evaluating expressions... 
Computing static model derivatives (order 1). 
Normalizing the static model... 
Finding the optimal block decomposition of the static model... 
15 block(s) found: 
  13 recursive block(s) and 2 simultaneous block(s). 
  the largest simultaneous block has 16 equation(s) 
                                 and 16 feedback variable(s). 
Computing dynamic model derivatives (order 2). 
Normalizing the dynamic model... 
Finding the optimal block decomposition of the dynamic model... 
4 block(s) found: 
  2 recursive block(s) and 2 simultaneous block(s). 
  the largest simultaneous block has 16 equation(s) 
                                 and 14 feedback variable(s). 
Preprocessing completed. 
Preprocessing time: 0h00m00s.


Residuals of the static equations:
Equation number  1: Consumption Euler equation             :       0.000000
Equation number  2: Investment Euler equation              :       0.000000
Equation number  3: Capital evolution                      :       0.000000
Equation number  4: Capital utilization                    :       0.000000
Equation number  5: Rate of utilization                    :       0.000000
Equation number  6: Price markup                           :       0.000000
Equation number  7: Rental rate of capital                 :       0.000000
Equation number  8: Aggregate production function          :       0.000000
Equation number  9: Resource constraint                    :       0.000000
Equation number 10: Phillips curve                         :       0.000000
Equation number 11: Wage evolution                         :       0.000000
Equation number 12: Marginal rate of substitution          :       0.000000
Equation number 13: Taylor rule                            :       0.000000
Equation number 14: Return to capital                      :       0.000000
Equation number 15: Spreads equation                       :       0.000000
Equation number 16: Evolution of net worth                 :       0.000000
Equation number 17: Flexible consumption Euler             :       0.000000
Equation number 18: Flexible investment Euler              :       0.000000
Equation number 19: Flexible capital evolution             :       0.000000
Equation number 20: Flexible capital utilization           :       0.000000
Equation number 21: Flexible rate of utilization           :       0.000000
Equation number 22: Flexible price markup                  :       0.000000
Equation number 23: Flexible rental rate of capital        :       0.000000
Equation number 24: Flexible production function           :       0.000000
Equation number 25: Flexible resource constraint           :       0.000000
Equation number 26: Flexible marginal rate of substitution :       0.000000
Equation number 27: Flexible arbitrage condition           :       0.000000
Equation number 28: Output gap definition                  :       0.000000
Equation number 29: Technology shock level                 :       0.000000
Equation number 30: Technology shock stationary            :       0.000000
Equation number 31: Government spending shock              :       0.000000
Equation number 32: Risk premium shock                     :       0.000000
Equation number 33: Investment shock                       :       0.000000
Equation number 34: Price markup shock                     :       0.000000
Equation number 35: Wage markup shock                      :       0.000000
Equation number 36: Monetary policy shock                  :       0.000000
Equation number 37: Financial shock                        :       0.000000
Equation number 38: Inflation target shock                 :       0.000000
Equation number 39: Permanent technology shock             :       0.000000
Equation number 40: Output growth                          :      -0.400000
Equation number 41: Consumption growth                     :      -0.400000
Equation number 42: Investment growth                      :      -0.400000
Equation number 43: Wage growth                            :      -0.400000
Equation number 44: Hours worked                           :       0.000000
Equation number 45: Interest rate                          :      -0.700000
Equation number 46: Inflation                              :      -0.700000
Equation number 47: Spread                                 :      -0.020000



STEADY-STATE RESULTS:

c                		 0
inve             		 0
y                		 0
lab              		 0
pinf             		 0
w                		 0
r                		 0
rk               		 0
k                		 0
mc               		 0
spinf            		 0
sw               		 0
g                		 0
b                		 0
rkf              		 0
kf               		 0
cf               		 0
invef            		 0
yf               		 0
labf             		 0
wf               		 0
sobs             		 0.02
labobs           		 0
robs             		 0.7
pinfobs          		 0.7
dy               		 0.4
dc               		 0.4
dinve            		 0.4
dw               		 0.4
wh               		 0
rktil            		 0
ztil             		 0
sigw             		 0
pist             		 0
og               		 0
zp               		 0
n                		 0
z                		 0
u                		 0
mu               		 0
rm               		 0
kbar             		 0
qk               		 0
rf               		 0
kbarf            		 0
uf               		 0
qkf              		 0

EIGENVALUES:
         Modulus             Real        Imaginary
       2.881e-17        2.881e-17                0
       8.378e-17       -8.378e-17                0
       1.402e-16       -1.402e-16                0
       1.714e-16       -1.714e-16                0
       2.659e-16       -2.659e-16                0
          0.0673           0.0673                0
          0.1173           0.1173                0
          0.2156           0.2156                0
          0.2258           0.2258                0
          0.6435           0.6435                0
          0.6609           0.6609                0
          0.7213           0.7213                0
          0.7875           0.7875                0
          0.7939           0.7939                0
          0.9261           0.9261                0
          0.9425           0.9402          0.06537
          0.9425           0.9402         -0.06537
           0.944            0.944                0
            0.95             0.95                0
          0.9564           0.9564                0
          0.9734           0.9734                0
          0.9793           0.9793                0
          0.9899           0.9899                0
            0.99             0.99                0
          0.9911           0.9911                0
           1.028            1.027           0.0327
           1.028            1.027          -0.0327
           1.041            1.041                0
            1.07             1.07                0
           1.117            1.098           0.2091
           1.117            1.098          -0.2091
            1.28             1.28                0
        1.93e+17        -1.93e+17                0
       2.966e+17        2.966e+17                0
       4.961e+17       -4.961e+17                0
       5.543e+17       -5.543e+17                0

There are 11 eigenvalue(s) larger than 1 in modulus for 11 forward-looking variable(s)
The rank condition is verified.


You did not declare endogenous variables after the estimation/calib_smoother command.
Initial value of the log posterior (or likelihood): -2843.5001
                                            First-order      Norm of
 Iter F-count            f(x)  Feasibility   optimality         step
    0      41    2.843500e+03    0.000e+00    2.465e+04
    1      82    1.348400e+03    0.000e+00    1.461e+04    4.850e+00
    2     123    1.321902e+03    0.000e+00    1.375e+04    3.632e-01
    3     165    1.301434e+03    0.000e+00    1.381e+04    6.811e-01
    4     206    1.300822e+03    0.000e+00    1.157e+04    3.010e-01
    5     248    1.256247e+03    0.000e+00    1.153e+04    6.686e-01
    6     289    1.122417e+03    0.000e+00    1.125e+04    1.957e+00
    7     331    1.101079e+03    0.000e+00    1.083e+04    2.984e-01
    8     373    1.087304e+03    0.000e+00    1.060e+04    3.000e-01
    9     415    1.067909e+03    0.000e+00    1.058e+04    1.392e+00
Objective function returned Inf; trying a new point...
   10     458    1.058359e+03    0.000e+00    1.058e+04    1.008e+00
   11     500    1.013927e+03    0.000e+00    8.579e+03    1.122e+00
   12     541    1.003941e+03    0.000e+00    5.535e+03    3.232e-01
   13     583    9.842481e+02    0.000e+00    5.568e+03    7.646e-01
   14     625    9.839832e+02    0.000e+00    5.437e+03    6.171e-01
   15     666    9.527110e+02    0.000e+00    4.015e+03    2.322e+00
   16     707    9.429562e+02    0.000e+00    5.032e+03    1.166e+00
Objective function returned Inf; trying a new point...
   17     750    9.414267e+02    0.000e+00    3.967e+03    5.715e-01
   18     791    9.350853e+02    0.000e+00    3.790e+03    9.072e-01
   19     833    9.313612e+02    0.000e+00    3.257e+03    8.390e-01
Objective function returned Inf; trying a new point...
   20     875    9.238263e+02    0.000e+00    3.331e+03    1.058e+00
   21     918    9.133633e+02    0.000e+00    3.326e+03    2.423e-01
   22     960    8.906954e+02    0.000e+00    3.018e+03    5.968e-01
   23    1003    8.890368e+02    0.000e+00    2.906e+03    3.472e-01
   24    1047    8.841801e+02    0.000e+00    2.806e+03    7.579e-01
   25    1089    8.769072e+02    0.000e+00    2.243e+03    4.477e-01
   26    1130    8.700316e+02    0.000e+00    1.473e+03    6.321e-01
   27    1173    8.625031e+02    0.000e+00    6.502e+02    9.652e-01
   28    1216    8.623571e+02    0.000e+00    6.419e+02    6.295e-01
   29    1259    8.512547e+02    0.000e+00    5.605e+02    1.451e+00
   30    1302    8.458547e+02    0.000e+00    5.101e+02    1.974e+00

                                            First-order      Norm of
 Iter F-count            f(x)  Feasibility   optimality         step
   31    1344    8.348196e+02    0.000e+00    3.370e+02    5.282e-01
   32    1386    8.267766e+02    0.000e+00    2.565e+02    2.972e+00
   33    1428    8.184409e+02    0.000e+00    2.646e+02    3.930e-01
   34    1471    8.167855e+02    0.000e+00    2.969e+02    2.934e-01
   35    1515    8.163092e+02    0.000e+00    2.880e+02    3.748e-01
   36    1558    8.139371e+02    0.000e+00    3.085e+02    9.962e-01
   37    1601    8.122321e+02    0.000e+00    2.911e+02    6.152e-01
   38    1643    8.089245e+02    0.000e+00    2.720e+02    2.761e-01
   39    1686    8.066128e+02    0.000e+00    2.414e+02    3.776e-01
   40    1729    8.055912e+02    0.000e+00    2.210e+02    3.028e-01
   41    1772    8.043250e+02    0.000e+00    2.459e+02    2.042e-01
   42    1814    8.035102e+02    0.000e+00    1.994e+02    4.675e-01
Objective function returned Inf; trying a new point...
   43    1857    8.035758e+02    0.000e+00    1.516e+02    2.450e-01
   44    1899    8.026203e+02    0.000e+00    1.591e+02    4.647e-01
   45    1941    7.993724e+02    0.000e+00    1.581e+02    4.113e-01
   46    1983    7.973917e+02    0.000e+00    1.388e+02    1.637e-01
   47    2025    7.950988e+02    0.000e+00    1.310e+02    4.887e-01
   48    2068    7.933828e+02    0.000e+00    1.533e+02    1.994e-01
   49    2110    7.884082e+02    0.000e+00    1.599e+02    4.027e-01
   50    2153    7.877630e+02    0.000e+00    1.039e+02    3.471e-01
   51    2195    7.877626e+02    0.000e+00    1.542e+02    4.149e-01
   52    2237    7.853578e+02    0.000e+00    1.283e+02    1.700e-01
   53    2279    7.833826e+02    0.000e+00    2.499e+02    4.514e-01
   54    2321    7.830292e+02    0.000e+00    2.374e+02    2.337e-01
   55    2363    7.796898e+02    0.000e+00    8.488e+01    4.568e-01
   56    2405    7.783880e+02    0.000e+00    2.864e+02    2.748e-01
   57    2447    7.754027e+02    0.000e+00    2.210e+02    3.805e-01
   58    2489    7.707333e+02    0.000e+00    2.200e+02    4.881e-01
   59    2531    7.663275e+02    0.000e+00    2.409e+02    2.316e-01
   60    2574    7.636933e+02    0.000e+00    3.002e+02    3.355e-01

                                            First-order      Norm of
 Iter F-count            f(x)  Feasibility   optimality         step
   61    2615    7.605166e+02    0.000e+00    4.978e+02    6.922e-01
   62    2656    7.532331e+02    0.000e+00    5.798e+02    4.006e-01
   63    2698    7.405204e+02    0.000e+00    5.353e+02    4.287e-01
   64    2740    7.313929e+02    0.000e+00    4.730e+02    5.182e-01
   65    2782    7.253961e+02    0.000e+00    3.096e+02    3.221e-01
   66    2824    7.216568e+02    0.000e+00    2.595e+02    4.556e-01
   67    2866    7.188097e+02    0.000e+00    6.311e+02    2.657e-01
   68    2908    7.161437e+02    0.000e+00    7.532e+02    4.281e-01
   69    2950    7.092999e+02    0.000e+00    2.784e+02    2.341e-01
   70    2992    7.064418e+02    0.000e+00    8.438e+01    2.447e-01
   71    3034    7.000372e+02    0.000e+00    6.622e+01    2.641e-01
   72    3076    6.971397e+02    0.000e+00    9.568e+01    2.349e-01
   73    3119    6.955201e+02    0.000e+00    1.121e+02    3.311e-01
   74    3161    6.937720e+02    0.000e+00    1.446e+02    2.837e-01
   75    3203    6.906158e+02    0.000e+00    2.233e+02    3.847e-01
   76    3246    6.889556e+02    0.000e+00    1.716e+02    8.132e-02
   77    3288    6.880804e+02    0.000e+00    1.484e+02    2.592e-01
   78    3329    6.867530e+02    0.000e+00    5.460e+01    1.949e-01
   79    3370    6.854760e+02    0.000e+00    8.184e+01    1.228e-01
   80    3411    6.849589e+02    0.000e+00    3.531e+01    9.194e-02
   81    3452    6.844511e+02    0.000e+00    3.496e+01    1.148e-01
   82    3493    6.840538e+02    0.000e+00    5.011e+01    1.392e-01
   83    3534    6.838760e+02    0.000e+00    3.318e+01    8.399e-02
   84    3575    6.837761e+02    0.000e+00    2.773e+01    4.463e-02
   85    3616    6.836991e+02    0.000e+00    2.922e+01    3.773e-02
   86    3657    6.836062e+02    0.000e+00    3.142e+01    5.642e-02
   87    3698    6.835210e+02    0.000e+00    3.133e+01    2.173e-02
   88    3739    6.834236e+02    0.000e+00    3.057e+01    3.382e-02
   89    3780    6.833641e+02    0.000e+00    2.807e+01    2.293e-02
   90    3821    6.832835e+02    0.000e+00    2.904e+01    3.080e-02

                                            First-order      Norm of
 Iter F-count            f(x)  Feasibility   optimality         step
   91    3862    6.831874e+02    0.000e+00    2.763e+01    3.323e-02
   92    3903    6.831050e+02    0.000e+00    2.846e+01    3.214e-02
   93    3944    6.830001e+02    0.000e+00    2.886e+01    5.146e-02
   94    3985    6.829335e+02    0.000e+00    2.892e+01    3.905e-02
   95    4026    6.828917e+02    0.000e+00    2.963e+01    3.471e-02
   96    4067    6.828558e+02    0.000e+00    2.879e+01    1.309e-02
   97    4108    6.828229e+02    0.000e+00    2.887e+01    1.783e-02
   98    4149    6.827929e+02    0.000e+00    2.944e+01    1.855e-02
   99    4190    6.827621e+02    0.000e+00    2.998e+01    1.909e-02
  100    4231    6.827112e+02    0.000e+00    3.001e+01    2.834e-02
  101    4272    6.826537e+02    0.000e+00    2.891e+01    3.086e-02
  102    4313    6.826107e+02    0.000e+00    2.716e+01    2.578e-02
  103    4354    6.825856e+02    0.000e+00    2.563e+01    2.477e-02
  104    4395    6.825666e+02    0.000e+00    2.469e+01    1.859e-02
  105    4436    6.825372e+02    0.000e+00    2.367e+01    2.191e-02
  106    4477    6.824883e+02    0.000e+00    2.237e+01    2.514e-02
  107    4518    6.824145e+02    0.000e+00    2.025e+01    2.665e-02
  108    4559    6.823148e+02    0.000e+00    1.821e+01    2.744e-02
  109    4600    6.822116e+02    0.000e+00    1.756e+01    3.707e-02
  110    4641    6.821370e+02    0.000e+00    1.535e+01    5.179e-02
  111    4682    6.821059e+02    0.000e+00    8.960e+00    3.626e-02
  112    4723    6.820942e+02    0.000e+00    7.821e+00    2.102e-02
  113    4764    6.820887e+02    0.000e+00    8.165e+00    1.322e-02
  114    4805    6.820856e+02    0.000e+00    8.225e+00    6.582e-03
  115    4846    6.820832e+02    0.000e+00    8.433e+00    3.569e-03
  116    4887    6.820805e+02    0.000e+00    8.108e+00    3.482e-03
  117    4928    6.820771e+02    0.000e+00    7.670e+00    4.357e-03
  118    4969    6.820720e+02    0.000e+00    6.526e+00    5.968e-03
  119    5010    6.820660e+02    0.000e+00    4.843e+00    7.373e-03
  120    5051    6.820576e+02    0.000e+00    5.141e+00    1.029e-02

                                            First-order      Norm of
 Iter F-count            f(x)  Feasibility   optimality         step
  121    5092    6.820523e+02    0.000e+00    4.064e+00    1.622e-02
  122    5133    6.820485e+02    0.000e+00    1.914e+00    1.181e-02
  123    5174    6.820489e+02    0.000e+00    2.009e+00    7.495e-03
  124    5215    6.820477e+02    0.000e+00    2.034e+00    2.822e-03
  125    5256    6.820476e+02    0.000e+00    2.031e+00    1.276e-03
  126    5297    6.820474e+02    0.000e+00    2.027e+00    6.897e-04
  127    5338    6.820473e+02    0.000e+00    1.991e+00    7.272e-04
  128    5379    6.820472e+02    0.000e+00    1.968e+00    3.860e-04
  129    5420    6.820471e+02    0.000e+00    1.839e+00    2.055e-03
  130    5461    6.820471e+02    0.000e+00    1.780e+00    7.833e-04
  131    5502    6.820471e+02    0.000e+00    1.405e+00    2.979e-03
  132    5543    6.820472e+02    0.000e+00    1.580e+00    1.620e-03
  133    5584    6.820475e+02    0.000e+00    1.267e+00    3.279e-03
  134    5625    6.820476e+02    0.000e+00    9.165e-01    1.549e-03
  135    5666    6.820478e+02    0.000e+00    8.776e-01    1.807e-03
  136    5707    6.820478e+02    0.000e+00    8.286e-01    6.560e-04
  137    5748    6.820478e+02    0.000e+00    7.224e-01    8.911e-04
  138    5789    6.820478e+02    0.000e+00    6.465e-01    6.774e-04
  139    5830    6.820394e+02    0.000e+00    2.107e+00    9.978e-03
  140    5871    6.820384e+02    0.000e+00    6.774e-01    2.488e-03
  141    5912    6.820381e+02    0.000e+00    5.019e-01    1.157e-03
  142    5953    6.820379e+02    0.000e+00    3.825e-01    9.142e-04
  143    5994    6.820378e+02    0.000e+00    3.019e-01    1.019e-03
  144    6035    6.820377e+02    0.000e+00    2.543e-01    1.283e-03
  145    6076    6.820376e+02    0.000e+00    2.139e-01    6.901e-04
  146    6117    6.820376e+02    0.000e+00    7.234e-02    7.892e-04
  147    6158    6.820376e+02    0.000e+00    2.000e-02    2.010e-04
  148    6199    6.820372e+02    0.000e+00    1.458e-01    2.088e-03
  149    6240    6.820371e+02    0.000e+00    2.790e-02    5.492e-04
  150    6282    6.820371e+02    0.000e+00    4.972e-02    1.654e-04

                                            First-order      Norm of
 Iter F-count            f(x)  Feasibility   optimality         step
  151    6323    6.820371e+02    0.000e+00    1.127e-02    1.604e-04
  152    6373    6.820371e+02    0.000e+00    4.962e-03    1.706e-05
  153    6414    6.820371e+02    0.000e+00    1.571e-01    6.941e-04
  154    6457    6.820371e+02    0.000e+00    1.802e-01    5.498e-04
  155    6498    6.820371e+02    0.000e+00    2.827e-02    3.190e-04
  156    6542    6.820371e+02    0.000e+00    2.757e-02    3.474e-05
  157    6583    6.820371e+02    0.000e+00    1.101e-02    1.720e-04
  158    6624    6.820371e+02    0.000e+00    9.750e-03    1.175e-04
  159    6666    6.820371e+02    0.000e+00    9.104e-03    4.114e-05
  160    6710    6.820371e+02    0.000e+00    6.569e-03    3.631e-05
  161    6753    6.820371e+02    0.000e+00    1.045e-02    2.887e-05
  162    6794    6.820371e+02    0.000e+00    5.081e-03    8.545e-05
  163    6835    6.820371e+02    0.000e+00    4.974e-03    4.275e-05
  164    6878    6.820371e+02    0.000e+00    6.587e-03    2.505e-05
  165    6921    6.820371e+02    0.000e+00    6.090e-03    2.393e-05
  166    6968    6.820371e+02    0.000e+00    4.594e-03    2.417e-05
  167    7010    6.820371e+02    0.000e+00    6.061e-03    1.163e-05
  168    7053    6.820371e+02    0.000e+00    1.085e-02    2.506e-05
  169    7096    6.820371e+02    0.000e+00    9.428e-03    3.170e-05
  170    7138    6.820371e+02    0.000e+00    8.830e-03    2.414e-05
  171    7186    6.820371e+02    0.000e+00    4.050e-03    1.056e-05
  172    7230    6.820371e+02    0.000e+00    6.570e-03    2.464e-06
  173    7275    6.820371e+02    0.000e+00    3.271e-03    3.593e-06
  174    7317    6.820371e+02    0.000e+00    7.310e-03    6.008e-06
  175    7361    6.820371e+02    0.000e+00    1.730e-02    1.063e-05
  176    7404    6.820371e+02    0.000e+00    1.306e-02    1.274e-05
  177    7449    6.820371e+02    0.000e+00    4.237e-03    2.930e-05
  178    7492    6.820371e+02    0.000e+00    7.074e-03    8.084e-06
  179    7535    6.820371e+02    0.000e+00    9.828e-03    1.262e-05
  180    7579    6.820371e+02    0.000e+00    8.050e-03    7.008e-06

                                            First-order      Norm of
 Iter F-count            f(x)  Feasibility   optimality         step
  181    7622    6.820371e+02    0.000e+00    8.333e-03    1.018e-05
  182    7670    6.820371e+02    0.000e+00    2.430e-03    6.048e-06
  183    7712    6.820371e+02    0.000e+00    6.140e-03    2.928e-06
  184    7756    6.820371e+02    0.000e+00    9.442e-03    5.470e-06
  185    7802    6.820371e+02    0.000e+00    4.328e-03    8.196e-06

<a href = "matlab: helpview('optim','feasible_better_objective','CSHelpWindow');">Feasible point with lower objective function value found, but optimality criteria not satisfied. See output.bestfeasible.</a>.


<a href = "matlab: helpview('optim','local_min_poss_with_constr','CSHelpWindow');">Local minimum possible. Constraints satisfied</a>.

fmincon stopped because the <a href = "matlab: helpview('optim','norm_curr_step_simple_fminconip','CSHelpWindow');">size of the current step</a> is less than
the value of the <a href = "matlab: helpview('optim','step_size_tol','CSHelpWindow');">step size tolerance</a> and constraints are 
satisfied to within the value of the <a href = "matlab: helpview('optim','constraint_tolerance','CSHelpWindow');">constraint tolerance</a>.

<<a href = "matlab: createExitMsg({'optimlib:sqpLineSearch:Exit2basic','fmincon'},{'optimlib:sqpLineSearch:Exit2detailed','1.000000e-06','0.000000e+00','1.000000e-06'},true,true);;">stopping criteria details</a>>

Final value of minus the log posterior (or likelihood):682.037127 

RESULTS FROM POSTERIOR ESTIMATION
parameters
           prior mean     mode    s.d.  prior pstdev

calfa          0.3000   0.2665  0.0334   norm 0.0500 
czcap          0.5000   0.8435  0.0607   beta 0.1500 
cfc            1.2500   1.5728  0.0789   norm 0.1250 
cindw          0.5000   0.3681  0.1569   beta 0.1500 
cprobw         0.5000   0.4940  0.0809   beta 0.1000 
cindp          0.5000   0.2170  0.0882   beta 0.1500 
cprobp         0.5000   0.8928  0.0249   beta 0.1000 
csigma         1.5000   1.7053  0.1997   norm 0.3750 
csigl          2.0000  -0.2550  0.1201   norm 0.7500 
chabb          0.7000   0.4895  0.0851   beta 0.1000 
csadjcost      4.0000   0.1152  0.0419   norm 1.5000 
crpi           1.5000   1.4707  0.2469   norm 0.2500 
cry            0.1250   0.0716  0.0384   norm 0.0500 
crdy           0.1250   0.2052  0.0311   norm 0.0500 
crr            0.7500   0.9326  0.0261   beta 0.1000 
cnstar         0.0000   1.2307  0.2691   norm 2.0000 
cgamma         0.4000   0.5672  0.0901   norm 0.1000 
czeta_spb      0.0500   0.0466  0.0047   beta 0.0050 
constepinf     0.6250   0.2932  0.0450   gamm 0.2000 
cgy            0.5000   0.6362  0.2285   beta 0.2000 
crhoa          0.5000   0.9711  0.0120   beta 0.2000 
crhob          0.5000   0.9168  0.0250   beta 0.2000 
crhog          0.5000   0.9456  0.0344   beta 0.2000 
crhoqs         0.5000   0.9355  0.0235   beta 0.2000 
crhoms         0.5000   0.4057  0.0870   beta 0.2000 
crhopinf       0.5000   0.7167  0.1550   beta 0.2000 
crhow          0.5000   0.4875  0.2434   beta 0.2000 
crhosigw       0.7500   0.7945  0.0581   beta 0.1500 
crhopist       0.7500   0.9561  0.0273   beta 0.1500 
cmap           0.5000   0.5502  0.2090   beta 0.2000 
cmaw           0.5000   0.4939  0.1811   beta 0.2000 

standard deviation of shocks
           prior mean     mode    s.d.  prior pstdev

ea             0.1000   0.3989  0.0343   invg 2.0000 
eb             0.1000   0.0381  0.0069   invg 2.0000 
eg             0.1000   1.9610  0.1651   invg 2.0000 
eqs            0.1000   0.9302  0.2286   invg 2.0000 
em             0.1000   0.1267  0.0183   invg 2.0000 
epinf          0.1000   0.1088  0.0127   invg 2.0000 
ew             0.1000   0.5838  0.0600   invg 2.0000 
esigw          0.1000   0.1407  0.0263   invg 2.0000 
epist          0.1000   0.0445  0.0171   invg 2.0000 


Log data density [Laplace approximation] is -770.772026.


MODEL SUMMARY

  Number of variables:         49
  Number of stochastic shocks: 10
  Number of state variables:   25
  Number of jumpers:           11
  Number of static variables:  19


MATRIX OF COVARIANCE OF EXOGENOUS SHOCKS
Variables          ea        eb        eg       eqs        em     epinf        ew     esigw     epist       ezp
ea           0.159137  0.000000  0.000000  0.000000  0.000000  0.000000  0.000000  0.000000  0.000000  0.000000
eb           0.000000  0.001448  0.000000  0.000000  0.000000  0.000000  0.000000  0.000000  0.000000  0.000000
eg           0.000000  0.000000  3.845587  0.000000  0.000000  0.000000  0.000000  0.000000  0.000000  0.000000
eqs          0.000000  0.000000  0.000000  0.865195  0.000000  0.000000  0.000000  0.000000  0.000000  0.000000
em           0.000000  0.000000  0.000000  0.000000  0.016050  0.000000  0.000000  0.000000  0.000000  0.000000
epinf        0.000000  0.000000  0.000000  0.000000  0.000000  0.011844  0.000000  0.000000  0.000000  0.000000
ew           0.000000  0.000000  0.000000  0.000000  0.000000  0.000000  0.340781  0.000000  0.000000  0.000000
esigw        0.000000  0.000000  0.000000  0.000000  0.000000  0.000000  0.000000  0.019797  0.000000  0.000000
epist        0.000000  0.000000  0.000000  0.000000  0.000000  0.000000  0.000000  0.000000  0.001980  0.000000
ezp          0.000000  0.000000  0.000000  0.000000  0.000000  0.000000  0.000000  0.000000  0.000000  0.010000

POLICY AND TRANSITION FUNCTIONS
                                   y               c            inve            pinf               r               w               k             lab              qk               n           rktil              og
y(-1)                       0.586466        0.575531        1.260900        0.007936       -0.081247        0.126544        0.094040        0.474209        0.281576        0.496157        0.297615        0.586466
r(-1)                      -2.684294       -2.565056       -6.103303       -0.035681        0.365272       -0.562533       -0.427961       -2.171382       -1.359078       -3.077454       -1.428837       -2.684294
spinf(-1)                   1.147586        0.479024        5.799127        1.545556        0.394189       -1.122677       -0.018943        1.001668        1.776960        3.966342        3.254891        1.147586
sw(-1)                      0.070281       -0.034430        0.485269        0.018667        0.016612        0.862974        0.136842        0.011202        0.112066        0.240870        0.153236        0.070281
g(-1)                       0.183597        0.012252        0.007001        0.000492        0.003329       -0.004432        0.022916        0.150824        0.002191        0.011446        0.007048        0.015618
b(-1)                       7.888149        8.394034       13.825686        0.111179        1.667866        1.858019        1.287974        6.369861        3.375256        6.011355        3.614726        7.888149
yf(-1)                     -0.586466       -0.575531       -1.260900       -0.007936        0.081247       -0.126544       -0.094040       -0.474209       -0.281576       -0.496157       -0.297615       -0.586466
ztil(-1)                   -0.073066       -0.187342        0.471751       -0.003295       -0.039339        0.010170       -0.073823       -0.693867        0.079545        0.168660        0.051438       -0.185736
sigw(-1)                   -0.730925        0.062568       -5.312385       -0.002882       -0.153811        0.018059       -0.091170       -0.600476       -1.382614       -2.445328       -1.353415       -0.730925
pist(-1)                    1.512477        2.193705       -0.165769        0.037114        0.226629        0.564635        0.277820        1.210146       -0.147160       -0.123314       -0.050874        1.512477
zp(-1)                      0.991377       -0.098554        7.300676       -0.036219       -0.357649       -1.482339       -0.850436        1.168378        1.718732        0.925870        1.639964       -1.685659
n(-1)                       0.027443       -0.072776        0.537570       -0.000557        0.005709       -0.018100        0.000843        0.023483        0.114467        1.185498        0.109954        0.027443
mu(-1)                      0.152468        0.100874        0.561339        0.001684        0.010338        0.023637        0.023077        0.123782       -0.444610       -0.717230       -0.422449        0.048423
rm(-1)                     -1.739845       -1.774994       -3.412693       -0.026335        0.037618       -0.410848       -0.284235       -1.404909       -0.650637       -1.173997       -0.708674       -1.739845
kbar(-1)                   -0.092980        0.119945       -0.963748       -0.004415       -0.019967        0.049393        0.793448       -0.368896       -0.204795       -0.403203       -0.241895       -0.092980
qk(-1)                     -0.046485        0.123275       -0.910591        0.000943       -0.009670        0.030660       -0.001427       -0.039777       -0.193897       -2.008117       -1.186252       -0.046485
kbarf(-1)                   0.032831        0.027774        0.092000        0.000332       -0.006045        0.005577        0.005041        0.026627        0.021319        0.036696        0.021861       -0.028935
epinf(-2)                  -0.881031       -0.367759       -4.452136       -1.186562       -0.302629        0.861908        0.014543       -0.769006       -1.364217       -3.045060       -2.498862       -0.881031
ew(-2)                     -0.071203        0.034882       -0.491639       -0.018912       -0.016830       -0.874301       -0.138638       -0.011349       -0.113537       -0.244031       -0.155248       -0.071203
c(-1)                       0.200675        0.314340       -0.119028        0.000416        0.042191        0.001354        0.025966        0.164520       -0.045413       -0.065335       -0.038327        0.200675
inve(-1)                    0.107357        0.021340        0.634219        0.000265        0.022576        0.002112        0.014097        0.087941       -0.071289       -0.111590       -0.065725        0.107357
pinf(-1)                   -0.026806       -0.060506        0.085543        0.217900        0.015961        0.098856        0.011200       -0.027307        0.039096        0.218521        0.257760       -0.026806
w(-1)                       0.038286       -0.022354        0.222195        0.011450        0.009176        0.789156        0.121800       -0.011067        0.053757        0.135718        0.086891        0.038286
cf(-1)                      0.017917        0.012705        0.062332       -0.000022       -0.029891        0.000528        0.002379        0.014667        0.028200        0.046813        0.027625       -0.142299
invef(-1)                   0.023044        0.016462        0.079304        0.000101       -0.014146        0.002256        0.003293        0.018780        0.023796        0.040006        0.023678       -0.067394
ea                         -0.487553       -0.669755       -1.020043       -0.012917       -0.059670       -1.135820       -1.419132       -0.583896        0.036866       -2.676764        0.011804       -0.277990
eb                          8.603957        9.155748       15.080293        0.121268        1.819216        2.026625        1.404850        6.947892        3.681542        6.556853        3.942743        8.603957
eg                          0.194167        0.012958        0.007404        0.000520        0.003521       -0.004687        0.024235        0.159508        0.002317        0.012105        0.007454        0.016517
eqs                         0.162973        0.107824        0.600013        0.001800        0.011050        0.025266        0.024667        0.132310       -0.475242       -0.766645       -0.451554        0.051760
em                         -4.288823       -4.375466       -8.412495       -0.064917        0.092731       -1.012766       -0.700655       -3.463186       -1.603858       -2.893972       -1.746925       -4.288823
epinf                       0.206180       -0.056609        1.894678        1.366867        0.178748       -1.140379       -0.142434        0.230480        0.654149        1.968576        1.969853        0.206180
ew                          0.062863       -0.036882        0.362744        0.018863        0.015073        1.311499        0.202322       -0.019020        0.087904        0.223060        0.142838        0.062863
esigw                      -0.914640        0.064465       -6.581233       -0.003737       -0.192484        0.019178       -0.114592       -0.751219       -1.717843       -2.845192       -1.681977       -0.914640
epist                       1.582004        2.294548       -0.173389        0.038820        0.237047        0.590590        0.290591        1.265775       -0.153924       -0.128983       -0.053213        1.582004
ezp                         1.043555       -0.103742        7.684922       -0.038125       -0.376473       -1.560357       -0.895196        1.229871        1.809192        0.974600        1.726278       -1.774378


THEORETICAL MOMENTS
VARIABLE         MEAN  STD. DEV.   VARIANCE
y              0.0000     5.1945    26.9833
c              0.0000     5.1330    26.3480
inve           0.0000    12.4707   155.5174
pinf           0.0000     0.1964     0.0386
r              0.0000     0.4107     0.1687
w              0.0000     4.9497    24.4999
k              0.0000     8.0008    64.0134
lab            0.0000     3.8213    14.6021
qk             0.0000     1.6036     2.5715
n              0.0000    13.7051   187.8304
rktil          0.0000     0.6964     0.4849
og             0.0000     5.2342    27.3964



VARIANCE DECOMPOSITION (in percent)
             ea      eb      eg     eqs      em   epinf      ew   esigw   epist     ezp
y          0.89    9.24    5.87    4.00   61.69    0.90    0.05    1.05   11.09    5.21
c          1.72   13.03    0.14    2.88   64.35    1.06    0.01    0.40   13.74    2.67
inve       0.69    4.27    0.14    8.44   55.22    0.61    0.46    5.95    6.11   18.11
pinf       0.56    3.27    0.02    0.24   12.01   77.59    1.17    0.03    3.21    1.90
r          7.11   39.39    0.83    2.83    5.94    0.99    0.54    5.93    2.44   34.01
w          2.59    7.73    0.07    2.30   44.64    1.26    6.23    0.32   10.68   24.17
k          3.32    1.74    0.21    5.46   38.98    0.36    0.19    0.61    7.75   41.38
lab        8.04    7.62    6.90    3.69   38.89    0.67    0.08    0.99    5.52   27.62
qk         0.08    1.07    0.00   88.82    3.35    0.24    0.15    3.14    0.02    3.12
n          5.57    1.19    0.19    1.85    8.73    0.11    0.19    0.32    2.03   79.82
rktil      0.53    6.15    0.18   39.19   12.47    9.69    1.53   16.02    0.95   13.29
og         3.40    9.10    0.31    0.72   60.76    0.88    0.05    1.04   10.92   12.81



MATRIX OF CORRELATIONS
Variables          y        c     inve     pinf        r        w        k      lab       qk        n    rktil       og
y             1.0000   0.9501   0.8895   0.3785   0.2358   0.6574   0.5704   0.7593  -0.1151   0.1729   0.1493   0.8488
c             0.9501   1.0000   0.7937   0.3968   0.2178   0.7637   0.6667   0.6464  -0.1162   0.2288   0.1408   0.8825
inve          0.8895   0.7937   1.0000   0.3145   0.2130   0.4764   0.4310   0.7195  -0.1284   0.1461   0.1021   0.7279
pinf          0.3785   0.3968   0.3145   1.0000   0.2946   0.3708   0.2778   0.2516  -0.0016   0.1544   0.3446   0.4323
r             0.2358   0.2178   0.2130   0.2946   1.0000   0.3816   0.2183   0.1894  -0.0771   0.3325   0.0772   0.5044
w             0.6574   0.7637   0.4764   0.3708   0.3816   1.0000   0.8770   0.1418  -0.1481   0.6264   0.0456   0.8539
k             0.5704   0.6667   0.4310   0.2778   0.2183   0.8770   1.0000  -0.0444  -0.1995   0.7952  -0.0894   0.7174
lab           0.7593   0.6464   0.7195   0.2516   0.1894   0.1418  -0.0444   1.0000   0.0133  -0.3388   0.2534   0.5020
qk           -0.1151  -0.1162  -0.1284  -0.0016  -0.0771  -0.1481  -0.1995   0.0133   1.0000   0.0960   0.1461  -0.0101
n             0.1729   0.2288   0.1461   0.1544   0.3325   0.6264   0.7952  -0.3388   0.0960   1.0000  -0.1511   0.5034
rktil         0.1493   0.1408   0.1021   0.3446   0.0772   0.0456  -0.0894   0.2534   0.1461  -0.1511   1.0000   0.1061
og            0.8488   0.8825   0.7279   0.4323   0.5044   0.8539   0.7174   0.5020  -0.0101   0.5034   0.1061   1.0000



COEFFICIENTS OF AUTOCORRELATION
Order          1       2       3       4       5
y         0.9842  0.9568  0.9233  0.8868  0.8492
c         0.9879  0.9684  0.9459  0.9218  0.8970
inve      0.9797  0.9346  0.8752  0.8088  0.7401
pinf      0.6127  0.4535  0.3637  0.3032  0.2594
r         0.9688  0.9153  0.8549  0.7943  0.7362
w         0.9791  0.9582  0.9372  0.9163  0.8954
k         0.9964  0.9914  0.9851  0.9776  0.9691
lab       0.9793  0.9447  0.9033  0.8589  0.8141
qk        0.9209  0.8510  0.7891  0.7337  0.6834
n         0.9932  0.9855  0.9770  0.9676  0.9575
rktil     0.0658  0.0792  0.0882  0.0933  0.0953
og        0.9886  0.9667  0.9397  0.9103  0.8798
This is pdfTeX, Version 3.141592653-2.6-1.40.28 (TeX Live 2025) (preloaded format=pdflatex) 
 restricted \write18 enabled. 
entering extended mode 
GPL Ghostscript 10.05.1: PDFDocEncoding ad is undefined
GPL Ghostscript 10.05.1: PDFDocEncoding ad is undefined
GPL Ghostscript 10.05.1: PDFDocEncoding ad is undefined
GPL Ghostscript 10.05.1: PDFDocEncoding ad is undefined
GPL Ghostscript 10.05.1: PDFDocEncoding ad is undefined
GPL Ghostscript 10.05.1: PDFDocEncoding ad is undefined
GPL Ghostscript 10.05.1: PDFDocEncoding ad is undefined
GPL Ghostscript 10.05.1: PDFDocEncoding ad is undefined
GPL Ghostscript 10.05.1: PDFDocEncoding ad is undefined
GPL Ghostscript 10.05.1: PDFDocEncoding ad is undefined
GPL Ghostscript 10.05.1: PDFDocEncoding ad is undefined
GPL Ghostscript 10.05.1: PDFDocEncoding ad is undefined
GPL Ghostscript 10.05.1: PDFDocEncoding ad is undefined
GPL Ghostscript 10.05.1: PDFDocEncoding ad is undefined
GPL Ghostscript 10.05.1: PDFDocEncoding ad is undefined
GPL Ghostscript 10.05.1: PDFDocEncoding ad is undefined
GPL Ghostscript 10.05.1: PDFDocEncoding ad is undefined
GPL Ghostscript 10.05.1: PDFDocEncoding ad is undefined
GPL Ghostscript 10.05.1: PDFDocEncoding ad is undefined
GPL Ghostscript 10.05.1: PDFDocEncoding ad is undefined
GPL Ghostscript 10.05.1: PDFDocEncoding ad is undefined
GPL Ghostscript 10.05.1: PDFDocEncoding ad is undefined
GPL Ghostscript 10.05.1: PDFDocEncoding ad is undefined
GPL Ghostscript 10.05.1: PDFDocEncoding ad is undefined
GPL Ghostscript 10.05.1: PDFDocEncoding ad is undefined
GPL Ghostscript 10.05.1: PDFDocEncoding ad is undefined
GPL Ghostscript 10.05.1: PDFDocEncoding ad is undefined
GPL Ghostscript 10.05.1: PDFDocEncoding ad is undefined
Total computing time : 0h03m13s
