Starting Dynare (version 6.4).
Calling Dynare with arguments: none
Starting preprocessing of the model file ... 
Substitution of exo lags: added 2 auxiliary variables and equations. 
Found 49 equation(s). 
Evaluating expressions... 
Computing static model derivatives (order 1). 
Normalizing the static model... 
Finding the optimal block decomposition of the static model... 
15 block(s) found: 
  13 recursive block(s) and 2 simultaneous block(s). 
  the largest simultaneous block has 16 equation(s) 
                                 and 16 feedback variable(s). 
Computing dynamic model derivatives (order 2). 
Normalizing the dynamic model... 
Finding the optimal block decomposition of the dynamic model... 
4 block(s) found: 
  2 recursive block(s) and 2 simultaneous block(s). 
  the largest simultaneous block has 16 equation(s) 
                                 and 14 feedback variable(s). 
Preprocessing completed. 
Preprocessing time: 0h00m00s.


Residuals of the static equations:
Equation number  1: Consumption Euler equation             :       0.000000
Equation number  2: Investment Euler equation              :       0.000000
Equation number  3: Capital evolution                      :       0.000000
Equation number  4: Capital utilization                    :       0.000000
Equation number  5: Rate of utilization                    :       0.000000
Equation number  6: Price markup                           :       0.000000
Equation number  7: Rental rate of capital                 :       0.000000
Equation number  8: Aggregate production function          :       0.000000
Equation number  9: Resource constraint                    :       0.000000
Equation number 10: Phillips curve                         :       0.000000
Equation number 11: Wage evolution                         :       0.000000
Equation number 12: Marginal rate of substitution          :       0.000000
Equation number 13: Taylor rule                            :       0.000000
Equation number 14: Return to capital                      :       0.000000
Equation number 15: Spreads equation                       :       0.000000
Equation number 16: Evolution of net worth                 :       0.000000
Equation number 17: Flexible consumption Euler             :       0.000000
Equation number 18: Flexible investment Euler              :       0.000000
Equation number 19: Flexible capital evolution             :       0.000000
Equation number 20: Flexible capital utilization           :       0.000000
Equation number 21: Flexible rate of utilization           :       0.000000
Equation number 22: Flexible price markup                  :       0.000000
Equation number 23: Flexible rental rate of capital        :       0.000000
Equation number 24: Flexible production function           :       0.000000
Equation number 25: Flexible resource constraint           :       0.000000
Equation number 26: Flexible marginal rate of substitution :       0.000000
Equation number 27: Flexible arbitrage condition           :       0.000000
Equation number 28: Output gap definition                  :       0.000000
Equation number 29: Technology shock level                 :       0.000000
Equation number 30: Technology shock stationary            :       0.000000
Equation number 31: Government spending shock              :       0.000000
Equation number 32: Risk premium shock                     :       0.000000
Equation number 33: Investment shock                       :       0.000000
Equation number 34: Price markup shock                     :       0.000000
Equation number 35: Wage markup shock                      :       0.000000
Equation number 36: Monetary policy shock                  :       0.000000
Equation number 37: Financial shock                        :       0.000000
Equation number 38: Inflation target shock                 :       0.000000
Equation number 39: Permanent technology shock             :       0.000000
Equation number 40: Output growth                          :      -0.400000
Equation number 41: Consumption growth                     :      -0.400000
Equation number 42: Investment growth                      :      -0.400000
Equation number 43: Wage growth                            :      -0.400000
Equation number 44: Hours worked                           :       0.000000
Equation number 45: Interest rate                          :      -0.700000
Equation number 46: Inflation                              :      -0.700000
Equation number 47: Spread                                 :      -0.020000



STEADY-STATE RESULTS:

c                		 0
inve             		 0
y                		 0
lab              		 0
pinf             		 0
w                		 0
r                		 0
rk               		 0
k                		 0
mc               		 0
spinf            		 0
sw               		 0
g                		 0
b                		 0
rkf              		 0
kf               		 0
cf               		 0
invef            		 0
yf               		 0
labf             		 0
wf               		 0
sobs             		 0.02
labobs           		 0
robs             		 0.7
pinfobs          		 0.7
dy               		 0.4
dc               		 0.4
dinve            		 0.4
dw               		 0.4
wh               		 0
rktil            		 0
ztil             		 0
sigw             		 0
pist             		 0
og               		 0
zp               		 0
n                		 0
z                		 0
u                		 0
mu               		 0
rm               		 0
kbar             		 0
qk               		 0
rf               		 0
kbarf            		 0
uf               		 0
qkf              		 0

EIGENVALUES:
         Modulus             Real        Imaginary
       2.881e-17        2.881e-17                0
       8.378e-17       -8.378e-17                0
       1.402e-16       -1.402e-16                0
       1.714e-16       -1.714e-16                0
       2.659e-16       -2.659e-16                0
          0.0673           0.0673                0
          0.1173           0.1173                0
          0.2156           0.2156                0
          0.2258           0.2258                0
          0.6435           0.6435                0
          0.6609           0.6609                0
          0.7213           0.7213                0
          0.7875           0.7875                0
          0.7939           0.7939                0
          0.9261           0.9261                0
          0.9425           0.9402          0.06537
          0.9425           0.9402         -0.06537
           0.944            0.944                0
            0.95             0.95                0
          0.9564           0.9564                0
          0.9734           0.9734                0
          0.9793           0.9793                0
          0.9899           0.9899                0
            0.99             0.99                0
          0.9911           0.9911                0
           1.028            1.027           0.0327
           1.028            1.027          -0.0327
           1.041            1.041                0
            1.07             1.07                0
           1.117            1.098           0.2091
           1.117            1.098          -0.2091
            1.28             1.28                0
        1.93e+17        -1.93e+17                0
       2.966e+17        2.966e+17                0
       4.961e+17       -4.961e+17                0
       5.543e+17       -5.543e+17                0

There are 11 eigenvalue(s) larger than 1 in modulus for 11 forward-looking variable(s)
The rank condition is verified.


You did not declare endogenous variables after the estimation/calib_smoother command.
Initial value of the log posterior (or likelihood): -22467.7601
                                            First-order      Norm of
 Iter F-count            f(x)  Feasibility   optimality         step
    0      41    2.246776e+04    0.000e+00    3.081e+05
    1      82    5.468602e+03    0.000e+00    1.229e+05    3.287e+00
    2     123    4.392930e+03    0.000e+00    1.226e+05    1.618e+00
    3     166    4.289180e+03    0.000e+00    1.225e+05    6.627e-01
    4     208    4.134275e+03    0.000e+00    1.224e+05    6.582e-01
    5     251    4.132825e+03    0.000e+00    1.206e+05    1.262e-01
    6     292    4.078590e+03    0.000e+00    4.355e+04    9.658e-01
    7     335    4.052103e+03    0.000e+00    4.327e+04    3.030e-01
    8     378    4.029967e+03    0.000e+00    4.342e+04    1.842e-01
    9     421    4.023357e+03    0.000e+00    4.342e+04    3.489e-01
   10     463    3.988345e+03    0.000e+00    4.194e+04    3.818e-01
   11     504    3.903354e+03    0.000e+00    1.667e+04    1.304e+00
Objective function returned Inf; trying a new point...
   12     547    3.888942e+03    0.000e+00    1.662e+04    8.624e-01
   13     589    3.880139e+03    0.000e+00    1.657e+04    6.200e-01
   14     632    3.873534e+03    0.000e+00    1.640e+04    2.112e-01
   15     674    3.742169e+03    0.000e+00    1.401e+04    1.494e+00
   16     716    3.671699e+03    0.000e+00    1.020e+04    7.174e-01
   17     759    3.660382e+03    0.000e+00    1.007e+04    3.770e-01
   18     802    3.629874e+03    0.000e+00    9.300e+03    5.144e-01
   19     844    3.626389e+03    0.000e+00    8.122e+03    7.148e-01
   20     885    3.619155e+03    0.000e+00    6.867e+03    7.513e-01
   21     927    3.574179e+03    0.000e+00    6.510e+03    1.293e+00
   22     969    3.553816e+03    0.000e+00    6.290e+03    1.238e+00
   23    1011    3.514004e+03    0.000e+00    6.247e+03    2.219e+00
   24    1053    3.475469e+03    0.000e+00    5.260e+03    1.143e+00
   25    1096    3.465418e+03    0.000e+00    4.911e+03    3.672e-01
Objective function returned Inf; trying a new point...
   26    1139    3.446114e+03    0.000e+00    4.394e+03    1.498e+00
   27    1182    3.438355e+03    0.000e+00    3.843e+03    1.958e-01
   28    1224    3.418739e+03    0.000e+00    2.629e+03    8.284e-01
Objective function returned Inf; trying a new point...
   29    1266    3.414021e+03    0.000e+00    2.071e+03    1.604e+00
   30    1310    3.410114e+03    0.000e+00    2.078e+03    2.939e-01

                                            First-order      Norm of
 Iter F-count            f(x)  Feasibility   optimality         step
   31    1351    3.386279e+03    0.000e+00    2.465e+03    7.285e-01
   32    1393    3.376219e+03    0.000e+00    1.181e+03    3.034e-01
   33    1437    3.367085e+03    0.000e+00    9.694e+02    1.250e-01
   34    1479    3.360165e+03    0.000e+00    8.451e+02    5.163e-01
   35    1522    3.353876e+03    0.000e+00    9.118e+02    1.931e-01
   36    1565    3.349406e+03    0.000e+00    1.569e+03    1.777e-01
   37    1606    3.333298e+03    0.000e+00    3.944e+03    4.240e-01
   38    1648    3.329987e+03    0.000e+00    2.023e+03    2.673e-01
   39    1690    3.318419e+03    0.000e+00    9.639e+02    2.173e-01
Objective function returned Inf; trying a new point...
   40    1733    3.310879e+03    0.000e+00    9.809e+02    3.016e-01
   41    1776    3.297795e+03    0.000e+00    3.938e+02    3.804e-01
   42    1820    3.296324e+03    0.000e+00    3.008e+02    1.023e-01
   43    1863    3.285109e+03    0.000e+00    3.258e+02    2.735e-01
   44    1905    3.277198e+03    0.000e+00    2.771e+02    3.419e-01
   45    1948    3.272158e+03    0.000e+00    3.356e+02    2.082e-01
   46    1991    3.271704e+03    0.000e+00    3.107e+02    1.407e-01
   47    2034    3.268746e+03    0.000e+00    2.794e+02    2.322e-01
   48    2077    3.266386e+03    0.000e+00    2.167e+02    2.597e-01
   49    2120    3.262814e+03    0.000e+00    3.886e+02    1.885e-01
   50    2163    3.258849e+03    0.000e+00    1.897e+02    1.959e-01
   51    2207    3.258111e+03    0.000e+00    2.813e+02    6.247e-02
   52    2249    3.255429e+03    0.000e+00    2.903e+02    1.909e-01
   53    2292    3.253880e+03    0.000e+00    3.814e+02    1.540e-01
   54    2335    3.252358e+03    0.000e+00    2.400e+02    9.080e-02
   55    2382    3.250876e+03    0.000e+00    1.793e+02    7.301e-02
   56    2426    3.250716e+03    0.000e+00    2.576e+02    1.991e-01
   57    2470    3.250465e+03    0.000e+00    2.707e+02    2.212e-01
   58    2513    3.250059e+03    0.000e+00    1.011e+02    4.344e-01
   59    2556    3.249396e+03    0.000e+00    1.355e+02    2.192e-01
   60    2600    3.249073e+03    0.000e+00    1.348e+02    3.204e-01

                                            First-order      Norm of
 Iter F-count            f(x)  Feasibility   optimality         step
   61    2643    3.248351e+03    0.000e+00    1.664e+02    5.717e-01
   62    2686    3.248039e+03    0.000e+00    1.291e+02    1.724e-01
   63    2729    3.247922e+03    0.000e+00    1.486e+02    3.862e-01
   64    2771    3.246477e+03    0.000e+00    2.452e+02    1.127e+00
   65    2814    3.246186e+03    0.000e+00    1.657e+02    5.127e-01
   66    2857    3.245306e+03    0.000e+00    1.743e+02    7.730e-01
   67    2898    3.243569e+03    0.000e+00    1.221e+02    2.353e+00
   68    2940    3.242363e+03    0.000e+00    1.523e+02    2.054e-01
   69    2982    3.241253e+03    0.000e+00    1.625e+02    1.347e-01
   70    3025    3.240528e+03    0.000e+00    1.815e+02    2.320e-01
   71    3067    3.239040e+03    0.000e+00    1.853e+02    9.357e-01
   72    3109    3.237871e+03    0.000e+00    1.975e+02    1.904e-01
   73    3151    3.237327e+03    0.000e+00    1.830e+02    1.509e-01
   74    3195    3.237181e+03    0.000e+00    1.721e+02    4.552e-01
   75    3237    3.235776e+03    0.000e+00    1.911e+02    1.165e-01
   76    3278    3.234986e+03    0.000e+00    2.224e+02    1.282e-01
   77    3321    3.234124e+03    0.000e+00    2.358e+02    2.638e-01
   78    3362    3.232635e+03    0.000e+00    2.369e+02    1.191e-01
   79    3403    3.231216e+03    0.000e+00    2.485e+02    4.898e-01
   80    3444    3.228713e+03    0.000e+00    3.034e+02    1.867e+00
   81    3485    3.227690e+03    0.000e+00    3.299e+02    9.162e-01
   82    3526    3.227020e+03    0.000e+00    3.054e+02    2.263e-01
   83    3567    3.226300e+03    0.000e+00    3.177e+02    2.741e-01
   84    3608    3.225949e+03    0.000e+00    3.045e+02    3.422e-02
   85    3649    3.225146e+03    0.000e+00    2.649e+02    1.309e-01
   86    3690    3.223894e+03    0.000e+00    1.592e+02    1.605e-01
   87    3731    3.222618e+03    0.000e+00    1.557e+02    1.972e-01
   88    3772    3.221007e+03    0.000e+00    9.009e+01    8.147e-02
   89    3813    3.219551e+03    0.000e+00    1.764e+02    2.617e-01
   90    3854    3.219055e+03    0.000e+00    1.845e+02    1.172e-01

                                            First-order      Norm of
 Iter F-count            f(x)  Feasibility   optimality         step
   91    3895    3.218220e+03    0.000e+00    2.259e+02    2.458e-01
   92    3936    3.217183e+03    0.000e+00    2.536e+02    8.762e-02
   93    3977    3.216125e+03    0.000e+00    2.827e+02    1.068e-01
   94    4018    3.214501e+03    0.000e+00    4.221e+02    1.645e-01
   95    4059    3.212804e+03    0.000e+00    2.758e+02    1.787e-01
   96    4100    3.210962e+03    0.000e+00    9.574e+02    1.691e-01
   97    4141    3.209809e+03    0.000e+00    2.977e+02    1.500e-01
   98    4182    3.208522e+03    0.000e+00    3.474e+02    1.279e-01
   99    4223    3.205837e+03    0.000e+00    5.231e+02    2.041e-01
  100    4264    3.199343e+03    0.000e+00    1.184e+03    2.145e-01
  101    4305    3.192043e+03    0.000e+00    8.347e+02    3.103e-01
  102    4346    3.175393e+03    0.000e+00    4.060e+02    8.028e-01
  103    4388    3.167027e+03    0.000e+00    6.447e+02    3.290e-01
  104    4430    3.149820e+03    0.000e+00    3.815e+02    8.833e-01
  105    4471    3.145476e+03    0.000e+00    6.755e+02    1.053e+00
  106    4512    3.133398e+03    0.000e+00    3.939e+02    1.048e+00
  107    4553    3.131859e+03    0.000e+00    8.633e+02    3.602e-01
  108    4594    3.111584e+03    0.000e+00    4.194e+02    1.903e+00
  109    4635    3.099099e+03    0.000e+00    1.513e+03    1.385e+00
  110    4676    3.071409e+03    0.000e+00    5.564e+02    1.636e+00
  111    4718    3.064989e+03    0.000e+00    8.440e+02    1.691e+00
  112    4760    3.061698e+03    0.000e+00    9.797e+02    1.586e+00
  113    4802    3.052004e+03    0.000e+00    8.901e+02    3.838e-01
  114    4844    3.051701e+03    0.000e+00    3.651e+02    4.188e-01
  115    4886    3.043732e+03    0.000e+00    9.334e+02    5.092e-01
  116    4928    3.033625e+03    0.000e+00    3.580e+02    2.640e-01
  117    4970    3.026855e+03    0.000e+00    2.075e+02    1.712e-01
  118    5012    3.020285e+03    0.000e+00    2.966e+02    2.668e-01
  119    5054    3.016902e+03    0.000e+00    4.006e+02    2.123e-01
  120    5096    3.015779e+03    0.000e+00    2.311e+02    2.011e-01

                                            First-order      Norm of
 Iter F-count            f(x)  Feasibility   optimality         step
  121    5137    3.013813e+03    0.000e+00    1.779e+02    2.225e-01
  122    5178    3.012733e+03    0.000e+00    2.309e+02    1.455e-01
  123    5219    3.012684e+03    0.000e+00    2.564e+02    2.074e-01
  124    5260    3.010972e+03    0.000e+00    9.946e+01    9.259e-02
  125    5301    3.010613e+03    0.000e+00    1.068e+02    8.010e-02
  126    5342    3.009636e+03    0.000e+00    9.231e+01    1.313e-01
  127    5383    3.008587e+03    0.000e+00    1.005e+02    3.023e-01
  128    5424    3.007264e+03    0.000e+00    9.585e+01    2.652e-01
  129    5465    3.005438e+03    0.000e+00    9.252e+01    4.998e-01
  130    5506    3.003808e+03    0.000e+00    9.117e+01    2.135e-01
  131    5547    3.002013e+03    0.000e+00    1.258e+02    3.761e-01
  132    5588    3.000577e+03    0.000e+00    1.564e+02    3.100e-01
  133    5629    2.998764e+03    0.000e+00    2.002e+02    3.311e-01
  134    5671    2.997395e+03    0.000e+00    1.616e+02    1.267e-01
  135    5713    2.996734e+03    0.000e+00    1.606e+02    6.999e-02
  136    5755    2.995950e+03    0.000e+00    1.443e+02    2.126e-01
  137    5797    2.995223e+03    0.000e+00    1.735e+02    6.570e-02
  138    5838    2.994382e+03    0.000e+00    9.889e+01    1.362e-01
  139    5879    2.994107e+03    0.000e+00    1.320e+02    2.492e-01
  140    5920    2.992486e+03    0.000e+00    1.510e+02    1.922e-01
  141    5961    2.992311e+03    0.000e+00    9.052e+01    9.572e-02
  142    6002    2.991586e+03    0.000e+00    7.609e+01    1.585e-01
  143    6043    2.991090e+03    0.000e+00    1.624e+02    1.961e-01
  144    6084    2.990322e+03    0.000e+00    8.513e+01    1.738e-01
  145    6125    2.989795e+03    0.000e+00    1.304e+02    3.413e-01
  146    6166    2.989426e+03    0.000e+00    8.683e+01    5.416e-01
  147    6207    2.988716e+03    0.000e+00    8.019e+01    1.393e-01
  148    6248    2.988394e+03    0.000e+00    7.245e+01    1.193e-01
  149    6289    2.987934e+03    0.000e+00    6.907e+01    2.064e-01
  150    6330    2.987557e+03    0.000e+00    1.003e+02    2.934e-01

                                            First-order      Norm of
 Iter F-count            f(x)  Feasibility   optimality         step
  151    6371    2.987274e+03    0.000e+00    9.355e+01    1.580e-01
  152    6412    2.986820e+03    0.000e+00    4.018e+01    1.935e-01
  153    6453    2.986579e+03    0.000e+00    6.697e+01    2.374e-01
  154    6494    2.986565e+03    0.000e+00    4.869e+01    1.492e-01
  155    6535    2.986390e+03    0.000e+00    5.015e+01    9.673e-02
  156    6576    2.986305e+03    0.000e+00    6.017e+01    1.230e-01
  157    6617    2.986196e+03    0.000e+00    5.217e+01    4.383e-02
  158    6658    2.985897e+03    0.000e+00    3.691e+01    1.995e-01
  159    6699    2.985775e+03    0.000e+00    2.824e+01    2.950e-02
  160    6740    2.985502e+03    0.000e+00    7.024e+01    1.414e-01
  161    6781    2.985351e+03    0.000e+00    6.755e+01    1.323e-01
  162    6822    2.985200e+03    0.000e+00    3.853e+01    1.290e-01
  163    6863    2.985045e+03    0.000e+00    1.922e+01    6.218e-02
  164    6904    2.984967e+03    0.000e+00    7.139e+01    5.059e-02
  165    6945    2.984892e+03    0.000e+00    2.053e+01    4.879e-02
  166    6986    2.984809e+03    0.000e+00    1.465e+01    2.586e-02
  167    7027    2.984629e+03    0.000e+00    2.233e+01    5.365e-02
  168    7068    2.984499e+03    0.000e+00    2.621e+01    5.422e-02
  169    7109    2.984182e+03    0.000e+00    4.198e+01    1.197e-01
  170    7150    2.983821e+03    0.000e+00    5.705e+01    1.310e-01
  171    7191    2.983320e+03    0.000e+00    6.629e+01    1.596e-01
  172    7232    2.982671e+03    0.000e+00    7.402e+01    1.249e-01
  173    7273    2.982043e+03    0.000e+00    6.067e+01    1.181e-01
  174    7314    2.981599e+03    0.000e+00    7.105e+01    1.918e-01
  175    7355    2.981311e+03    0.000e+00    7.699e+01    1.829e-01
  176    7396    2.981066e+03    0.000e+00    4.531e+01    1.684e-01
  177    7437    2.980913e+03    0.000e+00    2.020e+01    5.831e-02
  178    7478    2.980815e+03    0.000e+00    1.470e+01    3.128e-02
  179    7519    2.980776e+03    0.000e+00    1.383e+01    3.013e-02
  180    7560    2.980757e+03    0.000e+00    1.006e+01    2.983e-02

                                            First-order      Norm of
 Iter F-count            f(x)  Feasibility   optimality         step
  181    7601    2.980737e+03    0.000e+00    8.263e+00    3.318e-02
  182    7642    2.980725e+03    0.000e+00    7.927e+00    2.330e-02
  183    7683    2.980718e+03    0.000e+00    7.207e+00    7.944e-03
  184    7724    2.980714e+03    0.000e+00    7.516e+00    1.347e-02
  185    7765    2.980711e+03    0.000e+00    6.552e+00    2.198e-02
  186    7806    2.980709e+03    0.000e+00    6.627e+00    2.050e-02
  187    7847    2.980707e+03    0.000e+00    5.302e+00    1.705e-02
  188    7888    2.980706e+03    0.000e+00    2.807e+00    4.889e-03
  189    7929    2.980705e+03    0.000e+00    4.400e+00    5.697e-03
  190    7970    2.980704e+03    0.000e+00    4.381e+00    3.297e-03
  191    8011    2.980702e+03    0.000e+00    2.738e+00    2.986e-03
  192    8052    2.980701e+03    0.000e+00    1.220e+00    5.427e-03
  193    8093    2.980686e+03    0.000e+00    6.497e+00    2.285e-02
  194    8134    2.980684e+03    0.000e+00    3.126e+00    3.056e-03
  195    8175    2.980683e+03    0.000e+00    2.671e+00    6.331e-03
  196    8216    2.980683e+03    0.000e+00    2.124e+00    2.153e-03
  197    8257    2.980682e+03    0.000e+00    1.016e+00    1.131e-02
  198    8298    2.980682e+03    0.000e+00    7.319e-01    3.492e-03
  199    8339    2.980682e+03    0.000e+00    5.594e-01    2.385e-03
  200    8380    2.980682e+03    0.000e+00    4.266e-01    6.109e-04
  201    8421    2.980682e+03    0.000e+00    2.060e-01    1.789e-03
  202    8462    2.980682e+03    0.000e+00    5.595e-02    8.932e-04
  203    8503    2.980681e+03    0.000e+00    8.293e-01    3.623e-03
  204    8544    2.980681e+03    0.000e+00    2.151e-01    3.424e-03
  205    8585    2.980681e+03    0.000e+00    1.695e-01    7.575e-04
  206    8629    2.980681e+03    0.000e+00    1.605e-01    3.063e-04
  207    8670    2.980681e+03    0.000e+00    1.890e-01    4.096e-04
  208    8711    2.980681e+03    0.000e+00    2.869e-02    3.623e-04
  209    8760    2.980681e+03    0.000e+00    6.169e-03    5.837e-05
  210    8802    2.980681e+03    0.000e+00    7.187e-01    1.282e-03

                                            First-order      Norm of
 Iter F-count            f(x)  Feasibility   optimality         step
  211    8845    2.980681e+03    0.000e+00    7.157e-01    1.736e-03
  212    8886    2.980681e+03    0.000e+00    3.773e-02    8.439e-04
  213    8927    2.980681e+03    0.000e+00    5.935e-02    2.298e-04
  214    8968    2.980681e+03    0.000e+00    4.232e-02    9.417e-05

<a href = "matlab: helpview('optim','feasible_better_objective','CSHelpWindow');">Feasible point with lower objective function value found, but optimality criteria not satisfied. See output.bestfeasible.</a>.


<a href = "matlab: helpview('optim','local_min_poss_with_constr','CSHelpWindow');">Local minimum possible. Constraints satisfied</a>.

fmincon stopped because the <a href = "matlab: helpview('optim','norm_curr_step_simple_fminconip','CSHelpWindow');">size of the current step</a> is less than
the value of the <a href = "matlab: helpview('optim','step_size_tol','CSHelpWindow');">step size tolerance</a> and constraints are 
satisfied to within the value of the <a href = "matlab: helpview('optim','constraint_tolerance','CSHelpWindow');">constraint tolerance</a>.

<<a href = "matlab: createExitMsg({'optimlib:sqpLineSearch:Exit2basic','fmincon'},{'optimlib:sqpLineSearch:Exit2detailed','1.000000e-06','0.000000e+00','1.000000e-06'},true,true);;">stopping criteria details</a>>

Final value of minus the log posterior (or likelihood):2980.681337 

RESULTS FROM POSTERIOR ESTIMATION
parameters
           prior mean     mode    s.d.  prior pstdev

calfa          0.3000   0.3906  0.0241   norm 0.0500 
czcap          0.5000   0.6150  0.0490   beta 0.1500 
cfc            1.2500   1.1968  0.0549   norm 0.1250 
cindw          0.5000   0.1752  0.0759   beta 0.1500 
cprobw         0.5000   0.8972  0.0193   beta 0.1000 
cindp          0.5000   0.1815  0.0676   beta 0.1500 
cprobp         0.5000   0.8428  0.0493   beta 0.1000 
csigma         1.5000   1.4501  0.0742   norm 0.3750 
csigl          2.0000   0.0404  0.3553   norm 0.7500 
chabb          0.7000   0.3156  0.0641   beta 0.1000 
csadjcost      4.0000   0.0780  0.0181   norm 1.5000 
crpi           1.5000   1.7781  0.2067   norm 0.2500 
cry            0.1250   0.0606  0.0330   norm 0.0500 
crdy           0.1250   0.2875  0.0258   norm 0.0500 
crr            0.7500   0.9311  0.0223   beta 0.1000 
cnstar         0.0000   2.9819  0.9572   norm 2.0000 
cgamma         0.4000   0.5781  0.0848   norm 0.1000 
czeta_spb      0.0500   0.0434  0.0046   beta 0.0050 
constepinf     0.6250   0.3870  0.0694   gamm 0.2000 
cgy            0.5000   0.6122  0.1967   beta 0.2000 
crhoa          0.5000   0.9677  0.0110   beta 0.2000 
crhob          0.5000   0.8577  0.0238   beta 0.2000 
crhog          0.5000   0.9835  0.0077   beta 0.2000 
crhoqs         0.5000   0.9956  0.0021   beta 0.2000 
crhoms         0.5000   0.0641  0.0385   beta 0.2000 
crhopinf       0.5000   0.9673  0.0264   beta 0.2000 
crhow          0.5000   0.2546  0.1427   beta 0.2000 
crhosigw       0.7500   0.9890  0.0109   beta 0.1500 
crhopist       0.7500   0.9940  0.0049   beta 0.1500 
cmap           0.5000   0.8372  0.0503   beta 0.2000 
cmaw           0.5000   0.4425  0.1204   beta 0.2000 

standard deviation of shocks
           prior mean     mode    s.d.  prior pstdev

ea             0.1000   0.5696  0.0294   invg 2.0000 
eb             0.1000   0.1271  0.0137   invg 2.0000 
eg             0.1000   2.5326  0.1214   invg 2.0000 
eqs            0.1000   1.8464  0.2507   invg 2.0000 
em             0.1000   0.3307  0.0266   invg 2.0000 
epinf          0.1000   0.1886  0.0128   invg 2.0000 
ew             0.1000   0.4943  0.0300   invg 2.0000 
esigw          0.1000   0.0777  0.0134   invg 2.0000 
epist          0.1000   0.0577  0.0242   invg 2.0000 


Log data density [Laplace approximation] is -3087.456490.


MODEL SUMMARY

  Number of variables:         49
  Number of stochastic shocks: 10
  Number of state variables:   25
  Number of jumpers:           11
  Number of static variables:  19


MATRIX OF COVARIANCE OF EXOGENOUS SHOCKS
Variables          ea        eb        eg       eqs        em     epinf        ew     esigw     epist       ezp
ea           0.324482  0.000000  0.000000  0.000000  0.000000  0.000000  0.000000  0.000000  0.000000  0.000000
eb           0.000000  0.016165  0.000000  0.000000  0.000000  0.000000  0.000000  0.000000  0.000000  0.000000
eg           0.000000  0.000000  6.413922  0.000000  0.000000  0.000000  0.000000  0.000000  0.000000  0.000000
eqs          0.000000  0.000000  0.000000  3.409015  0.000000  0.000000  0.000000  0.000000  0.000000  0.000000
em           0.000000  0.000000  0.000000  0.000000  0.109337  0.000000  0.000000  0.000000  0.000000  0.000000
epinf        0.000000  0.000000  0.000000  0.000000  0.000000  0.035568  0.000000  0.000000  0.000000  0.000000
ew           0.000000  0.000000  0.000000  0.000000  0.000000  0.000000  0.244287  0.000000  0.000000  0.000000
esigw        0.000000  0.000000  0.000000  0.000000  0.000000  0.000000  0.000000  0.006033  0.000000  0.000000
epist        0.000000  0.000000  0.000000  0.000000  0.000000  0.000000  0.000000  0.000000  0.003330  0.000000
ezp          0.000000  0.000000  0.000000  0.000000  0.000000  0.000000  0.000000  0.000000  0.000000  0.010000

POLICY AND TRANSITION FUNCTIONS
                                   y               c            inve            pinf               r               w               k             lab              qk               n           rktil              og
y(-1)                       0.764769        0.784008        1.231008        0.020087       -0.061981        0.004239        0.325110        0.840198        0.201754        0.375010        0.233270        0.764769
r(-1)                      -2.481227       -2.450785       -4.435948       -0.064516        0.199484       -0.012449       -1.054389       -2.726205       -0.720205       -2.016362       -0.819418       -2.481227
spinf(-1)                   5.887311        4.406350       18.494780        3.590083        2.156890       -3.251907        1.488500        7.118116        3.503239        8.353101        7.052814        5.887311
sw(-1)                      0.070594       -0.042995        0.465986        0.038795        0.025342        0.506974        0.186440       -0.022717        0.074755        0.167103        0.121578        0.070594
g(-1)                       0.167213       -0.042599        0.046313        0.002895        0.004692       -0.003683        0.069660        0.184618        0.006547        0.019479        0.013211        0.014871
b(-1)                       4.207010        4.427940        6.223773        0.095066        1.238776        0.025217        1.789024        4.621567        1.245685        2.274093        1.398769        4.207010
yf(-1)                     -0.764769       -0.784008       -1.231008       -0.020087        0.061981       -0.004239       -0.325110       -0.840198       -0.201754       -0.375010       -0.233270       -0.764769
ztil(-1)                    0.078354       -0.037521        0.803007        0.001814       -0.037570        0.047773       -0.058245       -0.283797        0.103506        0.202945        0.095197       -0.129562
sigw(-1)                   -0.203857        2.777653      -14.545636        0.015110       -0.057612        0.040394       -0.073839       -0.232183       -2.173091       -3.700827       -2.084017       -0.203857
pist(-1)                    2.112995        3.907258       -4.890131        0.107280        0.507752        0.043630        0.908109        2.315079       -0.757105       -1.073458       -0.570370        2.112995
zp(-1)                     -0.352829       -0.366209       -0.081850       -0.538246       -0.739308       -2.760646       -1.470460        0.458810        0.235872       -0.817829       -0.340784       -2.308618
n(-1)                       0.006473       -0.127187        0.647470       -0.000772        0.001793       -0.001842        0.002172        0.007483        0.096294        1.155609        0.092181        0.006473
mu(-1)                      0.068501        0.085548        0.037018        0.001797        0.009415        0.001365        0.029425        0.075063       -0.434364       -0.705136       -0.415242        0.031524
rm(-1)                     -0.179292       -0.184828       -0.283711       -0.004784        0.011238       -0.001015       -0.076225       -0.196971       -0.044939       -0.084117       -0.052488       -0.179292
kbar(-1)                   -0.093593        0.227291       -1.062086       -0.022366       -0.030039        0.025362        0.461469       -0.424135       -0.160795       -0.328393       -0.208335       -0.093593
qk(-1)                     -0.010964        0.215442       -1.096751        0.001308       -0.003038        0.003120       -0.003679       -0.012675       -0.163112       -1.957488       -1.156146       -0.010964
kbarf(-1)                   0.117395        0.113078        0.223586        0.002919       -0.007462        0.000525        0.049867        0.128999        0.034079        0.062524        0.038638       -0.026807
epinf(-2)                  -5.095291       -3.813564      -16.006678       -3.107109       -1.866723        2.814428       -1.288252       -6.160516       -3.031948       -7.229359       -6.103999       -5.095291
ew(-2)                     -0.122706        0.074734       -0.809976       -0.067433       -0.044050       -0.881222       -0.324070        0.039487       -0.129939       -0.290457       -0.211326       -0.122706
c(-1)                       0.124049        0.193904       -0.117142        0.000940        0.036299       -0.000618        0.052331        0.136542       -0.035063       -0.051505       -0.029853        0.124049
inve(-1)                    0.091627        0.012256        0.536104        0.000592        0.026799       -0.000141        0.038751        0.100793       -0.063901       -0.100156       -0.058781        0.091627
pinf(-1)                   -0.038315       -0.064380        0.060078        0.179382        0.010791       -0.006399       -0.018198       -0.040869        0.020971        0.156781        0.198551       -0.038315
w(-1)                       0.099531       -0.070852        0.625432        0.056650        0.035969        0.921916        0.326824       -0.073029        0.100775        0.235633        0.172587        0.099531
cf(-1)                      0.011840        0.007842        0.039519       -0.000047       -0.018651       -0.000029        0.005004        0.013026        0.014949        0.024864        0.014652       -0.063921
invef(-1)                   0.021369        0.015470        0.065050        0.000203       -0.011546        0.000002        0.009048        0.023500        0.015540        0.026395        0.015703       -0.039670
ea                         -0.455159       -0.734786       -0.567390       -0.061202       -0.091592       -1.556349       -1.619518       -0.028833        0.137369       -1.162144        0.072458       -0.288314
eb                          4.905040        5.162626        7.256425        0.110839        1.444315        0.029402        2.085860        5.388380        1.452370        2.651412        1.630853        4.905040
eg                          0.170020       -0.043315        0.047090        0.002943        0.004771       -0.003745        0.070830        0.187717        0.006657        0.019806        0.013432        0.015120
eqs                         0.068804        0.085926        0.037181        0.001805        0.009457        0.001371        0.029555        0.075394       -0.436280       -0.708246       -0.417074        0.031663
em                         -2.796148       -2.882484       -4.424621       -0.074605        0.175261       -0.015827       -1.188769       -3.071864       -0.700854       -1.311841       -0.818577       -2.796148
epinf                       0.515840        0.330457        2.303186        1.420043        0.324359       -1.364710       -0.203010        0.837415        0.505221        1.789267        1.895410        0.515840
ew                          0.101514       -0.093309        0.572982        0.061795        0.037178        1.366257        0.464874       -0.158801        0.093278        0.240399        0.178441        0.101514
esigw                      -0.205103        2.788480      -14.605261        0.015156       -0.057970        0.040553       -0.074318       -0.233584       -2.182068       -3.559702       -2.092652       -0.205103
epist                       2.125781        3.930901       -4.919720        0.107929        0.510825        0.043894        0.913604        2.329088       -0.761686       -1.079954       -0.573821        2.125781
ezp                        -0.371399       -0.385483       -0.086158       -0.566575       -0.778219       -2.905943       -1.547853        0.482958        0.248286       -0.860873       -0.358720       -2.430124


THEORETICAL MOMENTS
VARIABLE         MEAN  STD. DEV.   VARIANCE
y              0.0000    14.2027   201.7175
c              0.0000    16.9755   288.1670
inve           0.0000    20.6558   426.6604
pinf           0.0000     0.8082     0.6532
r              0.0000     0.8875     0.7877
w              0.0000    13.7878   190.1021
k              0.0000    18.7751   352.5045
lab            0.0000    13.2707   176.1105
qk             0.0000     8.6545    74.9001
n              0.0000    19.4626   378.7932
rktil          0.0000     1.2146     1.4752
og             0.0000    13.1281   172.3470



VARIANCE DECOMPOSITION (in percent)
             ea      eb      eg     eqs      em   epinf      ew   esigw   epist     ezp
y          0.65    1.86    3.10    9.90   17.22    1.73    0.07    0.44   52.09   12.94
c          0.37    2.14    0.11   12.08   15.33    0.92    0.07    0.39   55.46   13.13
inve       1.84    1.80    0.45   20.28   22.01    5.12    0.31    9.88   32.06    6.25
pinf       1.24    0.49    0.06    0.02    1.94   18.87    0.78    0.19   11.58   64.83
r          1.86   24.72    0.37    0.87    1.63    3.38    0.53    1.85   12.31   52.47
w          2.97    0.03    0.09   14.91    2.37   10.99    0.79    0.55    8.01   59.29
k          1.72    0.31    0.61   39.36   10.22    3.82    0.08    1.74   33.10    9.04
lab        1.06    2.39    3.66    3.31   13.51    0.37    0.17    0.22   32.04   43.26
qk         0.01    0.05    0.00   99.75    0.10    0.01    0.00    0.06    0.00    0.01
n          1.87    3.04    0.70   26.35    7.52    2.78    0.08   10.62   30.18   16.87
rktil      0.78    3.91    0.19   42.33    6.15   10.08    0.76    3.04    6.74   26.01
og         0.55    2.18    0.11    0.28   20.15    2.03    0.08    0.52   60.97   13.14



MATRIX OF CORRELATIONS
Variables          y        c     inve     pinf        r        w        k      lab       qk        n    rktil       og
y             1.0000   0.9712   0.8865   0.1858   0.2021   0.2148   0.7377   0.7943  -0.3040   0.4420   0.1873   0.9299
c             0.9712   1.0000   0.8422   0.1708   0.1612   0.2187   0.7473   0.7469  -0.3358   0.4544   0.1671   0.9200
inve          0.8865   0.8422   1.0000   0.2678   0.2908   0.4037   0.8073   0.5599  -0.4294   0.5132   0.2168   0.7925
pinf          0.1858   0.1708   0.2678   1.0000   0.7961   0.6805   0.4593  -0.1385  -0.0093   0.4916   0.6478   0.2775
r             0.2021   0.1612   0.2908   0.7961   1.0000   0.5619   0.3652  -0.0251  -0.0284   0.3196   0.5143   0.2929
w             0.2148   0.2187   0.4037   0.6805   0.5619   1.0000   0.7521  -0.3598  -0.3462   0.7019   0.4024   0.1792
k             0.7377   0.7473   0.8073   0.4593   0.3652   0.7521   1.0000   0.1789  -0.5810   0.7724   0.2891   0.6004
lab           0.7943   0.7469   0.5599  -0.1385  -0.0251  -0.3598   0.1789   1.0000   0.0805  -0.0451   0.0161   0.8218
qk           -0.3040  -0.3358  -0.4294  -0.0093  -0.0284  -0.3462  -0.5810   0.0805   1.0000  -0.2654  -0.0092  -0.0095
n             0.4420   0.4544   0.5132   0.4916   0.3196   0.7019   0.7724  -0.0451  -0.2654   1.0000   0.2939   0.3767
rktil         0.1873   0.1671   0.2168   0.6478   0.5143   0.4024   0.2891   0.0161  -0.0092   0.2939   1.0000   0.2396
og            0.9299   0.9200   0.7925   0.2775   0.2929   0.1792   0.6004   0.8218  -0.0095   0.3767   0.2396   1.0000



COEFFICIENTS OF AUTOCORRELATION
Order          1       2       3       4       5
y         0.9957  0.9895  0.9828  0.9760  0.9691
c         0.9968  0.9927  0.9883  0.9837  0.9791
inve      0.9918  0.9760  0.9567  0.9363  0.9159
pinf      0.9218  0.8906  0.8672  0.8447  0.8220
r         0.9606  0.9102  0.8595  0.8115  0.7669
w         0.9952  0.9892  0.9817  0.9729  0.9628
k         0.9980  0.9955  0.9926  0.9894  0.9858
lab       0.9941  0.9852  0.9754  0.9653  0.9550
qk        0.9944  0.9894  0.9848  0.9803  0.9760
n         0.9959  0.9916  0.9871  0.9821  0.9769
rktil     0.3502  0.3642  0.3641  0.3576  0.3479
og        0.9955  0.9887  0.9811  0.9732  0.9653
This is pdfTeX, Version 3.141592653-2.6-1.40.28 (TeX Live 2025) (preloaded format=pdflatex) 
 restricted \write18 enabled. 
entering extended mode 
GPL Ghostscript 10.05.1: PDFDocEncoding ad is undefined
GPL Ghostscript 10.05.1: PDFDocEncoding ad is undefined
GPL Ghostscript 10.05.1: PDFDocEncoding ad is undefined
GPL Ghostscript 10.05.1: PDFDocEncoding ad is undefined
GPL Ghostscript 10.05.1: PDFDocEncoding ad is undefined
GPL Ghostscript 10.05.1: PDFDocEncoding ad is undefined
GPL Ghostscript 10.05.1: PDFDocEncoding ad is undefined
GPL Ghostscript 10.05.1: PDFDocEncoding ad is undefined
GPL Ghostscript 10.05.1: PDFDocEncoding ad is undefined
GPL Ghostscript 10.05.1: PDFDocEncoding ad is undefined
GPL Ghostscript 10.05.1: PDFDocEncoding ad is undefined
GPL Ghostscript 10.05.1: PDFDocEncoding ad is undefined
GPL Ghostscript 10.05.1: PDFDocEncoding ad is undefined
GPL Ghostscript 10.05.1: PDFDocEncoding ad is undefined
GPL Ghostscript 10.05.1: PDFDocEncoding ad is undefined
GPL Ghostscript 10.05.1: PDFDocEncoding ad is undefined
GPL Ghostscript 10.05.1: PDFDocEncoding ad is undefined
GPL Ghostscript 10.05.1: PDFDocEncoding ad is undefined
GPL Ghostscript 10.05.1: PDFDocEncoding ad is undefined
GPL Ghostscript 10.05.1: PDFDocEncoding ad is undefined
GPL Ghostscript 10.05.1: PDFDocEncoding ad is undefined
GPL Ghostscript 10.05.1: PDFDocEncoding ad is undefined
GPL Ghostscript 10.05.1: PDFDocEncoding ad is undefined
GPL Ghostscript 10.05.1: PDFDocEncoding ad is undefined
GPL Ghostscript 10.05.1: PDFDocEncoding ad is undefined
GPL Ghostscript 10.05.1: PDFDocEncoding ad is undefined
GPL Ghostscript 10.05.1: PDFDocEncoding ad is undefined
GPL Ghostscript 10.05.1: PDFDocEncoding ad is undefined
Total computing time : 0h04m08s
