Starting Dynare (version 6.4).
Calling Dynare with arguments: none
Starting preprocessing of the model file ... 
Substitution of exo lags: added 2 auxiliary variables and equations. 
Found 49 equation(s). 
Evaluating expressions... 
Computing static model derivatives (order 1). 
Normalizing the static model... 
Finding the optimal block decomposition of the static model... 
15 block(s) found: 
  13 recursive block(s) and 2 simultaneous block(s). 
  the largest simultaneous block has 16 equation(s) 
                                 and 16 feedback variable(s). 
Computing dynamic model derivatives (order 2). 
Normalizing the dynamic model... 
Finding the optimal block decomposition of the dynamic model... 
4 block(s) found: 
  2 recursive block(s) and 2 simultaneous block(s). 
  the largest simultaneous block has 16 equation(s) 
                                 and 14 feedback variable(s). 
Preprocessing completed. 
Preprocessing time: 0h00m00s.


Residuals of the static equations:
Equation number  1: Consumption Euler equation             :       0.000000
Equation number  2: Investment Euler equation              :       0.000000
Equation number  3: Capital evolution                      :       0.000000
Equation number  4: Capital utilization                    :       0.000000
Equation number  5: Rate of utilization                    :       0.000000
Equation number  6: Price markup                           :       0.000000
Equation number  7: Rental rate of capital                 :       0.000000
Equation number  8: Aggregate production function          :       0.000000
Equation number  9: Resource constraint                    :       0.000000
Equation number 10: Phillips curve                         :       0.000000
Equation number 11: Wage evolution                         :       0.000000
Equation number 12: Marginal rate of substitution          :       0.000000
Equation number 13: Taylor rule                            :       0.000000
Equation number 14: Return to capital                      :       0.000000
Equation number 15: Spreads equation                       :       0.000000
Equation number 16: Evolution of net worth                 :       0.000000
Equation number 17: Flexible consumption Euler             :       0.000000
Equation number 18: Flexible investment Euler              :       0.000000
Equation number 19: Flexible capital evolution             :       0.000000
Equation number 20: Flexible capital utilization           :       0.000000
Equation number 21: Flexible rate of utilization           :       0.000000
Equation number 22: Flexible price markup                  :       0.000000
Equation number 23: Flexible rental rate of capital        :       0.000000
Equation number 24: Flexible production function           :       0.000000
Equation number 25: Flexible resource constraint           :       0.000000
Equation number 26: Flexible marginal rate of substitution :       0.000000
Equation number 27: Flexible arbitrage condition           :       0.000000
Equation number 28: Output gap definition                  :       0.000000
Equation number 29: Technology shock level                 :       0.000000
Equation number 30: Technology shock stationary            :       0.000000
Equation number 31: Government spending shock              :       0.000000
Equation number 32: Risk premium shock                     :       0.000000
Equation number 33: Investment shock                       :       0.000000
Equation number 34: Price markup shock                     :       0.000000
Equation number 35: Wage markup shock                      :       0.000000
Equation number 36: Monetary policy shock                  :       0.000000
Equation number 37: Financial shock                        :       0.000000
Equation number 38: Inflation target shock                 :       0.000000
Equation number 39: Permanent technology shock             :       0.000000
Equation number 40: Output growth                          :      -0.400000
Equation number 41: Consumption growth                     :      -0.400000
Equation number 42: Investment growth                      :      -0.400000
Equation number 43: Wage growth                            :      -0.400000
Equation number 44: Hours worked                           :       0.000000
Equation number 45: Interest rate                          :      -0.700000
Equation number 46: Inflation                              :      -0.700000
Equation number 47: Spread                                 :      -0.020000



STEADY-STATE RESULTS:

c                		 0
inve             		 0
y                		 0
lab              		 0
pinf             		 0
w                		 0
r                		 0
rk               		 0
k                		 0
mc               		 0
spinf            		 0
sw               		 0
g                		 0
b                		 0
rkf              		 0
kf               		 0
cf               		 0
invef            		 0
yf               		 0
labf             		 0
wf               		 0
sobs             		 0.02
labobs           		 0
robs             		 0.7
pinfobs          		 0.7
dy               		 0.4
dc               		 0.4
dinve            		 0.4
dw               		 0.4
wh               		 0
rktil            		 0
ztil             		 0
sigw             		 0
pist             		 0
og               		 0
zp               		 0
n                		 0
z                		 0
u                		 0
mu               		 0
rm               		 0
kbar             		 0
qk               		 0
rf               		 0
kbarf            		 0
uf               		 0
qkf              		 0

EIGENVALUES:
         Modulus             Real        Imaginary
       2.881e-17        2.881e-17                0
       8.378e-17       -8.378e-17                0
       1.402e-16       -1.402e-16                0
       1.714e-16       -1.714e-16                0
       2.659e-16       -2.659e-16                0
          0.0673           0.0673                0
          0.1173           0.1173                0
          0.2156           0.2156                0
          0.2258           0.2258                0
          0.6435           0.6435                0
          0.6609           0.6609                0
          0.7213           0.7213                0
          0.7875           0.7875                0
          0.7939           0.7939                0
          0.9261           0.9261                0
          0.9425           0.9402          0.06537
          0.9425           0.9402         -0.06537
           0.944            0.944                0
            0.95             0.95                0
          0.9564           0.9564                0
          0.9734           0.9734                0
          0.9793           0.9793                0
          0.9899           0.9899                0
            0.99             0.99                0
          0.9911           0.9911                0
           1.028            1.027           0.0327
           1.028            1.027          -0.0327
           1.041            1.041                0
            1.07             1.07                0
           1.117            1.098           0.2091
           1.117            1.098          -0.2091
            1.28             1.28                0
        1.93e+17        -1.93e+17                0
       2.966e+17        2.966e+17                0
       4.961e+17       -4.961e+17                0
       5.543e+17       -5.543e+17                0

There are 11 eigenvalue(s) larger than 1 in modulus for 11 forward-looking variable(s)
The rank condition is verified.


You did not declare endogenous variables after the estimation/calib_smoother command.
Initial value of the log posterior (or likelihood): -22467.7601
                                            First-order      Norm of
 Iter F-count            f(x)  Feasibility   optimality         step
    0      41    2.246776e+04    0.000e+00    3.081e+05
    1      82    5.468751e+03    0.000e+00    1.229e+05    3.287e+00
    2     123    4.389176e+03    0.000e+00    1.226e+05    1.620e+00
    3     166    4.291677e+03    0.000e+00    1.225e+05    6.669e-01
    4     208    4.137021e+03    0.000e+00    1.224e+05    6.559e-01
    5     251    4.135459e+03    0.000e+00    1.203e+05    1.252e-01
    6     292    4.092489e+03    0.000e+00    4.366e+04    9.809e-01
    7     336    4.080418e+03    0.000e+00    4.351e+04    2.195e-01
    8     379    4.023939e+03    0.000e+00    4.366e+04    2.492e-01
    9     423    4.013503e+03    0.000e+00    4.337e+04    1.125e-01
   10     464    3.970226e+03    0.000e+00    4.111e+04    2.402e-01
   11     505    3.860412e+03    0.000e+00    4.086e+04    1.595e+00
   12     547    3.814188e+03    0.000e+00    4.046e+04    8.279e-01
   13     588    3.790385e+03    0.000e+00    3.504e+04    3.189e-01
   14     630    3.718335e+03    0.000e+00    2.421e+04    4.202e-01
   15     671    3.668449e+03    0.000e+00    1.208e+04    5.048e-01
   16     713    3.606564e+03    0.000e+00    8.367e+03    6.789e-01
   17     756    3.604474e+03    0.000e+00    8.314e+03    4.669e-01
   18     798    3.568156e+03    0.000e+00    6.238e+03    7.936e-01
   19     841    3.549110e+03    0.000e+00    6.070e+03    1.121e+00
   20     883    3.523220e+03    0.000e+00    4.675e+03    6.583e-01
Objective function returned Inf; trying a new point...
   21     926    3.513069e+03    0.000e+00    4.710e+03    1.166e+00
   22     968    3.494688e+03    0.000e+00    3.299e+03    1.121e+00
Objective function returned Inf; trying a new point...
   23    1011    3.473378e+03    0.000e+00    3.501e+03    1.094e+00
   24    1053    3.439177e+03    0.000e+00    3.192e+03    1.200e+00
   25    1095    3.422728e+03    0.000e+00    2.974e+03    1.202e+00
Objective function returned Inf; trying a new point...
   26    1139    3.408809e+03    0.000e+00    2.846e+03    7.633e-01
   27    1181    3.402095e+03    0.000e+00    2.329e+03    3.472e-01
   28    1223    3.387448e+03    0.000e+00    1.611e+03    6.082e-01
   29    1266    3.384013e+03    0.000e+00    1.482e+03    2.475e-01
Objective function returned Inf; trying a new point...
   30    1310    3.369473e+03    0.000e+00    1.593e+03    5.414e-01

                                            First-order      Norm of
 Iter F-count            f(x)  Feasibility   optimality         step
   31    1353    3.361891e+03    0.000e+00    1.711e+03    5.669e-01
   32    1394    3.359910e+03    0.000e+00    9.932e+02    6.541e-01
Objective function returned Inf; trying a new point...
   33    1436    3.348331e+03    0.000e+00    5.623e+02    9.896e-01
   34    1480    3.333549e+03    0.000e+00    9.174e+02    1.604e-01
   35    1522    3.322872e+03    0.000e+00    8.006e+02    3.092e-01
   36    1564    3.320296e+03    0.000e+00    6.766e+02    2.790e-01
   37    1606    3.313660e+03    0.000e+00    9.490e+02    1.930e-01
   38    1649    3.311611e+03    0.000e+00    9.910e+02    1.863e-01
   39    1691    3.308324e+03    0.000e+00    8.113e+02    1.327e-01
   40    1733    3.303162e+03    0.000e+00    6.295e+02    1.481e-01
   41    1775    3.300012e+03    0.000e+00    5.726e+02    1.718e-01
   42    1817    3.295915e+03    0.000e+00    6.510e+02    2.347e-01
   43    1858    3.295104e+03    0.000e+00    1.762e+03    2.469e-01
   44    1901    3.288164e+03    0.000e+00    3.987e+02    1.763e-01
   45    1943    3.278957e+03    0.000e+00    4.487e+02    2.977e-01
   46    1985    3.272802e+03    0.000e+00    4.593e+02    1.862e-01
   47    2027    3.270726e+03    0.000e+00    6.368e+02    2.528e-01
   48    2069    3.267763e+03    0.000e+00    8.019e+02    1.069e-01
   49    2110    3.265201e+03    0.000e+00    5.231e+03    7.004e-01
   50    2153    3.262689e+03    0.000e+00    6.612e+02    9.505e-02
   51    2195    3.259050e+03    0.000e+00    3.445e+02    2.966e-01
   52    2237    3.254203e+03    0.000e+00    3.539e+02    1.696e-01
   53    2279    3.251484e+03    0.000e+00    3.597e+02    2.657e-01
   54    2322    3.249353e+03    0.000e+00    4.582e+02    1.262e-01
   55    2364    3.246621e+03    0.000e+00    5.468e+02    2.830e-01
   56    2407    3.245904e+03    0.000e+00    3.998e+02    2.228e-01
   57    2450    3.243835e+03    0.000e+00    2.768e+02    1.509e-01
   58    2493    3.243437e+03    0.000e+00    2.496e+02    1.488e-01
   59    2536    3.242931e+03    0.000e+00    2.430e+02    1.370e-01
   60    2578    3.242475e+03    0.000e+00    2.411e+02    1.587e-01

                                            First-order      Norm of
 Iter F-count            f(x)  Feasibility   optimality         step
   61    2621    3.242199e+03    0.000e+00    2.055e+02    1.176e-01
   62    2664    3.241915e+03    0.000e+00    2.254e+02    1.043e-01
   63    2707    3.241702e+03    0.000e+00    2.025e+02    1.067e-01
   64    2751    3.241187e+03    0.000e+00    1.987e+02    7.855e-02
   65    2795    3.241147e+03    0.000e+00    2.022e+02    4.031e-02
   66    2838    3.240826e+03    0.000e+00    2.189e+02    4.482e-02
   67    2881    3.240796e+03    0.000e+00    2.128e+02    6.013e-02
   68    2928    3.240758e+03    0.000e+00    1.820e+02    4.471e-02
   69    2970    3.240690e+03    0.000e+00    1.767e+02    4.773e-02
   70    3017    3.240284e+03    0.000e+00    1.755e+02    2.991e-02
   71    3059    3.240256e+03    0.000e+00    1.775e+02    4.724e-02
   72    3105    3.239984e+03    0.000e+00    1.750e+02    4.517e-02
   73    3147    3.239982e+03    0.000e+00    1.814e+02    7.713e-02
   74    3189    3.239627e+03    0.000e+00    1.340e+02    1.725e-01
   75    3232    3.239536e+03    0.000e+00    1.242e+02    1.668e-01
   76    3274    3.239102e+03    0.000e+00    1.332e+02    1.086e+00
   77    3316    3.238876e+03    0.000e+00    1.240e+02    1.124e+00
   78    3357    3.238351e+03    0.000e+00    8.825e+01    2.767e-01
   79    3399    3.238034e+03    0.000e+00    9.012e+01    3.962e-01
   80    3442    3.237681e+03    0.000e+00    7.101e+01    4.593e-01
   81    3483    3.237429e+03    0.000e+00    5.943e+01    1.449e+00
   82    3524    3.236531e+03    0.000e+00    5.925e+01    6.485e-01
   83    3565    3.235426e+03    0.000e+00    8.442e+01    3.777e-01
   84    3606    3.233172e+03    0.000e+00    1.637e+02    2.955e-01
   85    3647    3.229280e+03    0.000e+00    2.396e+02    2.183e-01
   86    3688    3.221871e+03    0.000e+00    4.627e+02    3.713e-01
   87    3729    3.206379e+03    0.000e+00    7.005e+02    9.536e-01
   88    3771    3.198361e+03    0.000e+00    7.274e+02    5.165e-01
   89    3813    3.193376e+03    0.000e+00    1.010e+03    6.513e-01
   90    3855    3.184869e+03    0.000e+00    7.604e+02    3.622e-01

                                            First-order      Norm of
 Iter F-count            f(x)  Feasibility   optimality         step
   91    3896    3.156375e+03    0.000e+00    1.066e+04    2.182e-01
   92    3939    3.149146e+03    0.000e+00    5.469e+02    1.241e-01
   93    3980    3.128731e+03    0.000e+00    4.458e+02    4.051e-01
   94    4021    3.116959e+03    0.000e+00    1.240e+03    4.053e-01
   95    4062    3.115565e+03    0.000e+00    3.456e+03    3.888e-01
   96    4105    3.112224e+03    0.000e+00    8.979e+02    3.999e-01
   97    4146    3.100832e+03    0.000e+00    8.325e+02    1.145e-01
   98    4187    3.099423e+03    0.000e+00    6.808e+02    2.053e+00
   99    4229    3.090473e+03    0.000e+00    7.627e+02    1.089e-01
  100    4270    3.086753e+03    0.000e+00    1.032e+03    7.678e-01
  101    4312    3.083408e+03    0.000e+00    1.048e+03    9.595e-02
  102    4354    3.076295e+03    0.000e+00    8.996e+02    5.859e-01
  103    4395    3.068401e+03    0.000e+00    7.330e+02    8.375e-01
  104    4437    3.066203e+03    0.000e+00    7.936e+02    1.355e+00
  105    4478    3.064266e+03    0.000e+00    5.985e+02    6.936e-01
  106    4519    3.063668e+03    0.000e+00    7.549e+02    8.897e-01
  107    4560    3.059668e+03    0.000e+00    4.239e+02    1.039e+00
  108    4601    3.059824e+03    0.000e+00    5.202e+02    7.887e-01
  109    4642    3.056476e+03    0.000e+00    3.630e+02    5.120e-01
  110    4684    3.055777e+03    0.000e+00    3.961e+02    2.932e-01
  111    4725    3.054779e+03    0.000e+00    2.960e+02    1.233e-01
  112    4766    3.053776e+03    0.000e+00    2.171e+02    1.027e-01
  113    4807    3.053062e+03    0.000e+00    1.792e+02    2.752e-01
  114    4848    3.052528e+03    0.000e+00    1.568e+02    8.889e-02
  115    4889    3.052021e+03    0.000e+00    1.920e+02    7.850e-02
  116    4930    3.051473e+03    0.000e+00    1.621e+02    6.851e-02
  117    4971    3.051103e+03    0.000e+00    1.606e+02    9.285e-02
  118    5012    3.050813e+03    0.000e+00    1.648e+02    5.498e-02
  119    5053    3.050333e+03    0.000e+00    1.872e+02    1.168e-01
  120    5094    3.049964e+03    0.000e+00    2.316e+02    6.265e-02

                                            First-order      Norm of
 Iter F-count            f(x)  Feasibility   optimality         step
  121    5135    3.049402e+03    0.000e+00    2.819e+02    1.164e-01
  122    5176    3.048856e+03    0.000e+00    3.335e+02    2.250e-01
  123    5217    3.048179e+03    0.000e+00    3.140e+02    1.081e-01
  124    5258    3.047484e+03    0.000e+00    2.559e+02    6.980e-02
  125    5299    3.046713e+03    0.000e+00    1.592e+02    1.800e-01
  126    5342    3.046538e+03    0.000e+00    1.754e+02    1.937e-02
  127    5384    3.046120e+03    0.000e+00    1.304e+02    9.010e-02
  128    5426    3.046019e+03    0.000e+00    1.427e+02    8.576e-02
  129    5467    3.045224e+03    0.000e+00    1.502e+02    2.565e-01
  130    5508    3.044668e+03    0.000e+00    1.331e+02    8.003e-02
  131    5549    3.044433e+03    0.000e+00    1.348e+02    1.501e-01
  132    5590    3.044320e+03    0.000e+00    1.385e+02    1.970e-02
  133    5631    3.044254e+03    0.000e+00    1.369e+02    1.616e-02
  134    5672    3.044138e+03    0.000e+00    1.364e+02    3.002e-02
  135    5713    3.044041e+03    0.000e+00    1.367e+02    2.130e-02
  136    5754    3.043950e+03    0.000e+00    1.379e+02    2.593e-02
  137    5795    3.043914e+03    0.000e+00    1.382e+02    1.874e-02
  138    5836    3.043881e+03    0.000e+00    1.384e+02    1.700e-02
  139    5877    3.043847e+03    0.000e+00    1.385e+02    2.087e-02
  140    5918    3.043799e+03    0.000e+00    1.385e+02    3.674e-02
  141    5959    3.043749e+03    0.000e+00    1.382e+02    4.401e-02
  142    6000    3.043691e+03    0.000e+00    1.378e+02    3.404e-02
  143    6041    3.043632e+03    0.000e+00    1.371e+02    2.486e-02
  144    6082    3.043558e+03    0.000e+00    1.365e+02    3.738e-02
  145    6123    3.043484e+03    0.000e+00    1.363e+02    5.402e-02
  146    6164    3.043405e+03    0.000e+00    1.371e+02    5.382e-02
  147    6205    3.043304e+03    0.000e+00    1.388e+02    4.183e-02
  148    6246    3.043134e+03    0.000e+00    1.423e+02    2.977e-02
  149    6287    3.042876e+03    0.000e+00    1.477e+02    4.178e-02
  150    6328    3.042538e+03    0.000e+00    1.545e+02    6.208e-02

                                            First-order      Norm of
 Iter F-count            f(x)  Feasibility   optimality         step
  151    6369    3.042127e+03    0.000e+00    1.611e+02    7.513e-02
  152    6410    3.041489e+03    0.000e+00    1.700e+02    8.417e-02
  153    6451    3.040211e+03    0.000e+00    1.901e+02    1.395e-01
  154    6492    3.036374e+03    0.000e+00    4.263e+02    2.995e-01
  155    6534    3.033385e+03    0.000e+00    5.059e+02    4.265e-01
  156    6575    3.030967e+03    0.000e+00    5.993e+02    1.951e-01
  157    6617    3.024447e+03    0.000e+00    5.226e+02    6.119e-01
  158    6658    3.015538e+03    0.000e+00    2.429e+02    6.036e-01
  159    6699    3.008338e+03    0.000e+00    2.447e+02    8.410e-01
  160    6741    3.007870e+03    0.000e+00    2.508e+02    3.326e-01
  161    6782    3.004682e+03    0.000e+00    2.362e+02    4.196e-01
  162    6823    3.002017e+03    0.000e+00    2.592e+02    4.397e-01
  163    6864    2.999610e+03    0.000e+00    2.332e+02    2.697e-01
  164    6905    2.996651e+03    0.000e+00    1.988e+02    3.942e-01
  165    6946    2.995464e+03    0.000e+00    1.976e+02    1.524e-01
  166    6990    2.995371e+03    0.000e+00    1.857e+02    1.125e-01
  167    7037    2.995011e+03    0.000e+00    1.840e+02    1.353e-01
  168    7079    2.994638e+03    0.000e+00    1.992e+02    1.133e-01
  169    7121    2.994261e+03    0.000e+00    3.012e+02    3.898e-01
  170    7162    2.993164e+03    0.000e+00    1.578e+02    3.469e-01
  171    7203    2.992843e+03    0.000e+00    2.223e+02    1.518e-01
  172    7244    2.992323e+03    0.000e+00    2.227e+02    1.850e-01
  173    7285    2.991667e+03    0.000e+00    1.877e+02    3.110e-01
  174    7327    2.991285e+03    0.000e+00    1.790e+02    5.797e-02
  175    7368    2.990784e+03    0.000e+00    1.698e+02    8.523e-02
  176    7409    2.989712e+03    0.000e+00    8.946e+01    1.703e-01
  177    7450    2.989103e+03    0.000e+00    9.417e+01    2.354e-01
  178    7491    2.988968e+03    0.000e+00    6.275e+01    2.915e-01
  179    7532    2.988494e+03    0.000e+00    6.343e+01    1.260e-01
  180    7573    2.988242e+03    0.000e+00    7.325e+01    6.662e-02

                                            First-order      Norm of
 Iter F-count            f(x)  Feasibility   optimality         step
  181    7614    2.987890e+03    0.000e+00    8.263e+01    8.948e-02
  182    7655    2.987410e+03    0.000e+00    6.579e+01    2.235e-01
  183    7696    2.987085e+03    0.000e+00    6.923e+01    8.923e-02
  184    7737    2.986853e+03    0.000e+00    6.661e+01    2.621e-01
  185    7778    2.986601e+03    0.000e+00    3.574e+01    1.141e-01
  186    7819    2.986482e+03    0.000e+00    3.479e+01    9.816e-02
  187    7860    2.986305e+03    0.000e+00    3.394e+01    1.128e-01
  188    7901    2.986162e+03    0.000e+00    3.524e+01    5.935e-02
  189    7942    2.986020e+03    0.000e+00    4.869e+01    4.527e-02
  190    7983    2.985894e+03    0.000e+00    6.031e+01    7.395e-02
  191    8024    2.985770e+03    0.000e+00    5.268e+01    4.024e-02
  192    8065    2.985665e+03    0.000e+00    5.179e+01    7.181e-02
  193    8106    2.985588e+03    0.000e+00    4.900e+01    1.116e-01
  194    8147    2.985504e+03    0.000e+00    5.676e+01    7.644e-02
  195    8188    2.985419e+03    0.000e+00    6.981e+01    6.481e-02
  196    8229    2.985373e+03    0.000e+00    7.421e+01    5.020e-02
  197    8270    2.985332e+03    0.000e+00    8.622e+01    1.785e-02
  198    8311    2.985285e+03    0.000e+00    8.697e+01    4.342e-02
  199    8352    2.985236e+03    0.000e+00    9.409e+01    1.058e-02
  200    8393    2.985178e+03    0.000e+00    9.161e+01    2.952e-02
  201    8434    2.985103e+03    0.000e+00    8.975e+01    1.801e-02
  202    8475    2.985000e+03    0.000e+00    8.345e+01    3.011e-02
  203    8516    2.984862e+03    0.000e+00    7.699e+01    6.074e-02
  204    8557    2.984685e+03    0.000e+00    7.120e+01    6.634e-02
  205    8598    2.984478e+03    0.000e+00    6.607e+01    1.088e-01
  206    8639    2.984179e+03    0.000e+00    1.143e+02    1.065e-01
  207    8680    2.983759e+03    0.000e+00    9.000e+01    1.234e-01
  208    8721    2.983067e+03    0.000e+00    1.508e+02    2.321e-01
  209    8762    2.982575e+03    0.000e+00    1.093e+02    9.021e-02
  210    8803    2.982084e+03    0.000e+00    8.228e+01    1.289e-01

                                            First-order      Norm of
 Iter F-count            f(x)  Feasibility   optimality         step
  211    8844    2.981792e+03    0.000e+00    1.251e+02    7.100e-02
  212    8885    2.981464e+03    0.000e+00    1.248e+02    1.195e-01
  213    8926    2.981262e+03    0.000e+00    1.347e+02    7.821e-02
  214    8967    2.981179e+03    0.000e+00    1.122e+02    2.170e-02
  215    9008    2.981147e+03    0.000e+00    9.512e+01    3.925e-02
  216    9049    2.981102e+03    0.000e+00    9.265e+01    2.374e-02
  217    9090    2.981045e+03    0.000e+00    7.887e+01    5.125e-02
  218    9131    2.980991e+03    0.000e+00    5.385e+01    4.254e-02
  219    9172    2.980945e+03    0.000e+00    2.570e+01    7.329e-02
  220    9213    2.980924e+03    0.000e+00    1.420e+01    2.319e-02
  221    9254    2.980924e+03    0.000e+00    5.100e+00    1.160e-02
  222    9295    2.980922e+03    0.000e+00    4.203e+00    5.019e-03
  223    9336    2.980920e+03    0.000e+00    2.114e+00    2.276e-03
  224    9377    2.980853e+03    0.000e+00    1.185e+01    5.268e-02
  225    9418    2.980837e+03    0.000e+00    3.423e+00    1.189e-02
  226    9459    2.980834e+03    0.000e+00    2.825e+00    5.632e-03
  227    9500    2.980832e+03    0.000e+00    3.314e+00    4.125e-03
  228    9541    2.980831e+03    0.000e+00    3.057e+00    3.960e-03
  229    9582    2.980831e+03    0.000e+00    2.083e+00    1.411e-03
  230    9623    2.980830e+03    0.000e+00    1.005e+00    5.561e-03
  231    9664    2.980830e+03    0.000e+00    5.599e-01    1.463e-03
  232    9705    2.980830e+03    0.000e+00    2.853e-01    1.791e-03
  233    9746    2.980830e+03    0.000e+00    2.797e-01    1.293e-03
  234    9787    2.980830e+03    0.000e+00    1.711e-01    7.747e-04
  235    9829    2.980830e+03    0.000e+00    1.417e-01    1.313e-03
  236    9870    2.980830e+03    0.000e+00    1.288e-01    6.200e-04
  237    9912    2.980830e+03    0.000e+00    1.362e-01    1.348e-03
  238    9953    2.980830e+03    0.000e+00    6.362e-02    3.313e-04
  239    9994    2.980816e+03    0.000e+00    1.643e+00    1.373e-02
  240   10035    2.980815e+03    0.000e+00    1.642e+00    8.959e-03

                                            First-order      Norm of
 Iter F-count            f(x)  Feasibility   optimality         step
  241   10076    2.980815e+03    0.000e+00    4.352e-01    3.054e-03
  242   10117    2.980815e+03    0.000e+00    2.274e-01    1.710e-03
  243   10158    2.980814e+03    0.000e+00    1.798e-01    1.788e-03
  244   10199    2.980814e+03    0.000e+00    9.724e-02    5.721e-04
  245   10240    2.980814e+03    0.000e+00    1.358e-01    1.901e-03
  246   10283    2.980814e+03    0.000e+00    1.573e-01    9.275e-04
  247   10324    2.980814e+03    0.000e+00    6.033e-02    8.783e-04
  248   10368    2.980814e+03    0.000e+00    4.662e-02    4.339e-04
  249   10410    2.980814e+03    0.000e+00    4.797e-02    2.273e-04
  250   10451    2.980814e+03    0.000e+00    3.782e-02    4.157e-04
  251   10493    2.980814e+03    0.000e+00    3.994e-02    1.820e-04
  252   10534    2.980814e+03    0.000e+00    3.370e-02    1.785e-04
  253   10580    2.980814e+03    0.000e+00    4.799e-02    9.841e-05
  254   10622    2.980814e+03    0.000e+00    2.928e-02    1.021e-04
  255   10672    2.980814e+03    0.000e+00    5.577e-03    1.278e-05
  256   10714    2.980813e+03    0.000e+00    4.011e+00    6.374e-03
  257   10755    2.980811e+03    0.000e+00    4.157e-01    4.141e-03
  258   10796    2.980811e+03    0.000e+00    1.067e-01    4.994e-04
  259   10837    2.980811e+03    0.000e+00    1.085e-01    3.526e-04
  260   10878    2.980811e+03    0.000e+00    3.310e-02    2.006e-04
  261   10919    2.980811e+03    0.000e+00    3.647e-02    3.081e-04
  262   10960    2.980811e+03    0.000e+00    5.325e-02    1.015e-04
  263   11001    2.980811e+03    0.000e+00    4.217e-02    7.343e-05
  264   11045    2.980811e+03    0.000e+00    2.859e-02    6.535e-05
  265   11086    2.980811e+03    0.000e+00    2.768e-02    1.058e-04
  266   11128    2.980811e+03    0.000e+00    4.276e-02    8.838e-05
  267   11169    2.980811e+03    0.000e+00    2.020e-02    1.086e-04
  268   11211    2.980811e+03    0.000e+00    2.332e-02    9.259e-05
  269   11253    2.980811e+03    0.000e+00    3.705e-02    9.418e-05
  270   11296    2.980811e+03    0.000e+00    4.147e-02    4.478e-05

                                            First-order      Norm of
 Iter F-count            f(x)  Feasibility   optimality         step
  271   11339    2.980811e+03    0.000e+00    3.345e-02    9.901e-05
  272   11380    2.980811e+03    0.000e+00    2.633e-02    1.356e-04
  273   11421    2.980811e+03    0.000e+00    5.958e-02    1.850e-04
  274   11463    2.980811e+03    0.000e+00    3.998e-02    1.290e-04
  275   11505    2.980811e+03    0.000e+00    4.786e-02    1.757e-04
  276   11546    2.980811e+03    0.000e+00    6.060e-02    2.433e-04
  277   11588    2.980811e+03    0.000e+00    5.022e-02    2.559e-04
  278   11629    2.980811e+03    0.000e+00    2.333e-02    8.952e-05
  279   11680    2.980811e+03    0.000e+00    1.284e-02    8.203e-06
  280   11721    2.980811e+03    0.000e+00    3.781e-02    1.343e-04
  281   11762    2.980811e+03    0.000e+00    1.863e-02    3.904e-05
  282   11805    2.980811e+03    0.000e+00    2.150e-02    2.691e-05
  283   11848    2.980811e+03    0.000e+00    2.919e-02    3.262e-05
  284   11891    2.980811e+03    0.000e+00    3.073e-02    4.297e-05
  285   11939    2.980811e+03    0.000e+00    1.375e-02    6.855e-05
  286   11981    2.980811e+03    0.000e+00    1.494e-02    2.040e-06

<a href = "matlab: helpview('optim','feasible_better_objective','CSHelpWindow');">Feasible point with lower objective function value found, but optimality criteria not satisfied. See output.bestfeasible.</a>.


<a href = "matlab: helpview('optim','local_min_poss_with_constr','CSHelpWindow');">Local minimum possible. Constraints satisfied</a>.

fmincon stopped because the <a href = "matlab: helpview('optim','norm_curr_step_simple_fminconip','CSHelpWindow');">size of the current step</a> is less than
the value of the <a href = "matlab: helpview('optim','step_size_tol','CSHelpWindow');">step size tolerance</a> and constraints are 
satisfied to within the value of the <a href = "matlab: helpview('optim','constraint_tolerance','CSHelpWindow');">constraint tolerance</a>.

<<a href = "matlab: createExitMsg({'optimlib:sqpLineSearch:Exit2basic','fmincon'},{'optimlib:sqpLineSearch:Exit2detailed','1.000000e-06','0.000000e+00','1.000000e-06'},true,true);;">stopping criteria details</a>>

Final value of minus the log posterior (or likelihood):2980.811197 

RESULTS FROM POSTERIOR ESTIMATION
parameters
           prior mean     mode    s.d.  prior pstdev

calfa          0.3000   0.3886  0.0243   norm 0.0500 
czcap          0.5000   0.6040  0.0543   beta 0.1500 
cfc            1.2500   1.1772  0.0589   norm 0.1250 
cindw          0.5000   0.1855  0.0814   beta 0.1500 
cprobw         0.5000   0.9017  0.0211   beta 0.1000 
cindp          0.5000   0.1765  0.0669   beta 0.1500 
cprobp         0.5000   0.8591  0.0497   beta 0.1000 
csigma         1.5000   1.4552  0.0774   norm 0.3750 
csigl          2.0000   0.2507  0.5660   norm 0.7500 
chabb          0.7000   0.3029  0.0662   beta 0.1000 
csadjcost      4.0000   0.0754  0.0182   norm 1.5000 
crpi           1.5000   1.7601  0.2171   norm 0.2500 
cry            0.1250   0.0664  0.0366   norm 0.0500 
crdy           0.1250   0.2894  0.0260   norm 0.0500 
crr            0.7500   0.9368  0.0228   beta 0.1000 
cnstar         0.0000   2.8671  0.8922   norm 2.0000 
cgamma         0.4000   0.5795  0.0853   norm 0.1000 
czeta_spb      0.0500   0.0433  0.0046   beta 0.0050 
constepinf     0.6250   0.3966  0.0720   gamm 0.2000 
cgy            0.5000   0.6221  0.1945   beta 0.2000 
crhoa          0.5000   0.9670  0.0113   beta 0.2000 
crhob          0.5000   0.8578  0.0236   beta 0.2000 
crhog          0.5000   0.9817  0.0078   beta 0.2000 
crhoqs         0.5000   0.9957  0.0021   beta 0.2000 
crhoms         0.5000   0.0574  0.0367   beta 0.2000 
crhopinf       0.5000   0.9642  0.0294   beta 0.2000 
crhow          0.5000   0.2547  0.1439   beta 0.2000 
crhosigw       0.7500   0.9906  0.0092   beta 0.1500 
crhopist       0.7500   0.9936  0.0053   beta 0.1500 
cmap           0.5000   0.8322  0.0541   beta 0.2000 
cmaw           0.5000   0.4369  0.1217   beta 0.2000 

standard deviation of shocks
           prior mean     mode    s.d.  prior pstdev

ea             0.1000   0.5744  0.0307   invg 2.0000 
eb             0.1000   0.1296  0.0136   invg 2.0000 
eg             0.1000   2.5272  0.1214   invg 2.0000 
eqs            0.1000   1.8933  0.2760   invg 2.0000 
em             0.1000   0.3336  0.0269   invg 2.0000 
epinf          0.1000   0.1879  0.0126   invg 2.0000 
ew             0.1000   0.4943  0.0300   invg 2.0000 
esigw          0.1000   0.0746  0.0127   invg 2.0000 
epist          0.1000   0.0608  0.0275   invg 2.0000 


Log data density [Laplace approximation] is -3087.042328.


MODEL SUMMARY

  Number of variables:         49
  Number of stochastic shocks: 10
  Number of state variables:   25
  Number of jumpers:           11
  Number of static variables:  19


MATRIX OF COVARIANCE OF EXOGENOUS SHOCKS
Variables          ea        eb        eg       eqs        em     epinf        ew     esigw     epist       ezp
ea           0.329923  0.000000  0.000000  0.000000  0.000000  0.000000  0.000000  0.000000  0.000000  0.000000
eb           0.000000  0.016787  0.000000  0.000000  0.000000  0.000000  0.000000  0.000000  0.000000  0.000000
eg           0.000000  0.000000  6.386584  0.000000  0.000000  0.000000  0.000000  0.000000  0.000000  0.000000
eqs          0.000000  0.000000  0.000000  3.584607  0.000000  0.000000  0.000000  0.000000  0.000000  0.000000
em           0.000000  0.000000  0.000000  0.000000  0.111261  0.000000  0.000000  0.000000  0.000000  0.000000
epinf        0.000000  0.000000  0.000000  0.000000  0.000000  0.035302  0.000000  0.000000  0.000000  0.000000
ew           0.000000  0.000000  0.000000  0.000000  0.000000  0.000000  0.244313  0.000000  0.000000  0.000000
esigw        0.000000  0.000000  0.000000  0.000000  0.000000  0.000000  0.000000  0.005568  0.000000  0.000000
epist        0.000000  0.000000  0.000000  0.000000  0.000000  0.000000  0.000000  0.000000  0.003698  0.000000
ezp          0.000000  0.000000  0.000000  0.000000  0.000000  0.000000  0.000000  0.000000  0.000000  0.010000

POLICY AND TRANSITION FUNCTIONS
                                   y               c            inve            pinf               r               w               k             lab              qk               n           rktil              og
y(-1)                       0.772229        0.789207        1.237335        0.019116       -0.060538        0.008278        0.342093        0.855510        0.196865        0.366499        0.227672        0.772229
r(-1)                      -2.503568       -2.463373       -4.464764       -0.061401        0.195043       -0.025645       -1.108687       -2.773803       -0.704094       -1.988292       -0.801005       -2.503568
spinf(-1)                   6.226342        4.895771       18.256998        3.578019        2.225770       -3.216344        1.719491        7.558080        3.345440        8.101988        6.897431        6.226342
sw(-1)                      0.069127       -0.042389        0.446393        0.035817        0.024277        0.509394        0.191556       -0.025713        0.069104        0.155464        0.112947        0.069127
g(-1)                       0.149198       -0.061651        0.019069        0.002309        0.005410       -0.002925        0.064663        0.166198        0.002341        0.011433        0.008114        0.017555
b(-1)                       4.140315        4.327774        6.176250        0.086253        1.224988        0.042378        1.833498        4.587228        1.206993        2.201049        1.350437        4.140315
yf(-1)                     -0.772229       -0.789207       -1.237335       -0.019116        0.060538       -0.008278       -0.342093       -0.855510       -0.196865       -0.366499       -0.227672       -0.772229
ztil(-1)                    0.084322       -0.037122        0.826529        0.002552       -0.039208        0.047512       -0.045058       -0.243619        0.106247        0.212106        0.099539       -0.134532
sigw(-1)                   -0.140742        2.978139      -15.085903        0.015119       -0.039633        0.037428       -0.050029       -0.163751       -2.198692       -3.740084       -2.107188       -0.140742
pist(-1)                    1.869173        3.467688       -4.422676        0.089032        0.448072        0.050599        0.837701        2.064607       -0.672466       -0.958455       -0.513255        1.869173
zp(-1)                     -0.630250       -0.717839       -0.176785       -0.504355       -0.734616       -2.776382       -1.613854        0.150143        0.250097       -0.813357       -0.299695       -2.311392
n(-1)                       0.004944       -0.132195        0.661219       -0.000706        0.001373       -0.001667        0.001646        0.005823        0.096170        1.155394        0.092093        0.004944
mu(-1)                      0.060765        0.076261        0.029664        0.001485        0.008620        0.001570        0.027209        0.067133       -0.421167       -0.684140       -0.403031        0.028803
rm(-1)                     -0.160043       -0.164390       -0.252487       -0.004019        0.009951       -0.001742       -0.070907       -0.177298       -0.038948       -0.072973       -0.045457       -0.160043
kbar(-1)                   -0.090052        0.235444       -1.061256       -0.020348       -0.028698        0.021476        0.449707       -0.410972       -0.156350       -0.318452       -0.201273       -0.090052
qk(-1)                     -0.008375        0.223926       -1.120040        0.001196       -0.002326        0.002823       -0.002789       -0.009864       -0.162903       -1.957125       -1.155997       -0.008375
kbarf(-1)                   0.133503        0.129145        0.248634        0.003154       -0.008630        0.001307        0.059102        0.147925        0.037137        0.068318        0.042198       -0.030595
epinf(-2)                  -5.373934       -4.225523      -15.757553       -3.088176       -1.921054        2.776016       -1.484087       -6.523353       -2.887438       -6.992798       -5.953150       -5.373934
ew(-2)                     -0.118587        0.072718       -0.765785       -0.061443       -0.041646       -0.873864       -0.328613        0.044111       -0.118547       -0.266698       -0.193760       -0.118587
c(-1)                       0.118879        0.185995       -0.115580        0.000817        0.034988       -0.000356        0.052147        0.132028       -0.033648       -0.049528       -0.028758        0.118879
inve(-1)                    0.091001        0.012075        0.530978        0.000537        0.026773        0.000052        0.040021        0.101000       -0.063219       -0.099134       -0.058211        0.091001
pinf(-1)                   -0.030066       -0.058291        0.079807        0.175603        0.010708        0.007454       -0.010859       -0.034872        0.023003        0.158244        0.197182       -0.030066
w(-1)                       0.098168       -0.070188        0.600663        0.052366        0.034643        0.926941        0.336430       -0.077451        0.093313        0.219930        0.160785        0.098168
cf(-1)                      0.009202        0.005932        0.031307       -0.000049       -0.015317       -0.000028        0.004037        0.010220        0.011883        0.019744        0.011628       -0.052159
invef(-1)                   0.017968        0.013207        0.053358        0.000168       -0.009656        0.000056        0.007916        0.019933        0.012575        0.021384        0.012724       -0.032958
ea                         -0.465888       -0.752285       -0.573576       -0.056864       -0.096780       -1.556283       -1.613808       -0.024230        0.139026       -1.205817        0.078357       -0.308139
eb                          4.826481        5.045006        7.199827        0.100547        1.428002        0.049401        2.137360        5.347459        1.407025        2.565824        1.574242        4.826481
eg                          0.151986       -0.062803        0.019426        0.002352        0.005511       -0.002979        0.065871        0.169304        0.002384        0.011647        0.008266        0.017883
eqs                         0.061029        0.076593        0.029792        0.001492        0.008658        0.001577        0.027327        0.067425       -0.422997       -0.687113       -0.404782        0.028928
em                         -2.789236       -2.864994       -4.400337       -0.070035        0.173427       -0.030365       -1.235760       -3.089945       -0.678794       -1.271778       -0.792224       -2.789236
epinf                       0.616026        0.443821        2.416620        1.429010        0.339799       -1.370130       -0.162690        0.959336        0.506602        1.802379        1.908450        0.616026
ew                          0.103396       -0.093693        0.566846        0.058128        0.036818        1.378979        0.481749       -0.162557        0.088743        0.229971        0.170117        0.103396
esigw                      -0.141299        2.985586      -15.124952        0.015152       -0.039793        0.037521       -0.050244       -0.164388       -2.204415       -3.593629       -2.112684       -0.141299
epist                       1.881210        3.490019       -4.451157        0.089605        0.450958        0.050925        0.843096        2.077902       -0.676797       -0.964627       -0.516561        1.881210
ezp                        -0.663421       -0.755620       -0.186090       -0.530900       -0.773280       -2.922508       -1.698794        0.158045        0.263260       -0.856165       -0.315468       -2.433044


THEORETICAL MOMENTS
VARIABLE         MEAN  STD. DEV.   VARIANCE
y              0.0000    13.4465   180.8076
c              0.0000    16.0648   258.0792
inve           0.0000    20.6222   425.2738
pinf           0.0000     0.7894     0.6231
r              0.0000     0.8766     0.7684
w              0.0000    14.2554   203.2155
k              0.0000    18.9735   359.9924
lab            0.0000    12.5558   157.6480
qk             0.0000     8.6563    74.9315
n              0.0000    20.1210   404.8535
rktil          0.0000     1.2034     1.4482
og             0.0000    12.4090   153.9842



VARIANCE DECOMPOSITION (in percent)
             ea      eb      eg     eqs      em   epinf      ew   esigw   epist     ezp
y          0.64    1.98    2.17   11.98   19.84    1.64    0.06    0.41   50.60   10.68
c          0.40    2.25    0.34   14.66   17.49    0.81    0.06    0.37   52.93   10.69
inve       1.54    1.88    0.15   22.42   23.23    4.76    0.32    9.83   30.46    5.41
pinf       1.19    0.50    0.04    0.02    2.29   20.36    0.79    0.19   11.31   63.32
r          1.80   25.59    0.41    0.96    1.72    3.88    0.56    1.78   11.66   51.63
w          2.85    0.04    0.07   13.74    2.69   10.18    0.82    0.47    8.37   60.79
k          1.76    0.31    0.30   40.11   10.96    3.45    0.09    1.66   30.69   10.66
lab        0.97    2.59    2.87    2.92   15.70    0.35    0.18    0.26   30.85   43.31
qk         0.01    0.05    0.00   99.76    0.09    0.01    0.00    0.05    0.00    0.01
n          1.95    2.95    0.36   26.94    7.79    2.38    0.08   11.47   26.75   19.32
rktil      0.81    3.91    0.14   42.79    6.19   10.54    0.74    3.02    6.41   25.45
og         0.49    2.32    0.13    0.28   23.29    1.93    0.07    0.48   59.41   11.59



MATRIX OF CORRELATIONS
Variables          y        c     inve     pinf        r        w        k      lab       qk        n    rktil       og
y             1.0000   0.9699   0.8832   0.2260   0.2402   0.2646   0.7432   0.7704  -0.3340   0.4390   0.2122   0.9244
c             0.9699   1.0000   0.8369   0.2015   0.1885   0.2604   0.7509   0.7219  -0.3683   0.4516   0.1848   0.9038
inve          0.8832   0.8369   1.0000   0.3197   0.3361   0.4620   0.8212   0.5175  -0.4504   0.5242   0.2458   0.7766
pinf          0.2260   0.2015   0.3197   1.0000   0.7921   0.6878   0.4814  -0.1211  -0.0109   0.4972   0.6460   0.3043
r             0.2402   0.1885   0.3361   0.7921   1.0000   0.5741   0.3886  -0.0069  -0.0332   0.3239   0.5109   0.3203
w             0.2646   0.2604   0.4620   0.6878   0.5741   1.0000   0.7747  -0.3433  -0.3329   0.7137   0.4066   0.2101
k             0.7432   0.7509   0.8212   0.4814   0.3886   0.7747   1.0000   0.1487  -0.5851   0.7717   0.2993   0.5849
lab           0.7704   0.7219   0.5175  -0.1211  -0.0069  -0.3433   0.1487   1.0000   0.0648  -0.0813   0.0313   0.8154
qk           -0.3340  -0.3683  -0.4504  -0.0109  -0.0332  -0.3329  -0.5851   0.0648   1.0000  -0.2775  -0.0121  -0.0107
n             0.4390   0.4516   0.5242   0.4972   0.3239   0.7137   0.7717  -0.0813  -0.2775   1.0000   0.2918   0.3527
rktil         0.2122   0.1848   0.2458   0.6460   0.5109   0.4066   0.2993   0.0313  -0.0121   0.2918   1.0000   0.2563
og            0.9244   0.9038   0.7766   0.3043   0.3203   0.2101   0.5849   0.8154  -0.0107   0.3527   0.2563   1.0000



COEFFICIENTS OF AUTOCORRELATION
Order          1       2       3       4       5
y         0.9952  0.9886  0.9814  0.9740  0.9666
c         0.9965  0.9919  0.9870  0.9821  0.9771
inve      0.9918  0.9760  0.9568  0.9364  0.9161
pinf      0.9187  0.8872  0.8638  0.8414  0.8187
r         0.9590  0.9074  0.8559  0.8072  0.7621
w         0.9954  0.9896  0.9823  0.9736  0.9637
k         0.9980  0.9954  0.9925  0.9892  0.9855
lab       0.9934  0.9838  0.9731  0.9622  0.9511
qk        0.9945  0.9896  0.9851  0.9807  0.9764
n         0.9962  0.9921  0.9877  0.9830  0.9779
rktil     0.3488  0.3629  0.3628  0.3564  0.3469
og        0.9950  0.9874  0.9790  0.9705  0.9618
This is pdfTeX, Version 3.141592653-2.6-1.40.28 (TeX Live 2025) (preloaded format=pdflatex) 
 restricted \write18 enabled. 
entering extended mode 
GPL Ghostscript 10.05.1: PDFDocEncoding ad is undefined
GPL Ghostscript 10.05.1: PDFDocEncoding ad is undefined
GPL Ghostscript 10.05.1: PDFDocEncoding ad is undefined
GPL Ghostscript 10.05.1: PDFDocEncoding ad is undefined
GPL Ghostscript 10.05.1: PDFDocEncoding ad is undefined
GPL Ghostscript 10.05.1: PDFDocEncoding ad is undefined
GPL Ghostscript 10.05.1: PDFDocEncoding ad is undefined
GPL Ghostscript 10.05.1: PDFDocEncoding ad is undefined
GPL Ghostscript 10.05.1: PDFDocEncoding ad is undefined
GPL Ghostscript 10.05.1: PDFDocEncoding ad is undefined
GPL Ghostscript 10.05.1: PDFDocEncoding ad is undefined
GPL Ghostscript 10.05.1: PDFDocEncoding ad is undefined
GPL Ghostscript 10.05.1: PDFDocEncoding ad is undefined
GPL Ghostscript 10.05.1: PDFDocEncoding ad is undefined
GPL Ghostscript 10.05.1: PDFDocEncoding ad is undefined
GPL Ghostscript 10.05.1: PDFDocEncoding ad is undefined
GPL Ghostscript 10.05.1: PDFDocEncoding ad is undefined
GPL Ghostscript 10.05.1: PDFDocEncoding ad is undefined
GPL Ghostscript 10.05.1: PDFDocEncoding ad is undefined
GPL Ghostscript 10.05.1: PDFDocEncoding ad is undefined
GPL Ghostscript 10.05.1: PDFDocEncoding ad is undefined
GPL Ghostscript 10.05.1: PDFDocEncoding ad is undefined
GPL Ghostscript 10.05.1: PDFDocEncoding ad is undefined
GPL Ghostscript 10.05.1: PDFDocEncoding ad is undefined
GPL Ghostscript 10.05.1: PDFDocEncoding ad is undefined
GPL Ghostscript 10.05.1: PDFDocEncoding ad is undefined
GPL Ghostscript 10.05.1: PDFDocEncoding ad is undefined
GPL Ghostscript 10.05.1: PDFDocEncoding ad is undefined
Total computing time : 0h04m40s
