Starting Dynare (version 6.4).
Calling Dynare with arguments: none
Starting preprocessing of the model file ... 
Substitution of exo lags: added 2 auxiliary variables and equations. 
Found 49 equation(s). 
Evaluating expressions... 
Computing static model derivatives (order 1). 
Normalizing the static model... 
Finding the optimal block decomposition of the static model... 
15 block(s) found: 
  13 recursive block(s) and 2 simultaneous block(s). 
  the largest simultaneous block has 16 equation(s) 
                                 and 16 feedback variable(s). 
Computing dynamic model derivatives (order 2). 
Normalizing the dynamic model... 
Finding the optimal block decomposition of the dynamic model... 
4 block(s) found: 
  2 recursive block(s) and 2 simultaneous block(s). 
  the largest simultaneous block has 16 equation(s) 
                                 and 14 feedback variable(s). 
Preprocessing completed. 
Preprocessing time: 0h00m00s.


Residuals of the static equations:
Equation number  1: Consumption Euler equation             :       0.000000
Equation number  2: Investment Euler equation              :       0.000000
Equation number  3: Capital evolution                      :       0.000000
Equation number  4: Capital utilization                    :       0.000000
Equation number  5: Rate of utilization                    :       0.000000
Equation number  6: Price markup                           :       0.000000
Equation number  7: Rental rate of capital                 :       0.000000
Equation number  8: Aggregate production function          :       0.000000
Equation number  9: Resource constraint                    :       0.000000
Equation number 10: Phillips curve                         :       0.000000
Equation number 11: Wage evolution                         :       0.000000
Equation number 12: Marginal rate of substitution          :       0.000000
Equation number 13: Taylor rule                            :       0.000000
Equation number 14: Return to capital                      :       0.000000
Equation number 15: Spreads equation                       :       0.000000
Equation number 16: Evolution of net worth                 :       0.000000
Equation number 17: Flexible consumption Euler             :       0.000000
Equation number 18: Flexible investment Euler              :       0.000000
Equation number 19: Flexible capital evolution             :       0.000000
Equation number 20: Flexible capital utilization           :       0.000000
Equation number 21: Flexible rate of utilization           :       0.000000
Equation number 22: Flexible price markup                  :       0.000000
Equation number 23: Flexible rental rate of capital        :       0.000000
Equation number 24: Flexible production function           :       0.000000
Equation number 25: Flexible resource constraint           :       0.000000
Equation number 26: Flexible marginal rate of substitution :       0.000000
Equation number 27: Flexible arbitrage condition           :       0.000000
Equation number 28: Output gap definition                  :       0.000000
Equation number 29: Technology shock level                 :       0.000000
Equation number 30: Technology shock stationary            :       0.000000
Equation number 31: Government spending shock              :       0.000000
Equation number 32: Risk premium shock                     :       0.000000
Equation number 33: Investment shock                       :       0.000000
Equation number 34: Price markup shock                     :       0.000000
Equation number 35: Wage markup shock                      :       0.000000
Equation number 36: Monetary policy shock                  :       0.000000
Equation number 37: Financial shock                        :       0.000000
Equation number 38: Inflation target shock                 :       0.000000
Equation number 39: Permanent technology shock             :       0.000000
Equation number 40: Output growth                          :      -0.400000
Equation number 41: Consumption growth                     :      -0.400000
Equation number 42: Investment growth                      :      -0.400000
Equation number 43: Wage growth                            :      -0.400000
Equation number 44: Hours worked                           :       0.000000
Equation number 45: Interest rate                          :      -0.700000
Equation number 46: Inflation                              :      -0.700000
Equation number 47: Spread                                 :      -0.020000



STEADY-STATE RESULTS:

c                		 0
inve             		 0
y                		 0
lab              		 0
pinf             		 0
w                		 0
r                		 0
rk               		 0
k                		 0
mc               		 0
spinf            		 0
sw               		 0
g                		 0
b                		 0
rkf              		 0
kf               		 0
cf               		 0
invef            		 0
yf               		 0
labf             		 0
wf               		 0
sobs             		 0.02
labobs           		 0
robs             		 0.7
pinfobs          		 0.7
dy               		 0.4
dc               		 0.4
dinve            		 0.4
dw               		 0.4
wh               		 0
rktil            		 0
ztil             		 0
sigw             		 0
pist             		 0
og               		 0
zp               		 0
n                		 0
z                		 0
u                		 0
mu               		 0
rm               		 0
kbar             		 0
qk               		 0
rf               		 0
kbarf            		 0
uf               		 0
qkf              		 0

EIGENVALUES:
         Modulus             Real        Imaginary
       2.881e-17        2.881e-17                0
       8.378e-17       -8.378e-17                0
       1.402e-16       -1.402e-16                0
       1.714e-16       -1.714e-16                0
       2.659e-16       -2.659e-16                0
          0.0673           0.0673                0
          0.1173           0.1173                0
          0.2156           0.2156                0
          0.2258           0.2258                0
          0.6435           0.6435                0
          0.6609           0.6609                0
          0.7213           0.7213                0
          0.7875           0.7875                0
          0.7939           0.7939                0
          0.9261           0.9261                0
          0.9425           0.9402          0.06537
          0.9425           0.9402         -0.06537
           0.944            0.944                0
            0.95             0.95                0
          0.9564           0.9564                0
          0.9734           0.9734                0
          0.9793           0.9793                0
          0.9899           0.9899                0
            0.99             0.99                0
          0.9911           0.9911                0
           1.028            1.027           0.0327
           1.028            1.027          -0.0327
           1.041            1.041                0
            1.07             1.07                0
           1.117            1.098           0.2091
           1.117            1.098          -0.2091
            1.28             1.28                0
        1.93e+17        -1.93e+17                0
       2.966e+17        2.966e+17                0
       4.961e+17       -4.961e+17                0
       5.543e+17       -5.543e+17                0

There are 11 eigenvalue(s) larger than 1 in modulus for 11 forward-looking variable(s)
The rank condition is verified.


You did not declare endogenous variables after the estimation/calib_smoother command.
Initial value of the log posterior (or likelihood): -10573.9713
                                            First-order      Norm of
 Iter F-count            f(x)  Feasibility   optimality         step
    0      41    1.057397e+04    0.000e+00    9.239e+04
    1      82    3.248076e+03    0.000e+00    3.729e+04    3.995e+00
    2     124    3.187220e+03    0.000e+00    3.668e+04    1.965e-01
    3     166    2.777268e+03    0.000e+00    3.633e+04    2.319e+00
    4     207    2.719310e+03    0.000e+00    3.228e+04    4.442e-01
    5     248    2.704622e+03    0.000e+00    2.415e+04    2.302e-01
    6     290    2.615069e+03    0.000e+00    2.336e+04    7.302e-01
    7     332    2.611588e+03    0.000e+00    2.302e+04    3.417e-01
    8     373    2.585384e+03    0.000e+00    2.197e+04    6.935e-01
    9     414    2.520057e+03    0.000e+00    2.048e+04    7.027e-01
   10     456    2.488240e+03    0.000e+00    2.126e+04    1.662e+00
   11     499    2.470763e+03    0.000e+00    2.125e+04    4.071e-01
   12     541    2.454958e+03    0.000e+00    2.070e+04    4.541e-01
   13     583    2.430485e+03    0.000e+00    2.002e+04    2.051e+00
   14     626    2.400769e+03    0.000e+00    1.969e+04    4.306e-01
   15     668    2.383617e+03    0.000e+00    1.645e+04    8.375e-01
   16     710    2.372887e+03    0.000e+00    1.384e+04    7.240e-01
   17     752    2.313820e+03    0.000e+00    1.370e+04    1.653e+00
   18     794    2.234301e+03    0.000e+00    9.882e+03    1.006e+00
   19     836    2.219849e+03    0.000e+00    8.808e+03    3.686e-01
   20     879    2.201306e+03    0.000e+00    7.749e+03    1.299e+00
   21     922    2.181419e+03    0.000e+00    6.637e+03    9.662e-01
   22     964    2.162309e+03    0.000e+00    4.124e+03    9.282e-01
   23    1006    2.132660e+03    0.000e+00    2.652e+03    4.852e-01
   24    1048    2.122812e+03    0.000e+00    2.193e+03    2.370e-01
Objective function returned Inf; trying a new point...
   25    1092    2.117840e+03    0.000e+00    2.159e+03    1.064e+00
   26    1136    2.111958e+03    0.000e+00    1.981e+03    4.697e-01
   27    1180    2.106102e+03    0.000e+00    1.806e+03    6.578e-01
   28    1222    2.097107e+03    0.000e+00    1.198e+03    8.345e-01
   29    1264    2.093876e+03    0.000e+00    1.060e+03    1.031e+00
   30    1307    2.088805e+03    0.000e+00    1.069e+03    1.574e+00

                                            First-order      Norm of
 Iter F-count            f(x)  Feasibility   optimality         step
   31    1349    2.087166e+03    0.000e+00    1.228e+03    1.483e+00
   32    1390    2.074760e+03    0.000e+00    2.825e+03    1.337e+00
Objective function returned Inf; trying a new point...
   33    1433    2.055681e+03    0.000e+00    1.219e+03    1.676e+00
   34    1476    2.054963e+03    0.000e+00    6.281e+02    3.474e-01
Objective function returned Inf; trying a new point...
   35    1518    2.050035e+03    0.000e+00    6.111e+02    1.843e+00
   36    1560    2.045914e+03    0.000e+00    3.861e+02    2.810e-01
   37    1602    2.044262e+03    0.000e+00    1.390e+03    1.119e+00
   38    1645    2.036315e+03    0.000e+00    6.897e+02    5.866e-01
   39    1687    2.035416e+03    0.000e+00    3.784e+02    1.671e+00
   40    1730    2.029619e+03    0.000e+00    4.072e+02    1.183e+00
   41    1772    2.014955e+03    0.000e+00    2.119e+02    8.729e-01
   42    1815    2.011420e+03    0.000e+00    3.587e+02    3.530e-01
   43    1856    2.010115e+03    0.000e+00    9.267e+02    1.847e+00
   44    1903    2.004878e+03    0.000e+00    8.753e+02    3.047e-01
   45    1945    1.998853e+03    0.000e+00    4.020e+02    7.834e-01
   46    1988    1.997585e+03    0.000e+00    4.155e+02    4.937e-01
   47    2029    1.995646e+03    0.000e+00    1.307e+04    9.054e-01
   48    2072    1.991540e+03    0.000e+00    2.166e+03    6.840e-01
   49    2114    1.987312e+03    0.000e+00    1.399e+03    2.991e-01
   50    2156    1.984925e+03    0.000e+00    1.157e+03    1.394e+00
   51    2199    1.983968e+03    0.000e+00    7.531e+02    1.019e+00
   52    2242    1.982224e+03    0.000e+00    7.393e+02    3.173e-01
   53    2284    1.977561e+03    0.000e+00    7.190e+02    6.377e-01
   54    2327    1.975301e+03    0.000e+00    7.432e+02    2.127e-01
   55    2369    1.973031e+03    0.000e+00    8.266e+02    3.216e-01
   56    2413    1.971182e+03    0.000e+00    7.370e+02    6.499e-01
   57    2455    1.969178e+03    0.000e+00    6.819e+02    2.516e-01
   58    2497    1.966458e+03    0.000e+00    5.584e+02    7.051e-01
   59    2540    1.966447e+03    0.000e+00    5.624e+02    5.088e-01
   60    2582    1.963851e+03    0.000e+00    4.815e+02    9.391e-01

                                            First-order      Norm of
 Iter F-count            f(x)  Feasibility   optimality         step
   61    2625    1.962791e+03    0.000e+00    4.762e+02    4.626e-01
   62    2668    1.960208e+03    0.000e+00    4.218e+02    8.658e-01
   63    2711    1.959798e+03    0.000e+00    3.987e+02    1.070e+00
   64    2754    1.957810e+03    0.000e+00    3.489e+02    2.999e-01
   65    2797    1.957194e+03    0.000e+00    3.312e+02    4.150e-01
   66    2840    1.955825e+03    0.000e+00    2.948e+02    3.347e-01
   67    2882    1.955030e+03    0.000e+00    2.795e+02    2.956e-01
Objective function returned Inf; trying a new point...
   68    2926    1.953806e+03    0.000e+00    2.640e+02    2.775e-01
   69    2969    1.953381e+03    0.000e+00    2.529e+02    1.629e-01
   70    3011    1.953060e+03    0.000e+00    2.330e+02    3.605e-01
   71    3053    1.951989e+03    0.000e+00    2.292e+02    2.611e-01
   72    3096    1.951062e+03    0.000e+00    2.226e+02    3.924e-01
   73    3139    1.950410e+03    0.000e+00    2.470e+02    1.654e-01
   74    3181    1.949761e+03    0.000e+00    2.948e+02    1.633e-01
   75    3224    1.948229e+03    0.000e+00    2.919e+02    3.083e-01
   76    3266    1.945197e+03    0.000e+00    2.600e+02    1.866e-01
   77    3308    1.944287e+03    0.000e+00    2.397e+02    9.676e-02
   78    3350    1.941580e+03    0.000e+00    2.356e+02    3.434e-01
   79    3392    1.936889e+03    0.000e+00    2.532e+02    4.331e-01
   80    3434    1.933755e+03    0.000e+00    2.730e+02    3.238e-01
   81    3476    1.928302e+03    0.000e+00    3.221e+02    7.018e-01
   82    3517    1.919634e+03    0.000e+00    3.516e+02    1.400e+00
   83    3558    1.907740e+03    0.000e+00    4.416e+02    1.904e+00
   84    3600    1.902145e+03    0.000e+00    4.212e+02    2.907e-01
   85    3641    1.900080e+03    0.000e+00    9.411e+03    2.302e-01
   86    3683    1.895514e+03    0.000e+00    7.713e+02    2.224e-01
   87    3724    1.885812e+03    0.000e+00    6.960e+02    3.051e-01
   88    3765    1.877085e+03    0.000e+00    3.907e+02    4.849e-01
   89    3806    1.866210e+03    0.000e+00    3.153e+02    1.148e+00
   90    3847    1.862666e+03    0.000e+00    4.587e+02    2.179e+00

                                            First-order      Norm of
 Iter F-count            f(x)  Feasibility   optimality         step
   91    3889    1.858209e+03    0.000e+00    4.137e+02    1.406e+00
   92    3930    1.848905e+03    0.000e+00    3.100e+02    8.730e-01
   93    3971    1.842645e+03    0.000e+00    6.162e+03    1.467e+00
   94    4015    1.840702e+03    0.000e+00    8.505e+02    4.533e-01
   95    4058    1.838311e+03    0.000e+00    3.859e+02    1.906e+00
   96    4099    1.835303e+03    0.000e+00    2.606e+02    3.482e-01
   97    4140    1.830635e+03    0.000e+00    2.179e+02    5.044e-01
   98    4181    1.828786e+03    0.000e+00    2.494e+02    3.061e-01
   99    4222    1.821912e+03    0.000e+00    3.053e+02    5.744e-01
  100    4264    1.819115e+03    0.000e+00    3.078e+02    4.474e-01
  101    4305    1.816843e+03    0.000e+00    2.172e+02    1.702e-01
  102    4346    1.815001e+03    0.000e+00    3.210e+02    2.333e-01
  103    4387    1.808950e+03    0.000e+00    2.239e+02    2.446e-01
  104    4428    1.804748e+03    0.000e+00    2.374e+02    4.472e-01
  105    4469    1.800888e+03    0.000e+00    1.735e+02    3.879e-01
  106    4511    1.799040e+03    0.000e+00    2.678e+02    1.960e-01
  107    4552    1.798499e+03    0.000e+00    3.160e+02    3.470e-01
  108    4593    1.795467e+03    0.000e+00    3.209e+02    2.406e-01
  109    4635    1.794702e+03    0.000e+00    2.044e+02    8.915e-02
  110    4676    1.793735e+03    0.000e+00    2.658e+02    1.054e-01
  111    4717    1.793235e+03    0.000e+00    2.478e+02    1.607e-01
  112    4758    1.792817e+03    0.000e+00    2.949e+02    4.318e-02
  113    4799    1.792498e+03    0.000e+00    2.718e+02    7.999e-02
  114    4840    1.792043e+03    0.000e+00    3.003e+02    2.127e-01
  115    4881    1.791665e+03    0.000e+00    2.361e+02    2.738e-01
  116    4922    1.791319e+03    0.000e+00    2.535e+02    1.679e-01
  117    4963    1.790968e+03    0.000e+00    2.436e+02    1.966e-01
  118    5004    1.790869e+03    0.000e+00    2.186e+02    1.055e-01
  119    5045    1.790704e+03    0.000e+00    2.163e+02    5.408e-02
  120    5086    1.790581e+03    0.000e+00    2.108e+02    6.003e-02

                                            First-order      Norm of
 Iter F-count            f(x)  Feasibility   optimality         step
  121    5127    1.790437e+03    0.000e+00    2.005e+02    8.303e-02
  122    5168    1.790268e+03    0.000e+00    1.962e+02    7.366e-02
  123    5210    1.789948e+03    0.000e+00    1.870e+02    1.161e-01
  124    5252    1.789704e+03    0.000e+00    2.108e+02    1.231e-01
  125    5296    1.789401e+03    0.000e+00    2.662e+02    1.734e-01
  126    5337    1.789196e+03    0.000e+00    2.303e+02    5.587e-02
  127    5378    1.788664e+03    0.000e+00    2.463e+02    1.727e-01
  128    5419    1.788144e+03    0.000e+00    2.573e+02    1.779e-01
  129    5460    1.785997e+03    0.000e+00    3.215e+02    2.370e-01
  130    5502    1.784843e+03    0.000e+00    3.114e+02    1.081e-01
  131    5544    1.783097e+03    0.000e+00    2.955e+02    2.024e-01
  132    5585    1.782103e+03    0.000e+00    3.408e+02    3.028e-01
  133    5626    1.780797e+03    0.000e+00    4.780e+02    3.496e-01
  134    5667    1.779390e+03    0.000e+00    2.918e+02    2.747e-01
  135    5708    1.778593e+03    0.000e+00    2.862e+02    1.521e-01
  136    5749    1.777646e+03    0.000e+00    2.254e+02    1.952e-01
  137    5790    1.777423e+03    0.000e+00    2.079e+02    1.529e-01
  138    5831    1.777022e+03    0.000e+00    2.224e+02    1.518e-01
  139    5872    1.776721e+03    0.000e+00    2.192e+02    4.163e-02
  140    5913    1.776653e+03    0.000e+00    2.000e+02    7.010e-02
  141    5954    1.776428e+03    0.000e+00    2.091e+02    4.074e-02
  142    5995    1.776149e+03    0.000e+00    1.953e+02    1.186e-01
  143    6036    1.775666e+03    0.000e+00    1.696e+02    1.231e-01
  144    6077    1.774896e+03    0.000e+00    1.230e+02    3.356e-01
  145    6118    1.774463e+03    0.000e+00    9.876e+01    1.757e-01
  146    6159    1.774114e+03    0.000e+00    9.621e+01    1.466e-01
  147    6200    1.773865e+03    0.000e+00    8.706e+01    8.919e-02
  148    6241    1.773630e+03    0.000e+00    9.611e+01    9.182e-02
  149    6282    1.773410e+03    0.000e+00    1.126e+02    8.076e-02
  150    6323    1.773209e+03    0.000e+00    1.255e+02    1.003e-01

                                            First-order      Norm of
 Iter F-count            f(x)  Feasibility   optimality         step
  151    6364    1.772952e+03    0.000e+00    1.340e+02    1.056e-01
  152    6405    1.772575e+03    0.000e+00    1.365e+02    1.129e-01
  153    6446    1.772005e+03    0.000e+00    1.323e+02    1.260e-01
  154    6487    1.771143e+03    0.000e+00    1.236e+02    1.493e-01
  155    6528    1.770218e+03    0.000e+00    1.147e+02    1.355e-01
  156    6569    1.769204e+03    0.000e+00    1.051e+02    1.079e-01
  157    6610    1.768315e+03    0.000e+00    1.082e+02    1.240e-01
  158    6651    1.767765e+03    0.000e+00    1.139e+02    2.235e-01
  159    6692    1.767477e+03    0.000e+00    1.311e+02    7.960e-02
  160    6733    1.767104e+03    0.000e+00    1.087e+02    4.068e-02
  161    6774    1.766433e+03    0.000e+00    7.772e+01    6.631e-02
  162    6815    1.765810e+03    0.000e+00    3.578e+01    8.862e-02
  163    6856    1.765189e+03    0.000e+00    2.680e+01    8.149e-02
  164    6897    1.764753e+03    0.000e+00    2.534e+01    9.553e-02
  165    6938    1.764601e+03    0.000e+00    2.404e+01    4.939e-02
  166    6979    1.764524e+03    0.000e+00    2.325e+01    9.616e-02
  167    7020    1.764479e+03    0.000e+00    2.286e+01    7.527e-02
  168    7061    1.764423e+03    0.000e+00    2.412e+01    1.198e-01
  169    7102    1.764343e+03    0.000e+00    2.385e+01    1.406e-01
  170    7143    1.764242e+03    0.000e+00    2.239e+01    1.419e-01
  171    7184    1.764155e+03    0.000e+00    2.249e+01    9.363e-02
  172    7225    1.764125e+03    0.000e+00    2.241e+01    3.312e-02
  173    7266    1.764115e+03    0.000e+00    2.217e+01    1.268e-02
  174    7307    1.764113e+03    0.000e+00    2.204e+01    1.615e-02
  175    7348    1.764113e+03    0.000e+00    2.199e+01    6.681e-03
  176    7389    1.764111e+03    0.000e+00    2.198e+01    3.898e-03
  177    7430    1.764109e+03    0.000e+00    2.198e+01    3.348e-03
  178    7471    1.764106e+03    0.000e+00    2.197e+01    4.358e-03
  179    7512    1.764101e+03    0.000e+00    2.194e+01    7.121e-03
  180    7553    1.764092e+03    0.000e+00    2.186e+01    1.327e-02

                                            First-order      Norm of
 Iter F-count            f(x)  Feasibility   optimality         step
  181    7594    1.764077e+03    0.000e+00    2.169e+01    2.184e-02
  182    7635    1.764057e+03    0.000e+00    2.142e+01    3.371e-02
  183    7676    1.764038e+03    0.000e+00    2.113e+01    3.137e-02
  184    7717    1.764026e+03    0.000e+00    2.091e+01    2.040e-02
  185    7758    1.764017e+03    0.000e+00    2.079e+01    1.468e-02
  186    7799    1.764007e+03    0.000e+00    2.065e+01    1.913e-02
  187    7840    1.763987e+03    0.000e+00    2.038e+01    3.152e-02
  188    7881    1.763944e+03    0.000e+00    2.099e+01    4.114e-02
  189    7922    1.763853e+03    0.000e+00    2.572e+01    6.150e-02
  190    7963    1.763667e+03    0.000e+00    2.534e+01    6.860e-02
  191    8004    1.763313e+03    0.000e+00    3.015e+01    8.956e-02
  192    8045    1.762811e+03    0.000e+00    3.459e+01    1.154e-01
  193    8086    1.762445e+03    0.000e+00    3.387e+01    9.769e-02
  194    8127    1.762272e+03    0.000e+00    1.610e+01    5.024e-02
  195    8168    1.762219e+03    0.000e+00    5.459e+00    2.700e-02
  196    8209    1.762197e+03    0.000e+00    5.285e+00    1.111e-02
  197    8250    1.762178e+03    0.000e+00    6.595e+00    9.500e-03
  198    8291    1.762164e+03    0.000e+00    7.138e+00    8.642e-03
  199    8332    1.762155e+03    0.000e+00    5.502e+00    6.006e-03
  200    8373    1.762154e+03    0.000e+00    5.445e+00    5.652e-03
  201    8414    1.762154e+03    0.000e+00    5.439e+00    2.281e-03
  202    8455    1.762154e+03    0.000e+00    5.442e+00    5.244e-04
  203    8496    1.762154e+03    0.000e+00    5.447e+00    4.956e-04
  204    8537    1.762154e+03    0.000e+00    5.450e+00    5.810e-04
  205    8578    1.762154e+03    0.000e+00    5.453e+00    4.534e-04
  206    8619    1.762153e+03    0.000e+00    5.454e+00    1.014e-03
  207    8660    1.762153e+03    0.000e+00    5.452e+00    9.548e-04
  208    8701    1.762153e+03    0.000e+00    5.448e+00    2.214e-03
  209    8742    1.762151e+03    0.000e+00    5.429e+00    3.153e-03
  210    8783    1.762149e+03    0.000e+00    5.379e+00    6.833e-03

                                            First-order      Norm of
 Iter F-count            f(x)  Feasibility   optimality         step
  211    8824    1.762143e+03    0.000e+00    5.263e+00    1.270e-02
  212    8865    1.762131e+03    0.000e+00    7.778e+00    2.190e-02
  213    8906    1.762108e+03    0.000e+00    1.176e+01    3.413e-02
  214    8947    1.762066e+03    0.000e+00    1.510e+01    4.160e-02
  215    8988    1.762009e+03    0.000e+00    1.404e+01    3.216e-02
  216    9029    1.761969e+03    0.000e+00    7.140e+00    3.990e-02
  217    9070    1.761959e+03    0.000e+00    3.779e+00    4.845e-02
  218    9111    1.761958e+03    0.000e+00    1.664e+00    2.767e-02
  219    9152    1.761937e+03    0.000e+00    4.200e+00    1.899e-02
  220    9193    1.761934e+03    0.000e+00    1.221e+00    5.273e-03
  221    9234    1.761934e+03    0.000e+00    4.479e-01    9.481e-04
  222    9275    1.761934e+03    0.000e+00    2.183e-01    3.725e-04
  223    9316    1.761934e+03    0.000e+00    8.174e-02    1.667e-04
  224    9357    1.761933e+03    0.000e+00    2.035e-01    3.070e-03
  225    9398    1.761933e+03    0.000e+00    7.822e-02    4.496e-04
  226    9439    1.761933e+03    0.000e+00    4.190e-02    4.050e-04
  227    9480    1.761933e+03    0.000e+00    4.850e-03    8.555e-05
  228    9521    1.761933e+03    0.000e+00    9.869e-02    1.290e-03
  229    9562    1.761933e+03    0.000e+00    1.020e-01    5.776e-04
  230    9603    1.761933e+03    0.000e+00    3.703e-02    3.810e-04
  231    9644    1.761933e+03    0.000e+00    2.079e-02    1.349e-04
  232    9685    1.761933e+03    0.000e+00    1.134e-02    2.341e-04
  233    9726    1.761933e+03    0.000e+00    1.035e-02    9.482e-05
  234    9767    1.761933e+03    0.000e+00    7.477e-03    2.885e-05
  235    9808    1.761933e+03    0.000e+00    6.408e-03    4.885e-05
  236    9849    1.761933e+03    0.000e+00    6.088e-03    7.219e-05
  237    9890    1.761933e+03    0.000e+00    4.838e-03    4.144e-05
  238    9937    1.761933e+03    0.000e+00    2.648e-03    3.482e-05
  239    9984    1.761933e+03    0.000e+00    1.282e-03    5.866e-06
  240   10026    1.761933e+03    0.000e+00    3.006e-03    5.337e-06

                                            First-order      Norm of
 Iter F-count            f(x)  Feasibility   optimality         step
  241   10069    1.761933e+03    0.000e+00    6.028e-03    2.443e-05
  242   10112    1.761933e+03    0.000e+00    5.564e-03    8.629e-06
  243   10155    1.761933e+03    0.000e+00    5.120e-03    9.277e-06
  244   10199    1.761933e+03    0.000e+00    3.447e-03    9.540e-06

<a href = "matlab: helpview('optim','local_min_poss_with_constr','CSHelpWindow');">Local minimum possible. Constraints satisfied</a>.

fmincon stopped because the <a href = "matlab: helpview('optim','norm_curr_step_simple_fminconip','CSHelpWindow');">size of the current step</a> is less than
the value of the <a href = "matlab: helpview('optim','step_size_tol','CSHelpWindow');">step size tolerance</a> and constraints are 
satisfied to within the value of the <a href = "matlab: helpview('optim','constraint_tolerance','CSHelpWindow');">constraint tolerance</a>.

<<a href = "matlab: createExitMsg({'optimlib:sqpLineSearch:Exit2basic','fmincon'},{'optimlib:sqpLineSearch:Exit2detailed','1.000000e-06','0.000000e+00','1.000000e-06'},true,true);;">stopping criteria details</a>>

Final value of minus the log posterior (or likelihood):1761.932944 

RESULTS FROM POSTERIOR ESTIMATION
parameters
           prior mean     mode    s.d.  prior pstdev

calfa          0.3000   0.2652  0.0352   norm 0.0500 
czcap          0.5000   0.4425  0.0647   beta 0.1500 
cfc            1.2500   1.4276  0.0617   norm 0.1250 
cindw          0.5000   0.2766  0.0947   beta 0.1500 
cprobw         0.5000   0.9046  0.0159   beta 0.1000 
cindp          0.5000   0.2625  0.0812   beta 0.1500 
cprobp         0.5000   0.6859  0.0379   beta 0.1000 
csigma         1.5000   1.5127  0.1009   norm 0.3750 
csigl          2.0000   1.8145  0.4797   norm 0.7500 
chabb          0.7000   0.5319  0.0773   beta 0.1000 
csadjcost      4.0000   0.0850  0.0202   norm 1.5000 
crpi           1.5000   2.0297  0.1779   norm 0.2500 
cry            0.1250   0.1584  0.0343   norm 0.0500 
crdy           0.1250   0.2888  0.0256   norm 0.0500 
crr            0.7500   0.8554  0.0237   beta 0.1000 
cnstar         0.0000   2.5347  0.8199   norm 2.0000 
cgamma         0.4000   0.5072  0.0846   norm 0.1000 
czeta_spb      0.0500   0.0459  0.0047   beta 0.0050 
constepinf     0.6250   0.3016  0.0464   gamm 0.2000 
cgy            0.5000   0.7849  0.1553   beta 0.2000 
crhoa          0.5000   0.9668  0.0118   beta 0.2000 
crhob          0.5000   0.8686  0.0218   beta 0.2000 
crhog          0.5000   0.9815  0.0084   beta 0.2000 
crhoqs         0.5000   0.9954  0.0026   beta 0.2000 
crhoms         0.5000   0.0293  0.0221   beta 0.2000 
crhopinf       0.5000   0.8947  0.0410   beta 0.2000 
crhow          0.5000   0.6020  0.1553   beta 0.2000 
crhosigw       0.7500   0.9945  0.0055   beta 0.1500 
crhopist       0.7500   0.9967  0.0026   beta 0.1500 
cmap           0.5000   0.7300  0.0736   beta 0.2000 
cmaw           0.5000   0.8117  0.0880   beta 0.2000 

standard deviation of shocks
           prior mean     mode    s.d.  prior pstdev

ea             0.1000   0.4681  0.0298   invg 2.0000 
eb             0.1000   0.0906  0.0113   invg 2.0000 
eg             0.1000   2.7908  0.1603   invg 2.0000 
eqs            0.1000   1.8478  0.2825   invg 2.0000 
em             0.1000   0.2365  0.0170   invg 2.0000 
epinf          0.1000   0.1661  0.0129   invg 2.0000 
ew             0.1000   0.3207  0.0232   invg 2.0000 
esigw          0.1000   0.0714  0.0094   invg 2.0000 
epist          0.1000   0.0360  0.0099   invg 2.0000 


Log data density [Laplace approximation] is -1866.770134.


MODEL SUMMARY

  Number of variables:         49
  Number of stochastic shocks: 10
  Number of state variables:   25
  Number of jumpers:           11
  Number of static variables:  19


MATRIX OF COVARIANCE OF EXOGENOUS SHOCKS
Variables          ea        eb        eg       eqs        em     epinf        ew     esigw     epist       ezp
ea           0.219077  0.000000  0.000000  0.000000  0.000000  0.000000  0.000000  0.000000  0.000000  0.000000
eb           0.000000  0.008206  0.000000  0.000000  0.000000  0.000000  0.000000  0.000000  0.000000  0.000000
eg           0.000000  0.000000  7.788708  0.000000  0.000000  0.000000  0.000000  0.000000  0.000000  0.000000
eqs          0.000000  0.000000  0.000000  3.414244  0.000000  0.000000  0.000000  0.000000  0.000000  0.000000
em           0.000000  0.000000  0.000000  0.000000  0.055939  0.000000  0.000000  0.000000  0.000000  0.000000
epinf        0.000000  0.000000  0.000000  0.000000  0.000000  0.027576  0.000000  0.000000  0.000000  0.000000
ew           0.000000  0.000000  0.000000  0.000000  0.000000  0.000000  0.102825  0.000000  0.000000  0.000000
esigw        0.000000  0.000000  0.000000  0.000000  0.000000  0.000000  0.000000  0.005099  0.000000  0.000000
epist        0.000000  0.000000  0.000000  0.000000  0.000000  0.000000  0.000000  0.000000  0.001296  0.000000
ezp          0.000000  0.000000  0.000000  0.000000  0.000000  0.000000  0.000000  0.000000  0.000000  0.010000

POLICY AND TRANSITION FUNCTIONS
                                   y               c            inve            pinf               r               w               k             lab              qk               n           rktil              og
y(-1)                       0.525393        0.390630        1.529201        0.012501       -0.121382        0.014985        0.239403        0.414421        0.257313        0.440396        0.267391        0.525393
r(-1)                      -1.570810       -1.075370       -5.012447       -0.036805        0.354959       -0.043940       -0.715363       -1.239172       -0.828278       -2.105561       -0.855707       -1.570810
spinf(-1)                   1.248876        0.103640        9.024364        2.553414        1.138497       -2.484326       -0.600557        1.407136        2.304079        5.502654        4.757416        1.248876
sw(-1)                      0.334520       -0.397464        3.125891        0.307278        0.194439        1.590440        0.886199       -0.000907        0.534822        1.129098        0.848165        0.334520
g(-1)                       0.120188       -0.081037       -0.077174        0.001137        0.010159       -0.000856        0.052777        0.095520       -0.013073       -0.018005       -0.009958        0.031516
b(-1)                       5.064903        4.884571        9.413478        0.132990        1.617957        0.158931        2.314617        3.992685        1.846395        3.219013        1.979047        5.064903
yf(-1)                     -0.525393       -0.390630       -1.529201       -0.012501        0.121382       -0.014985       -0.239403       -0.414421       -0.257313       -0.440396       -0.267391       -0.525393
ztil(-1)                    0.191628        0.056267        1.245061        0.004910       -0.066941        0.031966       -0.132648       -0.305769        0.170155        0.316259        0.163860       -0.219352
sigw(-1)                   -0.421646        2.699151      -15.568973        0.009445       -0.128673        0.016594       -0.178846       -0.337380       -2.120319       -3.620047       -2.039673       -0.421646
pist(-1)                    2.407253        4.082489       -3.935856        0.156940        0.504067        0.138488        1.129312        1.887105       -0.618947       -0.847245       -0.407474        2.407253
zp(-1)                     -0.634469       -0.077697       -3.094876       -0.847364       -1.015711       -2.385188       -1.737738        0.022260       -0.299095       -2.030486       -1.158195       -2.460678
n(-1)                       0.021267       -0.117533        0.696677       -0.000315        0.006538       -0.000635        0.009114        0.016983        0.095399        1.154694        0.091911        0.021267
mu(-1)                      0.040902        0.039279        0.076382        0.001314        0.002783        0.002027        0.019037        0.032119       -0.404051       -0.657919       -0.387651        0.007691
rm(-1)                     -0.054546       -0.040635       -0.158375       -0.001310        0.011954       -0.001568       -0.024860       -0.043023       -0.026335       -0.045111       -0.027407       -0.054546
kbar(-1)                   -0.099332        0.207723       -0.844889       -0.016557       -0.035824        0.012811        0.330371       -0.213893       -0.118342       -0.235005       -0.149767       -0.099332
qk(-1)                     -0.036025        0.199089       -1.180103        0.000533       -0.011074        0.001076       -0.015439       -0.028768       -0.161597       -1.955939       -1.155689       -0.036025
kbarf(-1)                   0.061927        0.054091        0.141771        0.001934       -0.005108        0.002118        0.028381        0.048788        0.020957        0.036932        0.022947       -0.018205
epinf(-2)                  -1.018960       -0.084560       -7.362990       -2.083333       -0.928901        2.026964        0.489995       -1.148084       -1.879901       -4.489622       -3.881581       -1.018960
ew(-2)                     -0.451016        0.535880       -4.214471       -0.414286       -0.262152       -2.144305       -1.194815        0.001223       -0.721072       -1.522302       -1.143535       -0.451016
c(-1)                       0.206223        0.335588       -0.263559        0.001386        0.064695        0.000965        0.091687        0.163488       -0.069123       -0.107470       -0.062631        0.206223
inve(-1)                    0.087672        0.008038        0.527851        0.000510        0.027481        0.000875        0.039195        0.069426       -0.063182       -0.100916       -0.059278        0.087672
pinf(-1)                   -0.107049       -0.117883       -0.135666        0.259919        0.042889        0.007535       -0.043864       -0.086212        0.001913        0.181125        0.260510       -0.107049
w(-1)                       0.094472       -0.113465        0.636156        0.091975        0.056436        0.882741        0.451519       -0.072873        0.116765        0.276243        0.217435        0.094472
cf(-1)                      0.010108        0.005424        0.039558       -0.000094       -0.020089       -0.000038        0.004454        0.008028        0.015303        0.025138        0.014786       -0.064352
invef(-1)                   0.009199        0.005789        0.031845        0.000079       -0.007522        0.000132        0.004131        0.007278        0.008220        0.013677        0.008122       -0.024202
ea                         -0.255722       -0.555380       -0.097659       -0.105112       -0.182695       -1.233038       -1.444215       -0.277351        0.161913       -1.125744        0.048592       -0.487118
eb                          5.831071        5.623461       10.837456        0.153108        1.862705        0.182973        2.664749        4.596659        2.125699        3.705954        2.278418        5.831071
eg                          0.122459       -0.082567       -0.078632        0.001159        0.010351       -0.000872        0.053775        0.097324       -0.013320       -0.018345       -0.010146        0.032112
eqs                         0.041089        0.039458        0.076731        0.001320        0.002796        0.002036        0.019124        0.032266       -0.405899       -0.660928       -0.389424        0.007727
em                         -1.858919       -1.384822       -5.397395       -0.044658        0.407396       -0.053433       -0.847237       -1.466214       -0.897485       -1.537388       -0.934043       -1.858919
epinf                      -0.240715       -0.301887        0.692324        1.401621        0.336195       -1.395625       -0.754274        0.042719        0.360547        1.523547        1.727648       -0.240715
ew                          0.031941       -0.040853       -0.290101        0.041740        0.022204        1.186569        0.564874       -0.173381       -0.030727        0.006081        0.028253        0.031941
esigw                      -0.420658        2.695748      -15.546405        0.009448       -0.128364        0.016586       -0.178412       -0.336595       -2.117164       -3.459075       -2.036616       -0.420658
epist                       2.415328        4.096183       -3.949059        0.157467        0.505757        0.138953        1.133101        1.893435       -0.621023       -0.850087       -0.408841        2.415328
ezp                        -0.667863       -0.081787       -3.257764       -0.891962       -1.069169       -2.510725       -1.829198        0.023432       -0.314837       -2.137353       -1.219153       -2.590187


THEORETICAL MOMENTS
VARIABLE         MEAN  STD. DEV.   VARIANCE
y              0.0000     7.5184    56.5264
c              0.0000     9.0193    81.3477
inve           0.0000    18.1096   327.9582
pinf           0.0000     0.9288     0.8626
r              0.0000     1.0873     1.1822
w              0.0000     6.5919    43.4530
k              0.0000    11.0647   122.4265
lab            0.0000     6.1027    37.2430
qk             0.0000     8.0493    64.7916
n              0.0000    17.6856   312.7792
rktil          0.0000     1.2387     1.5345
og             0.0000     6.2082    38.5421



VARIANCE DECOMPOSITION (in percent)
             ea      eb      eg     eqs      em   epinf      ew   esigw   epist     ezp
y          2.42    4.87    2.59   15.53    4.42    1.35    0.05    0.92   27.24   40.61
c          0.65    5.15    5.45   22.41    2.14    0.43    0.03    0.62   29.72   33.40
inve       3.40    5.91    0.39   42.57    6.99    1.74    0.10   18.77    5.31   14.83
pinf       1.55    0.58    0.01    0.08    0.19    9.14    0.19    0.16    7.06   81.04
r          2.00   17.33    0.39    0.48    1.00    0.96    0.09    1.26    4.98   71.51
w          3.46    0.32    0.11   16.96    0.32    5.66    0.54    0.85    4.50   67.27
k          1.93    1.58    0.07   72.86    1.57    1.38    0.05    4.85   11.66    4.05
lab        0.93    4.18    3.11    2.53    3.44    0.66    0.08    0.96   15.63   68.48
qk         0.01    0.07    0.00   99.75    0.09    0.01    0.00    0.05    0.00    0.01
n          1.76    6.77    0.00   49.87    0.79    0.10    0.00   18.49    4.61   17.60
rktil      1.16    4.00    0.18   35.89    4.01    6.05    0.09    2.75    4.14   41.73
og         1.15    7.14    0.31    0.10    6.48    1.98    0.08    1.35   39.95   41.47



MATRIX OF CORRELATIONS
Variables          y        c     inve     pinf        r        w        k      lab       qk        n    rktil       og
y             1.0000   0.8937   0.7572  -0.2980  -0.2484  -0.1593   0.5048   0.8213  -0.3771   0.0224  -0.1898   0.8812
c             0.8937   1.0000   0.7004  -0.2520  -0.2449  -0.0662   0.5736   0.6657  -0.4440   0.1090  -0.1628   0.7898
inve          0.7572   0.7004   1.0000  -0.1893  -0.1311   0.1067   0.7115   0.3969  -0.6114   0.2509  -0.1413   0.5378
pinf         -0.2980  -0.2520  -0.1893   1.0000   0.8774   0.7954   0.2732  -0.5180  -0.0256   0.3545   0.7285  -0.2054
r            -0.2484  -0.2449  -0.1311   0.8774   1.0000   0.7450   0.2598  -0.4407  -0.0372   0.3099   0.6200  -0.1458
w            -0.1593  -0.0662   0.1067   0.7954   0.7450   1.0000   0.6548  -0.6013  -0.3777   0.5755   0.5663  -0.2397
k             0.5048   0.5736   0.7115   0.2732   0.2598   0.6548   1.0000  -0.0572  -0.7751   0.6000   0.1949   0.2291
lab           0.8213   0.6657   0.3969  -0.5180  -0.4407  -0.6013  -0.0572   1.0000   0.0635  -0.3547  -0.3414   0.8901
qk           -0.3771  -0.4440  -0.6114  -0.0256  -0.0372  -0.3777  -0.7751   0.0635   1.0000  -0.4044  -0.0282   0.0080
n             0.0224   0.1090   0.2509   0.3545   0.3099   0.5755   0.6000  -0.3547  -0.4044   1.0000   0.2763  -0.1654
rktil        -0.1898  -0.1628  -0.1413   0.7285   0.6200   0.5663   0.1949  -0.3414  -0.0282   0.2763   1.0000  -0.1336
og            0.8812   0.7898   0.5378  -0.2054  -0.1458  -0.2397   0.2291   0.8901   0.0080  -0.1654  -0.1336   1.0000



COEFFICIENTS OF AUTOCORRELATION
Order          1       2       3       4       5
y         0.9923  0.9799  0.9652  0.9492  0.9324
c         0.9954  0.9881  0.9794  0.9699  0.9597
inve      0.9903  0.9707  0.9464  0.9200  0.8930
pinf      0.9502  0.9166  0.8861  0.8558  0.8250
r         0.9683  0.9279  0.8869  0.8472  0.8094
w         0.9901  0.9770  0.9609  0.9424  0.9218
k         0.9966  0.9925  0.9879  0.9828  0.9775
lab       0.9922  0.9796  0.9641  0.9469  0.9284
qk        0.9943  0.9893  0.9846  0.9800  0.9755
n         0.9959  0.9915  0.9868  0.9818  0.9765
rktil     0.4707  0.4769  0.4694  0.4562  0.4405
og        0.9892  0.9710  0.9495  0.9267  0.9031
This is pdfTeX, Version 3.141592653-2.6-1.40.28 (TeX Live 2025) (preloaded format=pdflatex) 
 restricted \write18 enabled. 
entering extended mode 
GPL Ghostscript 10.05.1: PDFDocEncoding ad is undefined
GPL Ghostscript 10.05.1: PDFDocEncoding ad is undefined
GPL Ghostscript 10.05.1: PDFDocEncoding ad is undefined
GPL Ghostscript 10.05.1: PDFDocEncoding ad is undefined
GPL Ghostscript 10.05.1: PDFDocEncoding ad is undefined
GPL Ghostscript 10.05.1: PDFDocEncoding ad is undefined
GPL Ghostscript 10.05.1: PDFDocEncoding ad is undefined
GPL Ghostscript 10.05.1: PDFDocEncoding ad is undefined
GPL Ghostscript 10.05.1: PDFDocEncoding ad is undefined
GPL Ghostscript 10.05.1: PDFDocEncoding ad is undefined
GPL Ghostscript 10.05.1: PDFDocEncoding ad is undefined
GPL Ghostscript 10.05.1: PDFDocEncoding ad is undefined
GPL Ghostscript 10.05.1: PDFDocEncoding ad is undefined
GPL Ghostscript 10.05.1: PDFDocEncoding ad is undefined
GPL Ghostscript 10.05.1: PDFDocEncoding ad is undefined
GPL Ghostscript 10.05.1: PDFDocEncoding ad is undefined
GPL Ghostscript 10.05.1: PDFDocEncoding ad is undefined
GPL Ghostscript 10.05.1: PDFDocEncoding ad is undefined
GPL Ghostscript 10.05.1: PDFDocEncoding ad is undefined
GPL Ghostscript 10.05.1: PDFDocEncoding ad is undefined
GPL Ghostscript 10.05.1: PDFDocEncoding ad is undefined
GPL Ghostscript 10.05.1: PDFDocEncoding ad is undefined
GPL Ghostscript 10.05.1: PDFDocEncoding ad is undefined
GPL Ghostscript 10.05.1: PDFDocEncoding ad is undefined
GPL Ghostscript 10.05.1: PDFDocEncoding ad is undefined
GPL Ghostscript 10.05.1: PDFDocEncoding ad is undefined
GPL Ghostscript 10.05.1: PDFDocEncoding ad is undefined
GPL Ghostscript 10.05.1: PDFDocEncoding ad is undefined
Total computing time : 0h03m28s
