Starting Dynare (version 6.4).
Calling Dynare with arguments: none
Starting preprocessing of the model file ... 
Found 25 equation(s). 
Evaluating expressions... 
Computing static model derivatives (order 1). 
Normalizing the static model... 
Normalization failed with cutoff, trying symbolic normalization... 
Could not normalize the static model. Variable e is not in the maximum cardinality matching. 
Computing dynamic model derivatives (order 2). 
Normalizing the dynamic model... 
Finding the optimal block decomposition of the dynamic model... 
3 block(s) found: 
  2 recursive block(s) and 1 simultaneous block(s). 
  the largest simultaneous block has 10 equation(s) 
                                 and 9 feedback variable(s). 
Preprocessing completed. 
Preprocessing time: 0h00m00s.


Residuals of the static equations:
Equation number  1: 1       :       0.000000
Equation number  2: pi_h    :       0.000000
Equation number  3: pi_f    :       0.000000
Equation number  4: 4       :       0.000000
Equation number  5: 5       :       0.000000
Equation number  6: y       :       0.000000
Equation number  7: pi      :       0.000000
Equation number  8: r       :       0.000000
Equation number  9: de      :       0.000000
Equation number 10: 10      :       0.000000
Equation number 11: eps_r   :       0.000000
Equation number 12: eps_s   :       0.000000
Equation number 13: eps_q   :       0.000000
Equation number 14: eps_a   :       0.000000
Equation number 15: pi_star :       0.000000
Equation number 16: y_star  :       0.000000
Equation number 17: r_star  :       0.000000
Equation number 18: y_obs   :       0.000000
Equation number 19: yst_obs :       0.000000
Equation number 20: r_obs   :       0.000000
Equation number 21: pi_obs  :       0.000000
Equation number 22: q_obs   :       0.000000
Equation number 23: s_obs   :       0.000000
Equation number 24: pif_obs :       0.000000
Equation number 25: rst_obs :       0.000000



STEADY-STATE RESULTS:

y       		 0
c       		 0
s       		 0
q       		 0
r       		 0
pi      		 0
pi_h    		 0
pi_f    		 0
eps_a   		 0
eps_r   		 0
eps_q   		 0
eps_s   		 0
e       		 0
de      		 0
y_star  		 0
r_star  		 0
pi_star 		 0
y_obs   		 0
yst_obs 		 0
r_obs   		 0
pi_obs  		 0
q_obs   		 0
s_obs   		 0
pif_obs 		 0
rst_obs 		 0

EIGENVALUES:
         Modulus             Real        Imaginary
        3.73e-17        -3.73e-17                0
             0.1              0.1                0
          0.4408           0.3013           0.3217
          0.4408           0.3013          -0.3217
          0.4516           0.4516                0
             0.5              0.5                0
             0.5              0.5                0
             0.5              0.5                0
          0.5669            0.471           0.3155
          0.5669            0.471          -0.3155
             0.8              0.8                0
             0.8              0.8                0
             0.8              0.8                0
               1                1                0
           1.294            1.294                0
           2.229            2.229                0
            2.96             2.96                0
             Inf             -Inf                0
             Inf             -Inf                0

There are 5 eigenvalue(s) larger than 1 in modulus for 5 forward-looking variable(s)
The rank condition is verified.


MODEL SUMMARY

  Number of variables:         25
  Number of stochastic shocks: 7
  Number of state variables:   14
  Number of jumpers:           5
  Number of static variables:  10


MATRIX OF COVARIANCE OF EXOGENOUS SHOCKS
Variables          e_q        e_r        e_a        e_s   e_y_star  e_pi_star   e_r_star
e_q           1.000000   0.000000   0.000000   0.000000   0.000000   0.000000   0.000000
e_r           0.000000   1.000000   0.000000   0.000000   0.000000   0.000000   0.000000
e_a           0.000000   0.000000   1.000000   0.000000   0.000000   0.000000   0.000000
e_s           0.000000   0.000000   0.000000   1.000000   0.000000   0.000000   0.000000
e_y_star      0.000000   0.000000   0.000000   0.000000   1.000000   0.000000   0.000000
e_pi_star     0.000000   0.000000   0.000000   0.000000   0.000000   1.000000   0.000000
e_r_star      0.000000   0.000000   0.000000   0.000000   0.000000   0.000000   1.000000

POLICY AND TRANSITION FUNCTIONS
                                   y              pi               r               q               s               e            pi_h            pi_f
c(-1)                       0.382679        0.132525        0.107049       -0.270246       -0.194497       -0.137722        0.169479       -0.025017
s(-1)                       0.052185        0.018548        0.015271       -0.027209        0.600966       -0.008660        0.094365       -0.304670
r(-1)                      -0.213250       -0.306401        0.242224       -0.375555        0.105991       -0.681955       -0.326539       -0.220548
eps_a(-1)                   0.384783       -0.332740       -0.230489        0.558069        0.438086        0.225329       -0.415976        0.022109
eps_r(-1)                  -0.045437       -0.067999        0.042953       -0.080106        0.023039       -0.148105       -0.072376       -0.049337
eps_q(-1)                  -0.487451       -0.915982       -0.757785       -0.862117        0.261569       -1.778099       -0.965680       -0.704112
eps_s(-1)                   0.025641        0.010400        0.008309       -0.019741        0.328818       -0.009341        0.099924       -0.371258
e(-1)                              0               0               0               0               0        1.000000               0               0
y_star(-1)                  0.017851       -0.055967       -0.039262        0.124920        0.086835        0.068953       -0.072465        0.014370
r_star(-1)                  0.213250        0.306401        0.257776        0.375555       -0.105991        0.681955        0.326539        0.220548
q(-1)                       0.013328        0.019150       -0.015139        0.023472       -0.006624       -0.957378        0.020409        0.013784
pi_h(-1)                   -0.172487        0.202488        0.145219       -0.242681       -0.235777       -0.040194        0.247285        0.011508
pi_f(-1)                   -0.008805        0.060336        0.044322       -0.081297        0.350642       -0.020960       -0.006286        0.344356
pi_star(-1)                -0.096842       -0.135378       -0.129742       -0.170455        0.047643       -0.805833       -0.144430       -0.096787
e_q                        -0.609314       -1.144978       -0.947232       -1.077646        0.326961       -2.222624       -1.207101       -0.880140
e_r                        -0.454374       -0.679986        0.429528       -0.801064        0.230394       -1.481051       -0.723761       -0.493367
e_a                         0.480979       -0.415925       -0.288111        0.697586        0.547607        0.281661       -0.519970        0.027637
e_s                         0.032051        0.013000        0.010386       -0.024676        0.411022       -0.011676        0.124905       -0.464072
e_y_star                    0.548143        0.450024        0.348508       -0.646497       -0.561044       -0.196473        0.556622       -0.004421
e_pi_star                  -0.193684       -0.270755       -0.259483       -0.340911        0.095285       -1.611666       -0.288859       -0.193574
e_r_star                    0.426500        0.612801        0.515551        0.751109       -0.211982        1.363911        0.653078        0.441095


THEORETICAL MOMENTS
VARIABLE         MEAN  STD. DEV.   VARIANCE
y              0.0000     1.9503     3.8036
pi             0.0000     2.2484     5.0555
r              0.0000     2.7186     7.3906
q              0.0000     2.1227     4.5057
s              0.0000     1.8982     3.6031
e                 NaN        NaN        NaN
pi_h           0.0000     2.3799     5.6639
pi_f           0.0000     2.3747     5.6393



VARIANCE DECOMPOSITION (in percent)
              e_q        e_r        e_a        e_s   e_y_star  e_pi_star   e_r_star
y           12.54       6.43      66.38       0.04       8.01       1.12       5.48
pi          64.35      13.63       5.26       0.01       4.25       1.98      10.52
r           79.29       2.73       3.87       0.01       2.19       2.31       9.61
q           27.33      15.69      28.65       0.03      11.58       2.87      13.84
s           14.12       5.52      48.40      10.65      16.06       0.86       4.40
pi_h        59.71      13.41       6.71       1.77       6.03       1.97      10.40
pi_f        50.70       8.22       2.83      30.28       0.66       1.13       6.18



MATRIX OF CORRELATIONS
Variables          y       pi        r        q        s     pi_h     pi_f
y             1.0000   0.3484   0.1247   0.6178   0.2622   0.3620   0.1894
pi            0.3484   1.0000   0.8031   0.2329  -0.6121   0.9884   0.7605
r             0.1247   0.8031   1.0000  -0.0640  -0.5460   0.7711   0.7077
q             0.6178   0.2329  -0.0640   1.0000   0.3693   0.2227   0.2091
s             0.2622  -0.6121  -0.5460   0.3693   1.0000  -0.5717  -0.6076
pi_h          0.3620   0.9884   0.7711   0.2227  -0.5717   1.0000   0.6529
pi_f          0.1894   0.7605   0.7077   0.2091  -0.6076   0.6529   1.0000



COEFFICIENTS OF AUTOCORRELATION
Order          1       2       3       4       5
y         0.7260  0.5306  0.4131  0.3352  0.2738
pi        0.6626  0.3745  0.2333  0.1764  0.1472
r         0.8468  0.6483  0.4868  0.3725  0.2920
q         0.2609  0.0214  0.0037  0.0279  0.0389
s         0.7905  0.4622  0.2076  0.0723  0.0248
pi_h      0.6280  0.3231  0.1879  0.1467  0.1314
pi_f      0.8380  0.6312  0.4564  0.3258  0.2353
Total computing time : 0h00m10s
