Starting Dynare (version 6.4).
Calling Dynare with arguments: none
Starting preprocessing of the model file ... 
Substitution of exo leads: added 1 auxiliary variables and equations. 
Found 15 equation(s). 
Evaluating expressions... 
Computing static model derivatives (order 1). 
Normalizing the static model... 
Normalization failed with cutoff, trying symbolic normalization... 
Finding the optimal block decomposition of the static model... 
7 block(s) found: 
  6 recursive block(s) and 1 simultaneous block(s). 
  the largest simultaneous block has 9 equation(s) 
                                 and 9 feedback variable(s). 
Computing dynamic model derivatives (order 2). 
Normalizing the dynamic model... 
Finding the optimal block decomposition of the dynamic model... 
3 block(s) found: 
  2 recursive block(s) and 1 simultaneous block(s). 
  the largest simultaneous block has 10 equation(s) 
                                 and 10 feedback variable(s). 
Preprocessing completed. 
Preprocessing time: 0h00m00s.

STEADY-STATE RESULTS:

c               		 0
y               		 0
r               		 0
q               		 0
s               		 0
pie             		 0
pih             		 0
pif             		 0
lop             		 0
a               		 0
ys              		 0
pis             		 0
rs              		 0
er              		 0

EIGENVALUES:
         Modulus             Real        Imaginary
               0                0                0
        2.15e-17         2.15e-17                0
         0.06152          0.06152                0
          0.1364           0.1306          0.03955
          0.1364           0.1306         -0.03955
          0.3602           0.3602                0
          0.4805           0.4805                0
             0.5              0.5                0
             0.8              0.8                0
             0.8              0.8                0
          0.9593           0.9593                0
               1                1                0
           1.052            1.052                0
           1.985            1.845           0.7303
           1.985            1.845          -0.7303
           2.095            2.095                0
       7.304e+16       -7.304e+16                0
             Inf              Inf                0
             Inf             -Inf                0

There are 7 eigenvalue(s) larger than 1 in modulus for 7 forward-looking variable(s)
The rank condition is verified.


MODEL SUMMARY

  Number of variables:         15
  Number of stochastic shocks: 8
  Number of state variables:   12
  Number of jumpers:           7
  Number of static variables:  1


MATRIX OF COVARIANCE OF EXOGENOUS SHOCKS
Variables        epsa      epsm      epsg      epsp      epsc      epys      epps      eprs
epsa         1.000000  0.000000  0.000000  0.000000  0.000000  0.000000  0.000000  0.000000
epsm         0.000000  1.000000  0.000000  0.000000  0.000000  0.000000  0.000000  0.000000
epsg         0.000000  0.000000  1.000000  0.000000  0.000000  0.000000  0.000000  0.000000
epsp         0.000000  0.000000  0.000000  1.000000  0.000000  0.000000  0.000000  0.000000
epsc         0.000000  0.000000  0.000000  0.000000  1.000000  0.000000  0.000000  0.000000
epys         0.000000  0.000000  0.000000  0.000000  0.000000  1.000000  0.000000  0.000000
epps         0.000000  0.000000  0.000000  0.000000  0.000000  0.000000  1.000000  0.000000
eprs         0.000000  0.000000  0.000000  0.000000  0.000000  0.000000  0.000000  1.000000

POLICY AND TRANSITION FUNCTIONS
                                   c               y               r               s             pie             lop               a             pif              er
y(-1)                       0.222116        0.250839       -0.135058        0.096820        0.172543        0.239345       -0.065403        0.242254       -0.481599
r(-1)                      -0.245322       -0.277046        0.149169       -0.106935       -0.190570       -0.264351        0.072236       -0.267564        0.531915
s(-1)                       0.024872        0.124730        0.018841        0.464070       -0.037168       -0.321317        0.059887       -0.423037        0.024354
a(-1)                       0.086745        0.010177       -0.009853       -0.100243       -0.008699       -0.060973        0.978673       -0.080874        0.141848
ys(-1)                     -0.014389        0.114596        0.042426       -0.178841       -0.021652       -0.134554        0.216736       -0.150418        0.284971
rs(-1)                     -1.056317       -0.068004        0.357148        1.188888        0.203060        1.046827        0.362313        1.059060       -2.105887
er(-1)                             0               0               0               0               0               0               0               0        1.000000
c(-1)                       0.211716        0.123286        0.091695       -0.040282       -0.000383       -0.060846       -0.060114       -0.029386        0.090231
q(-1)                              0               0               0               0               0               0               0               0        1.000000
pih(-1)                    -0.029680       -0.039240        0.015455       -0.039615        0.022331       -0.011641        0.004792       -0.006192        0.017832
pif(-1)                    -0.015350       -0.008365        0.011850        0.035808        0.009017       -0.049593        0.010845        0.034798        0.014795
pis(-1)                     0.128782       -0.008269       -0.079444       -0.150530       -0.036439       -0.191946       -0.041158       -0.144820        0.836767
epsa                        0.171927        0.227305       -0.089529        0.229476       -0.129357        0.067432       -0.027757        0.035866       -0.103298
epsm                       -0.331516       -0.374387        0.201579       -0.144507       -0.257528       -0.357232        0.097616       -0.361572        0.718804
epsg                        0.513232        0.263255        0.268197       -0.171055        0.035202       -0.180213       -0.151622       -0.087958        0.268171
epsp                        0.207898       -0.069150       -0.211532       -0.268329       -0.079437       -0.515424       -0.057597       -0.272634        0.788059
epsc                       -0.153503       -0.083651        0.118496        0.358076        0.090167       -0.495934        0.108451        0.347981        0.147952
epys                       -0.009353        0.074487        0.027577       -0.116247       -0.014074       -0.087460        0.140878       -0.097772        0.185231
epps                        0.092723       -0.005954       -0.057200       -0.108381       -0.026236       -0.138201       -0.029633       -0.104271        0.602472
eprs                       -0.198059       -0.012751        0.066965        0.222917        0.038074        0.196280        0.067934        0.198574       -0.394854


THEORETICAL MOMENTS
VARIABLE         MEAN  STD. DEV.   VARIANCE
c              0.0000     0.8881     0.7887
y              0.0000     0.6050     0.3660
r              0.0000     0.4489     0.2015
s              0.0000     1.1077     1.2270
pie            0.0000     0.3487     0.1216
lop            0.0000     0.8994     0.8089
a              0.0000     3.1314     9.8058
pif            0.0000     0.7071     0.5000
er                NaN        NaN        NaN



VARIANCE DECOMPOSITION (in percent)
         epsa    epsm    epsg    epsp    epsc    epys    epps    eprs
c        6.10   19.58   35.04    6.42    4.12    6.02    2.21   20.51
y       21.21   51.74   19.26    1.66    2.18    3.50    0.05    0.40
r        4.36   20.96   37.01   22.27    7.27    0.51    2.22    5.41
s        6.87    5.20    4.49    7.63   13.56   29.98    2.65   29.61
pie     16.03   65.54    1.03    6.46    8.89    0.18    0.60    1.26
lop      0.58   16.26    4.24   35.21   34.93    1.03    2.44    5.31
a        0.54    4.01    5.47    1.84    4.18   45.49    1.46   37.00
pif      0.45   27.91    2.83   20.19   34.01    2.22    2.62    9.76



MATRIX OF CORRELATIONS
Variables          c        y        r        s      pie      lop        a      pif
c             1.0000   0.7259  -0.1627  -0.4976   0.2508  -0.0327   0.1457  -0.0414
y             0.7259   1.0000  -0.1222   0.0614   0.5204   0.3454  -0.0417   0.2916
r            -0.1627  -0.1222   1.0000   0.1058  -0.0447  -0.1492   0.0503   0.0232
s            -0.4976   0.0614   0.1058   1.0000   0.2098   0.1092  -0.4288   0.3393
pie           0.2508   0.5204  -0.0447   0.2098   1.0000   0.3439  -0.0538   0.7211
lop          -0.0327   0.3454  -0.1492   0.1092   0.3439   1.0000  -0.0449   0.4035
a             0.1457  -0.0417   0.0503  -0.4288  -0.0538  -0.0449   1.0000  -0.0612
pif          -0.0414   0.2916   0.0232   0.3393   0.7211   0.4035  -0.0612   1.0000



COEFFICIENTS OF AUTOCORRELATION
Order           1        2        3        4        5
c          0.4931   0.2727   0.1691   0.1154   0.0840
y          0.4370   0.1973   0.0919   0.0451   0.0237
r          0.2048   0.0674   0.0337   0.0215   0.0150
s          0.7909   0.6263   0.5130   0.4320   0.3711
pie        0.1911   0.0614   0.0259   0.0121   0.0059
lop        0.0970   0.0159  -0.0005  -0.0033  -0.0033
a          0.9933   0.9784   0.9584   0.9350   0.9093
pif       -0.0328  -0.0791  -0.0515  -0.0325  -0.0219
Total computing time : 0h00m10s
